20:56:11 **** Incremental Build of configuration Debug for project rsa_design_example ****
make pre-build main-build 
make[1]: Entering directory `/users/start2015/r0575928/Desktop/ddplatforms_2017/package/rsa-project/src/sdk/rsa_design_example/Debug'
a9-linaro-pre-build-step
 
make[1]: Nothing to be done for `main-build'.
make[1]: Leaving directory `/users/start2015/r0575928/Desktop/ddplatforms_2017/package/rsa-project/src/sdk/rsa_design_example/Debug'
20:56:54 **** Auto Build of configuration Debug for project rsa_design_example ****
make pre-build main-build 
make[1]: Entering directory `/users/start2015/r0575928/Desktop/ddplatforms_2017/package/rsa-project/src/sdk/rsa_design_example/Debug'
a9-linaro-pre-build-step
 
Building file: ../src/main.c
Invoking: ARM v7 gcc compiler
arm-none-eabi-gcc -Wall -O0 -g3 -c -fmessage-length=0 -MT"src/main.o" -mcpu=cortex-a9 -mfpu=vfpv3 -mfloat-abi=hard -I../../rsa_design_example_bsp/ps7_cortexa9_0/include -MMD -MP -MF"src/main.d" -MT"src/main.o" -o "src/main.o" "../src/main.c"
../src/main.c: In function 'main':
../src/main.c:130:5: warning: format '%u' expects argument of type 'unsigned int', but argument 2 has type 'uint32_t' [-Wformat=]
     STOP_TIMING
     ^
../src/main.c:130:5: warning: format '%u' expects argument of type 'unsigned int', but argument 2 has type 'uint32_t' [-Wformat=]
../src/main.c:141:15: warning: unused variable 'src' [-Wunused-variable]
  unsigned int src[DMA_TRANSFER_NUMBER_OF_WORDS]={
               ^
../src/main.c:101:9: warning: unused variable 'i' [-Wunused-variable]
     int i;
         ^
../src/main.c: In function 'test_hw_mont_decrypt':
../src/main.c:267:11: warning: unused variable 'test' [-Wunused-variable]
  uint32_t test = d_p_len;
           ^
Finished building: ../src/main.c
 
Building target: rsa_design_example.elf
Invoking: ARM v7 gcc linker
arm-none-eabi-gcc -mcpu=cortex-a9 -mfpu=vfpv3 -mfloat-abi=hard -Wl,-build-id=none -specs=Xilinx.spec -Wl,-T -Wl,../src/lscript.ld -L../../rsa_design_example_bsp/ps7_cortexa9_0/lib -o "rsa_design_example.elf"  ./src/platform/platform.o  ./src/asm_add.o ./src/asm_func.o ./src/hw.o ./src/inner_loop.o ./src/inner_loop2.o ./src/inner_loop3.o ./src/interface.o ./src/main.o ./src/sw.o ./src/testvector.o   -Wl,--start-group,-lxil,-lgcc,-lc,--end-group
Finished building target: rsa_design_example.elf
 
Invoking: ARM v7 Print Size
arm-none-eabi-size rsa_design_example.elf  |tee "rsa_design_example.elf.size"
   text	   data	    bss	    dec	    hex	filename
  84052	   5672	  23612	 113336	  1bab8	rsa_design_example.elf
Finished building: rsa_design_example.elf.size
 
make[1]: Leaving directory `/users/start2015/r0575928/Desktop/ddplatforms_2017/package/rsa-project/src/sdk/rsa_design_example/Debug'
20:57:20 **** Incremental Build of configuration Debug for project rsa_design_example ****
make pre-build main-build 
make[1]: Entering directory `/users/start2015/r0575928/Desktop/ddplatforms_2017/package/rsa-project/src/sdk/rsa_design_example/Debug'
a9-linaro-pre-build-step
 
make[1]: Nothing to be done for `main-build'.
make[1]: Leaving directory `/users/start2015/r0575928/Desktop/ddplatforms_2017/package/rsa-project/src/sdk/rsa_design_example/Debug'
20:58:39 **** Auto Build of configuration Debug for project rsa_design_example ****
make pre-build main-build 
make[1]: Entering directory `/users/start2015/r0575928/Desktop/ddplatforms_2017/package/rsa-project/src/sdk/rsa_design_example/Debug'
a9-linaro-pre-build-step
 
Building file: ../src/main.c
Invoking: ARM v7 gcc compiler
arm-none-eabi-gcc -Wall -O0 -g3 -c -fmessage-length=0 -MT"src/main.o" -mcpu=cortex-a9 -mfpu=vfpv3 -mfloat-abi=hard -I../../rsa_design_example_bsp/ps7_cortexa9_0/include -MMD -MP -MF"src/main.d" -MT"src/main.o" -o "src/main.o" "../src/main.c"
../src/main.c: In function 'main':
../src/main.c:130:5: warning: format '%u' expects argument of type 'unsigned int', but argument 2 has type 'uint32_t' [-Wformat=]
     STOP_TIMING
     ^
../src/main.c:130:5: warning: format '%u' expects argument of type 'unsigned int', but argument 2 has type 'uint32_t' [-Wformat=]
../src/main.c:141:15: warning: unused variable 'src' [-Wunused-variable]
  unsigned int src[DMA_TRANSFER_NUMBER_OF_WORDS]={
               ^
../src/main.c:101:9: warning: unused variable 'i' [-Wunused-variable]
     int i;
         ^
Finished building: ../src/main.c
 
Building target: rsa_design_example.elf
Invoking: ARM v7 gcc linker
arm-none-eabi-gcc -mcpu=cortex-a9 -mfpu=vfpv3 -mfloat-abi=hard -Wl,-build-id=none -specs=Xilinx.spec -Wl,-T -Wl,../src/lscript.ld -L../../rsa_design_example_bsp/ps7_cortexa9_0/lib -o "rsa_design_example.elf"  ./src/platform/platform.o  ./src/asm_add.o ./src/asm_func.o ./src/hw.o ./src/inner_loop.o ./src/inner_loop2.o ./src/inner_loop3.o ./src/interface.o ./src/main.o ./src/sw.o ./src/testvector.o   -Wl,--start-group,-lxil,-lgcc,-lc,--end-group
Finished building target: rsa_design_example.elf
 
Invoking: ARM v7 Print Size
arm-none-eabi-size rsa_design_example.elf  |tee "rsa_design_example.elf.size"
   text	   data	    bss	    dec	    hex	filename
  84052	   5672	  23612	 113336	  1bab8	rsa_design_example.elf
Finished building: rsa_design_example.elf.size
 
make[1]: Leaving directory `/users/start2015/r0575928/Desktop/ddplatforms_2017/package/rsa-project/src/sdk/rsa_design_example/Debug'
20:58:41 **** Incremental Build of configuration Debug for project rsa_design_example ****
make pre-build main-build 
make[1]: Entering directory `/users/start2015/r0575928/Desktop/ddplatforms_2017/package/rsa-project/src/sdk/rsa_design_example/Debug'
a9-linaro-pre-build-step
 
make[1]: Nothing to be done for `main-build'.
make[1]: Leaving directory `/users/start2015/r0575928/Desktop/ddplatforms_2017/package/rsa-project/src/sdk/rsa_design_example/Debug'
20:59:11 **** Incremental Build of configuration Debug for project rsa_design_example ****
make pre-build main-build 
make[1]: Entering directory `/users/start2015/r0575928/Desktop/ddplatforms_2017/package/rsa-project/src/sdk/rsa_design_example/Debug'
a9-linaro-pre-build-step
 
make[1]: Nothing to be done for `main-build'.
make[1]: Leaving directory `/users/start2015/r0575928/Desktop/ddplatforms_2017/package/rsa-project/src/sdk/rsa_design_example/Debug'
20:59:23 **** Incremental Build of configuration Debug for project rsa_design_example ****
make pre-build main-build 
make[1]: Entering directory `/users/start2015/r0575928/Desktop/ddplatforms_2017/package/rsa-project/src/sdk/rsa_design_example/Debug'
a9-linaro-pre-build-step
 
make[1]: Nothing to be done for `main-build'.
make[1]: Leaving directory `/users/start2015/r0575928/Desktop/ddplatforms_2017/package/rsa-project/src/sdk/rsa_design_example/Debug'
20:59:30 **** Incremental Build of configuration Debug for project rsa_design_example ****
make pre-build main-build 
make[1]: Entering directory `/users/start2015/r0575928/Desktop/ddplatforms_2017/package/rsa-project/src/sdk/rsa_design_example/Debug'
a9-linaro-pre-build-step
 
make[1]: Nothing to be done for `main-build'.
make[1]: Leaving directory `/users/start2015/r0575928/Desktop/ddplatforms_2017/package/rsa-project/src/sdk/rsa_design_example/Debug'
20:59:40 **** Incremental Build of configuration Debug for project rsa_design_example ****
make pre-build main-build 
make[1]: Entering directory `/users/start2015/r0575928/Desktop/ddplatforms_2017/package/rsa-project/src/sdk/rsa_design_example/Debug'
a9-linaro-pre-build-step
 
make[1]: Nothing to be done for `main-build'.
make[1]: Leaving directory `/users/start2015/r0575928/Desktop/ddplatforms_2017/package/rsa-project/src/sdk/rsa_design_example/Debug'
21:00:13 **** Auto Build of configuration Debug for project rsa_design_example ****
make pre-build main-build 
make[1]: Entering directory `/users/start2015/r0575928/Desktop/ddplatforms_2017/package/rsa-project/src/sdk/rsa_design_example/Debug'
a9-linaro-pre-build-step
 
Building file: ../src/main.c
Invoking: ARM v7 gcc compiler
arm-none-eabi-gcc -Wall -O0 -g3 -c -fmessage-length=0 -MT"src/main.o" -mcpu=cortex-a9 -mfpu=vfpv3 -mfloat-abi=hard -I../../rsa_design_example_bsp/ps7_cortexa9_0/include -MMD -MP -MF"src/main.d" -MT"src/main.o" -o "src/main.o" "../src/main.c"
../src/main.c: In function 'main':
../src/main.c:130:5: warning: format '%u' expects argument of type 'unsigned int', but argument 2 has type 'uint32_t' [-Wformat=]
     STOP_TIMING
     ^
../src/main.c:130:5: warning: format '%u' expects argument of type 'unsigned int', but argument 2 has type 'uint32_t' [-Wformat=]
../src/main.c:141:15: warning: unused variable 'src' [-Wunused-variable]
  unsigned int src[DMA_TRANSFER_NUMBER_OF_WORDS]={
               ^
../src/main.c:101:9: warning: unused variable 'i' [-Wunused-variable]
     int i;
         ^
Finished building: ../src/main.c
 
Building target: rsa_design_example.elf
Invoking: ARM v7 gcc linker
arm-none-eabi-gcc -mcpu=cortex-a9 -mfpu=vfpv3 -mfloat-abi=hard -Wl,-build-id=none -specs=Xilinx.spec -Wl,-T -Wl,../src/lscript.ld -L../../rsa_design_example_bsp/ps7_cortexa9_0/lib -o "rsa_design_example.elf"  ./src/platform/platform.o  ./src/asm_add.o ./src/asm_func.o ./src/hw.o ./src/inner_loop.o ./src/inner_loop2.o ./src/inner_loop3.o ./src/interface.o ./src/main.o ./src/sw.o ./src/testvector.o   -Wl,--start-group,-lxil,-lgcc,-lc,--end-group
Finished building target: rsa_design_example.elf
 
Invoking: ARM v7 Print Size
arm-none-eabi-size rsa_design_example.elf  |tee "rsa_design_example.elf.size"
   text	   data	    bss	    dec	    hex	filename
  84052	   5672	  23612	 113336	  1bab8	rsa_design_example.elf
Finished building: rsa_design_example.elf.size
 
make[1]: Leaving directory `/users/start2015/r0575928/Desktop/ddplatforms_2017/package/rsa-project/src/sdk/rsa_design_example/Debug'
21:00:17 **** Incremental Build of configuration Debug for project rsa_design_example ****
make pre-build main-build 
make[1]: Entering directory `/users/start2015/r0575928/Desktop/ddplatforms_2017/package/rsa-project/src/sdk/rsa_design_example/Debug'
a9-linaro-pre-build-step
 
make[1]: Nothing to be done for `main-build'.
make[1]: Leaving directory `/users/start2015/r0575928/Desktop/ddplatforms_2017/package/rsa-project/src/sdk/rsa_design_example/Debug'
21:00:47 **** Auto Build of configuration Debug for project rsa_design_example ****
make pre-build main-build 
make[1]: Entering directory `/users/start2015/r0575928/Desktop/ddplatforms_2017/package/rsa-project/src/sdk/rsa_design_example/Debug'
a9-linaro-pre-build-step
 
Building file: ../src/main.c
Invoking: ARM v7 gcc compiler
arm-none-eabi-gcc -Wall -O0 -g3 -c -fmessage-length=0 -MT"src/main.o" -mcpu=cortex-a9 -mfpu=vfpv3 -mfloat-abi=hard -I../../rsa_design_example_bsp/ps7_cortexa9_0/include -MMD -MP -MF"src/main.d" -MT"src/main.o" -o "src/main.o" "../src/main.c"
../src/main.c: In function 'main':
../src/main.c:130:5: warning: format '%u' expects argument of type 'unsigned int', but argument 2 has type 'uint32_t' [-Wformat=]
     STOP_TIMING
     ^
../src/main.c:130:5: warning: format '%u' expects argument of type 'unsigned int', but argument 2 has type 'uint32_t' [-Wformat=]
../src/main.c:141:15: warning: unused variable 'src' [-Wunused-variable]
  unsigned int src[DMA_TRANSFER_NUMBER_OF_WORDS]={
               ^
../src/main.c:101:9: warning: unused variable 'i' [-Wunused-variable]
     int i;
         ^
Finished building: ../src/main.c
 
Building target: rsa_design_example.elf
Invoking: ARM v7 gcc linker
arm-none-eabi-gcc -mcpu=cortex-a9 -mfpu=vfpv3 -mfloat-abi=hard -Wl,-build-id=none -specs=Xilinx.spec -Wl,-T -Wl,../src/lscript.ld -L../../rsa_design_example_bsp/ps7_cortexa9_0/lib -o "rsa_design_example.elf"  ./src/platform/platform.o  ./src/asm_add.o ./src/asm_func.o ./src/hw.o ./src/inner_loop.o ./src/inner_loop2.o ./src/inner_loop3.o ./src/interface.o ./src/main.o ./src/sw.o ./src/testvector.o   -Wl,--start-group,-lxil,-lgcc,-lc,--end-group
Finished building target: rsa_design_example.elf
 
Invoking: ARM v7 Print Size
arm-none-eabi-size rsa_design_example.elf  |tee "rsa_design_example.elf.size"
   text	   data	    bss	    dec	    hex	filename
  84052	   5672	  23612	 113336	  1bab8	rsa_design_example.elf
Finished building: rsa_design_example.elf.size
 
make[1]: Leaving directory `/users/start2015/r0575928/Desktop/ddplatforms_2017/package/rsa-project/src/sdk/rsa_design_example/Debug'
21:03:53 **** Incremental Build of configuration Debug for project rsa_design_example ****
make pre-build main-build 
make[1]: Entering directory `/users/start2015/r0575928/Desktop/ddplatforms_2017/package/rsa-project/src/sdk/rsa_design_example/Debug'
a9-linaro-pre-build-step
 
make[1]: Nothing to be done for `main-build'.
make[1]: Leaving directory `/users/start2015/r0575928/Desktop/ddplatforms_2017/package/rsa-project/src/sdk/rsa_design_example/Debug'
21:09:08 **** Incremental Build of configuration Debug for project rsa_design_example ****
make pre-build main-build 
make[1]: Entering directory `/users/start2015/r0575928/Desktop/ddplatforms_2017/package/rsa-project/src/sdk/rsa_design_example/Debug'
a9-linaro-pre-build-step
 
make[1]: Nothing to be done for `main-build'.
make[1]: Leaving directory `/users/start2015/r0575928/Desktop/ddplatforms_2017/package/rsa-project/src/sdk/rsa_design_example/Debug'
21:15:25 **** Auto Build of configuration Debug for project rsa_design_example ****
make pre-build main-build 
make[1]: Entering directory `/users/start2015/r0575928/Desktop/ddplatforms_2017/package/rsa-project/src/sdk/rsa_design_example/Debug'
a9-linaro-pre-build-step
 
Building file: ../src/hw.c
Invoking: ARM v7 gcc compiler
arm-none-eabi-gcc -Wall -O0 -g3 -c -fmessage-length=0 -MT"src/hw.o" -mcpu=cortex-a9 -mfpu=vfpv3 -mfloat-abi=hard -I../../rsa_design_example_bsp/ps7_cortexa9_0/include -MMD -MP -MF"src/hw.d" -MT"src/hw.o" -o "src/hw.o" "../src/hw.c"
../src/hw.c: In function 'hw_mod_exp':
../src/hw.c:57:11: warning: unused variable 'word' [-Wunused-variable]
  uint32_t word;
           ^
../src/hw.c:56:6: warning: unused variable 'stop' [-Wunused-variable]
  int stop = 0;
      ^
Finished building: ../src/hw.c
 
Building target: rsa_design_example.elf
Invoking: ARM v7 gcc linker
arm-none-eabi-gcc -mcpu=cortex-a9 -mfpu=vfpv3 -mfloat-abi=hard -Wl,-build-id=none -specs=Xilinx.spec -Wl,-T -Wl,../src/lscript.ld -L../../rsa_design_example_bsp/ps7_cortexa9_0/lib -o "rsa_design_example.elf"  ./src/platform/platform.o  ./src/asm_add.o ./src/asm_func.o ./src/hw.o ./src/inner_loop.o ./src/inner_loop2.o ./src/inner_loop3.o ./src/interface.o ./src/main.o ./src/sw.o ./src/testvector.o   -Wl,--start-group,-lxil,-lgcc,-lc,--end-group
Finished building target: rsa_design_example.elf
 
Invoking: ARM v7 Print Size
arm-none-eabi-size rsa_design_example.elf  |tee "rsa_design_example.elf.size"
   text	   data	    bss	    dec	    hex	filename
  84052	   5672	  23612	 113336	  1bab8	rsa_design_example.elf
Finished building: rsa_design_example.elf.size
 
make[1]: Leaving directory `/users/start2015/r0575928/Desktop/ddplatforms_2017/package/rsa-project/src/sdk/rsa_design_example/Debug'
21:15:45 **** Incremental Build of configuration Debug for project rsa_design_example ****
make pre-build main-build 
make[1]: Entering directory `/users/start2015/r0575928/Desktop/ddplatforms_2017/package/rsa-project/src/sdk/rsa_design_example/Debug'
a9-linaro-pre-build-step
 
make[1]: Nothing to be done for `main-build'.
make[1]: Leaving directory `/users/start2015/r0575928/Desktop/ddplatforms_2017/package/rsa-project/src/sdk/rsa_design_example/Debug'
21:16:57 **** Incremental Build of configuration Debug for project rsa_design_example ****
make pre-build main-build 
make[1]: Entering directory `/users/start2015/r0575928/Desktop/ddplatforms_2017/package/rsa-project/src/sdk/rsa_design_example/Debug'
a9-linaro-pre-build-step
 
make[1]: Nothing to be done for `main-build'.
make[1]: Leaving directory `/users/start2015/r0575928/Desktop/ddplatforms_2017/package/rsa-project/src/sdk/rsa_design_example/Debug'
21:17:24 **** Incremental Build of configuration Debug for project rsa_design_example ****
make pre-build main-build 
make[1]: Entering directory `/users/start2015/r0575928/Desktop/ddplatforms_2017/package/rsa-project/src/sdk/rsa_design_example/Debug'
a9-linaro-pre-build-step
 
make[1]: Nothing to be done for `main-build'.
make[1]: Leaving directory `/users/start2015/r0575928/Desktop/ddplatforms_2017/package/rsa-project/src/sdk/rsa_design_example/Debug'
21:17:44 **** Incremental Build of configuration Debug for project rsa_design_example ****
make pre-build main-build 
make[1]: Entering directory `/users/start2015/r0575928/Desktop/ddplatforms_2017/package/rsa-project/src/sdk/rsa_design_example/Debug'
a9-linaro-pre-build-step
 
make[1]: Nothing to be done for `main-build'.
make[1]: Leaving directory `/users/start2015/r0575928/Desktop/ddplatforms_2017/package/rsa-project/src/sdk/rsa_design_example/Debug'
21:27:57 **** Auto Build of configuration Debug for project rsa_design_example ****
make pre-build main-build 
make[1]: Entering directory `/users/start2015/r0575928/Desktop/ddplatforms_2017/package/rsa-project/src/sdk/rsa_design_example/Debug'
a9-linaro-pre-build-step
 
Building file: ../src/main.c
Invoking: ARM v7 gcc compiler
arm-none-eabi-gcc -Wall -O0 -g3 -c -fmessage-length=0 -MT"src/main.o" -mcpu=cortex-a9 -mfpu=vfpv3 -mfloat-abi=hard -I../../rsa_design_example_bsp/ps7_cortexa9_0/include -MMD -MP -MF"src/main.d" -MT"src/main.o" -o "src/main.o" "../src/main.c"
../src/main.c: In function 'main':
../src/main.c:135:5: warning: format '%u' expects argument of type 'unsigned int', but argument 2 has type 'uint32_t' [-Wformat=]
     STOP_TIMING
     ^
../src/main.c:135:5: warning: format '%u' expects argument of type 'unsigned int', but argument 2 has type 'uint32_t' [-Wformat=]
../src/main.c:146:15: warning: unused variable 'src' [-Wunused-variable]
  unsigned int src[DMA_TRANSFER_NUMBER_OF_WORDS]={
               ^
../src/main.c:106:9: warning: unused variable 'i' [-Wunused-variable]
     int i;
         ^
Finished building: ../src/main.c
 
Building target: rsa_design_example.elf
Invoking: ARM v7 gcc linker
arm-none-eabi-gcc -mcpu=cortex-a9 -mfpu=vfpv3 -mfloat-abi=hard -Wl,-build-id=none -specs=Xilinx.spec -Wl,-T -Wl,../src/lscript.ld -L../../rsa_design_example_bsp/ps7_cortexa9_0/lib -o "rsa_design_example.elf"  ./src/platform/platform.o  ./src/asm_add.o ./src/asm_func.o ./src/hw.o ./src/inner_loop.o ./src/inner_loop2.o ./src/inner_loop3.o ./src/interface.o ./src/main.o ./src/sw.o ./src/testvector.o   -Wl,--start-group,-lxil,-lgcc,-lc,--end-group
./src/testvector.o:(.data+0x80): multiple definition of `p'
./src/main.o:(.data+0x644): first defined here
./src/testvector.o:(.data+0x284): multiple definition of `d_p'
./src/main.o:(.data+0x604): first defined here
collect2: error: ld returned 1 exit status
make[1]: Leaving directory `/users/start2015/r0575928/Desktop/ddplatforms_2017/package/rsa-project/src/sdk/rsa_design_example/Debug'
make[1]: *** [rsa_design_example.elf] Error 1
21:28:04 **** Incremental Build of configuration Debug for project rsa_design_example ****
make pre-build main-build 
make[1]: Entering directory `/users/start2015/r0575928/Desktop/ddplatforms_2017/package/rsa-project/src/sdk/rsa_design_example/Debug'
a9-linaro-pre-build-step
 
Building target: rsa_design_example.elf
Invoking: ARM v7 gcc linker
arm-none-eabi-gcc -mcpu=cortex-a9 -mfpu=vfpv3 -mfloat-abi=hard -Wl,-build-id=none -specs=Xilinx.spec -Wl,-T -Wl,../src/lscript.ld -L../../rsa_design_example_bsp/ps7_cortexa9_0/lib -o "rsa_design_example.elf"  ./src/platform/platform.o  ./src/asm_add.o ./src/asm_func.o ./src/hw.o ./src/inner_loop.o ./src/inner_loop2.o ./src/inner_loop3.o ./src/interface.o ./src/main.o ./src/sw.o ./src/testvector.o   -Wl,--start-group,-lxil,-lgcc,-lc,--end-group
./src/testvector.o:(.data+0x80): multiple definition of `p'
make[1]: Leaving directory `/users/start2015/r0575928/Desktop/ddplatforms_2017/package/rsa-project/src/sdk/rsa_design_example/Debug'
./src/main.o:(.data+0x644): first defined here
./src/testvector.o:(.data+0x284): multiple definition of `d_p'
./src/main.o:(.data+0x604): first defined here
collect2: error: ld returned 1 exit status
make[1]: *** [rsa_design_example.elf] Error 1
21:28:14 **** Incremental Build of configuration Debug for project rsa_design_example ****
make pre-build main-build 
make[1]: Entering directory `/users/start2015/r0575928/Desktop/ddplatforms_2017/package/rsa-project/src/sdk/rsa_design_example/Debug'
a9-linaro-pre-build-step
 
Building target: rsa_design_example.elf
Invoking: ARM v7 gcc linker
arm-none-eabi-gcc -mcpu=cortex-a9 -mfpu=vfpv3 -mfloat-abi=hard -Wl,-build-id=none -specs=Xilinx.spec -Wl,-T -Wl,../src/lscript.ld -L../../rsa_design_example_bsp/ps7_cortexa9_0/lib -o "rsa_design_example.elf"  ./src/platform/platform.o  ./src/asm_add.o ./src/asm_func.o ./src/hw.o ./src/inner_loop.o ./src/inner_loop2.o ./src/inner_loop3.o ./src/interface.o ./src/main.o ./src/sw.o ./src/testvector.o   -Wl,--start-group,-lxil,-lgcc,-lc,--end-group
./src/testvector.o:(.data+0x80): multiple definition of `p'
./src/main.o:(.data+0x644): first defined here
./src/testvector.o:(.data+0x284): multiple definition of `d_p'
./src/main.o:(.data+0x604): first defined here
collect2: error: ld returned 1 exit status
make[1]: Leaving directory `/users/start2015/r0575928/Desktop/ddplatforms_2017/package/rsa-project/src/sdk/rsa_design_example/Debug'
make[1]: *** [rsa_design_example.elf] Error 1
21:28:54 **** Incremental Build of configuration Debug for project rsa_design_example ****
make pre-build main-build 
make[1]: Entering directory `/users/start2015/r0575928/Desktop/ddplatforms_2017/package/rsa-project/src/sdk/rsa_design_example/Debug'
a9-linaro-pre-build-step
 
Building target: rsa_design_example.elf
Invoking: ARM v7 gcc linker
arm-none-eabi-gcc -mcpu=cortex-a9 -mfpu=vfpv3 -mfloat-abi=hard -Wl,-build-id=none -specs=Xilinx.spec -Wl,-T -Wl,../src/lscript.ld -L../../rsa_design_example_bsp/ps7_cortexa9_0/lib -o "rsa_design_example.elf"  ./src/platform/platform.o  ./src/asm_add.o ./src/asm_func.o ./src/hw.o ./src/inner_loop.o ./src/inner_loop2.o ./src/inner_loop3.o ./src/interface.o ./src/main.o ./src/sw.o ./src/testvector.o   -Wl,--start-group,-lxil,-lgcc,-lc,--end-group
./src/testvector.o:(.data+0x80): multiple definition of `p'
make[1]: Leaving directory `/users/start2015/r0575928/Desktop/ddplatforms_2017/package/rsa-project/src/sdk/rsa_design_example/Debug'
./src/main.o:(.data+0x644): first defined here
./src/testvector.o:(.data+0x284): multiple definition of `d_p'
./src/main.o:(.data+0x604): first defined here
collect2: error: ld returned 1 exit status
make[1]: *** [rsa_design_example.elf] Error 1
21:30:04 **** Auto Build of configuration Debug for project rsa_design_example ****
make pre-build main-build 
make[1]: Entering directory `/users/start2015/r0575928/Desktop/ddplatforms_2017/package/rsa-project/src/sdk/rsa_design_example/Debug'
a9-linaro-pre-build-step
 
Building file: ../src/main.c
Invoking: ARM v7 gcc compiler
arm-none-eabi-gcc -Wall -O0 -g3 -c -fmessage-length=0 -MT"src/main.o" -mcpu=cortex-a9 -mfpu=vfpv3 -mfloat-abi=hard -I../../rsa_design_example_bsp/ps7_cortexa9_0/include -MMD -MP -MF"src/main.d" -MT"src/main.o" -o "src/main.o" "../src/main.c"
../src/main.c: In function 'main':
../src/main.c:134:5: warning: format '%u' expects argument of type 'unsigned int', but argument 2 has type 'uint32_t' [-Wformat=]
     STOP_TIMING
     ^
../src/main.c:134:5: warning: format '%u' expects argument of type 'unsigned int', but argument 2 has type 'uint32_t' [-Wformat=]
../src/main.c:145:15: warning: unused variable 'src' [-Wunused-variable]
  unsigned int src[DMA_TRANSFER_NUMBER_OF_WORDS]={
               ^
../src/main.c:105:9: warning: unused variable 'i' [-Wunused-variable]
     int i;
         ^
Finished building: ../src/main.c
 
Building target: rsa_design_example.elf
Invoking: ARM v7 gcc linker
arm-none-eabi-gcc -mcpu=cortex-a9 -mfpu=vfpv3 -mfloat-abi=hard -Wl,-build-id=none -specs=Xilinx.spec -Wl,-T -Wl,../src/lscript.ld -L../../rsa_design_example_bsp/ps7_cortexa9_0/lib -o "rsa_design_example.elf"  ./src/platform/platform.o  ./src/asm_add.o ./src/asm_func.o ./src/hw.o ./src/inner_loop.o ./src/inner_loop2.o ./src/inner_loop3.o ./src/interface.o ./src/main.o ./src/sw.o ./src/testvector.o   -Wl,--start-group,-lxil,-lgcc,-lc,--end-group
./src/testvector.o:(.data+0x284): multiple definition of `d_p'
./src/main.o:(.data+0x604): first defined here
collect2: error: ld returned 1 exit status
make[1]: *** [rsa_design_example.elf] Error 1
make[1]: Leaving directory `/users/start2015/r0575928/Desktop/ddplatforms_2017/package/rsa-project/src/sdk/rsa_design_example/Debug'
21:30:17 **** Auto Build of configuration Debug for project rsa_design_example ****
make pre-build main-build 
make[1]: Entering directory `/users/start2015/r0575928/Desktop/ddplatforms_2017/package/rsa-project/src/sdk/rsa_design_example/Debug'
a9-linaro-pre-build-step
 
Building file: ../src/main.c
Invoking: ARM v7 gcc compiler
arm-none-eabi-gcc -Wall -O0 -g3 -c -fmessage-length=0 -MT"src/main.o" -mcpu=cortex-a9 -mfpu=vfpv3 -mfloat-abi=hard -I../../rsa_design_example_bsp/ps7_cortexa9_0/include -MMD -MP -MF"src/main.d" -MT"src/main.o" -o "src/main.o" "../src/main.c"
../src/main.c: In function 'main':
../src/main.c:133:5: warning: format '%u' expects argument of type 'unsigned int', but argument 2 has type 'uint32_t' [-Wformat=]
     STOP_TIMING
     ^
../src/main.c:133:5: warning: format '%u' expects argument of type 'unsigned int', but argument 2 has type 'uint32_t' [-Wformat=]
../src/main.c:144:15: warning: unused variable 'src' [-Wunused-variable]
  unsigned int src[DMA_TRANSFER_NUMBER_OF_WORDS]={
               ^
../src/main.c:104:9: warning: unused variable 'i' [-Wunused-variable]
     int i;
         ^
Finished building: ../src/main.c
 
Building target: rsa_design_example.elf
Invoking: ARM v7 gcc linker
arm-none-eabi-gcc -mcpu=cortex-a9 -mfpu=vfpv3 -mfloat-abi=hard -Wl,-build-id=none -specs=Xilinx.spec -Wl,-T -Wl,../src/lscript.ld -L../../rsa_design_example_bsp/ps7_cortexa9_0/lib -o "rsa_design_example.elf"  ./src/platform/platform.o  ./src/asm_add.o ./src/asm_func.o ./src/hw.o ./src/inner_loop.o ./src/inner_loop2.o ./src/inner_loop3.o ./src/interface.o ./src/main.o ./src/sw.o ./src/testvector.o   -Wl,--start-group,-lxil,-lgcc,-lc,--end-group
Finished building target: rsa_design_example.elf
 
Invoking: ARM v7 Print Size
arm-none-eabi-size rsa_design_example.elf  |tee "rsa_design_example.elf.size"
   text	   data	    bss	    dec	    hex	filename
  84052	   5800	  23612	 113464	  1bb38	rsa_design_example.elf
Finished building: rsa_design_example.elf.size
 
make[1]: Leaving directory `/users/start2015/r0575928/Desktop/ddplatforms_2017/package/rsa-project/src/sdk/rsa_design_example/Debug'
21:30:28 **** Incremental Build of configuration Debug for project rsa_design_example ****
make pre-build main-build 
make[1]: Entering directory `/users/start2015/r0575928/Desktop/ddplatforms_2017/package/rsa-project/src/sdk/rsa_design_example/Debug'
a9-linaro-pre-build-step
 
make[1]: Nothing to be done for `main-build'.
make[1]: Leaving directory `/users/start2015/r0575928/Desktop/ddplatforms_2017/package/rsa-project/src/sdk/rsa_design_example/Debug'
21:33:02 **** Auto Build of configuration Debug for project rsa_design_example ****
make pre-build main-build 
make[1]: Entering directory `/users/start2015/r0575928/Desktop/ddplatforms_2017/package/rsa-project/src/sdk/rsa_design_example/Debug'
a9-linaro-pre-build-step
 
Building file: ../src/main.c
Invoking: ARM v7 gcc compiler
arm-none-eabi-gcc -Wall -O0 -g3 -c -fmessage-length=0 -MT"src/main.o" -mcpu=cortex-a9 -mfpu=vfpv3 -mfloat-abi=hard -I../../rsa_design_example_bsp/ps7_cortexa9_0/include -MMD -MP -MF"src/main.d" -MT"src/main.o" -o "src/main.o" "../src/main.c"
../src/main.c: In function 'main':
../src/main.c:133:5: warning: format '%u' expects argument of type 'unsigned int', but argument 2 has type 'uint32_t' [-Wformat=]
     STOP_TIMING
     ^
../src/main.c:133:5: warning: format '%u' expects argument of type 'unsigned int', but argument 2 has type 'uint32_t' [-Wformat=]
../src/main.c:144:15: warning: unused variable 'src' [-Wunused-variable]
  unsigned int src[DMA_TRANSFER_NUMBER_OF_WORDS]={
               ^
../src/main.c:104:9: warning: unused variable 'i' [-Wunused-variable]
     int i;
         ^
Finished building: ../src/main.c
 
Building target: rsa_design_example.elf
Invoking: ARM v7 gcc linker
arm-none-eabi-gcc -mcpu=cortex-a9 -mfpu=vfpv3 -mfloat-abi=hard -Wl,-build-id=none -specs=Xilinx.spec -Wl,-T -Wl,../src/lscript.ld -L../../rsa_design_example_bsp/ps7_cortexa9_0/lib -o "rsa_design_example.elf"  ./src/platform/platform.o  ./src/asm_add.o ./src/asm_func.o ./src/hw.o ./src/inner_loop.o ./src/inner_loop2.o ./src/inner_loop3.o ./src/interface.o ./src/main.o ./src/sw.o ./src/testvector.o   -Wl,--start-group,-lxil,-lgcc,-lc,--end-group
Finished building target: rsa_design_example.elf
 
Invoking: ARM v7 Print Size
arm-none-eabi-size rsa_design_example.elf  |tee "rsa_design_example.elf.size"
   text	   data	    bss	    dec	    hex	filename
  84052	   5800	  23612	 113464	  1bb38	rsa_design_example.elf
Finished building: rsa_design_example.elf.size
 
make[1]: Leaving directory `/users/start2015/r0575928/Desktop/ddplatforms_2017/package/rsa-project/src/sdk/rsa_design_example/Debug'
21:33:10 **** Incremental Build of configuration Debug for project rsa_design_example ****
make pre-build main-build 
make[1]: Entering directory `/users/start2015/r0575928/Desktop/ddplatforms_2017/package/rsa-project/src/sdk/rsa_design_example/Debug'
a9-linaro-pre-build-step
 
make[1]: Nothing to be done for `main-build'.
make[1]: Leaving directory `/users/start2015/r0575928/Desktop/ddplatforms_2017/package/rsa-project/src/sdk/rsa_design_example/Debug'
21:33:18 **** Incremental Build of configuration Debug for project rsa_design_example ****
make pre-build main-build 
make[1]: Entering directory `/users/start2015/r0575928/Desktop/ddplatforms_2017/package/rsa-project/src/sdk/rsa_design_example/Debug'
a9-linaro-pre-build-step
 
make[1]: Nothing to be done for `main-build'.
make[1]: Leaving directory `/users/start2015/r0575928/Desktop/ddplatforms_2017/package/rsa-project/src/sdk/rsa_design_example/Debug'
21:34:40 **** Auto Build of configuration Debug for project rsa_design_example ****
make pre-build main-build 
make[1]: Entering directory `/users/start2015/r0575928/Desktop/ddplatforms_2017/package/rsa-project/src/sdk/rsa_design_example/Debug'
a9-linaro-pre-build-step
 
Building file: ../src/main.c
Invoking: ARM v7 gcc compiler
arm-none-eabi-gcc -Wall -O0 -g3 -c -fmessage-length=0 -MT"src/main.o" -mcpu=cortex-a9 -mfpu=vfpv3 -mfloat-abi=hard -I../../rsa_design_example_bsp/ps7_cortexa9_0/include -MMD -MP -MF"src/main.d" -MT"src/main.o" -o "src/main.o" "../src/main.c"
../src/main.c: In function 'main':
../src/main.c:133:5: warning: format '%u' expects argument of type 'unsigned int', but argument 2 has type 'uint32_t' [-Wformat=]
     STOP_TIMING
     ^
../src/main.c:133:5: warning: format '%u' expects argument of type 'unsigned int', but argument 2 has type 'uint32_t' [-Wformat=]
../src/main.c:144:15: warning: unused variable 'src' [-Wunused-variable]
  unsigned int src[DMA_TRANSFER_NUMBER_OF_WORDS]={
               ^
../src/main.c:104:9: warning: unused variable 'i' [-Wunused-variable]
     int i;
         ^
Finished building: ../src/main.c
 
Building target: rsa_design_example.elf
Invoking: ARM v7 gcc linker
arm-none-eabi-gcc -mcpu=cortex-a9 -mfpu=vfpv3 -mfloat-abi=hard -Wl,-build-id=none -specs=Xilinx.spec -Wl,-T -Wl,../src/lscript.ld -L../../rsa_design_example_bsp/ps7_cortexa9_0/lib -o "rsa_design_example.elf"  ./src/platform/platform.o  ./src/asm_add.o ./src/asm_func.o ./src/hw.o ./src/inner_loop.o ./src/inner_loop2.o ./src/inner_loop3.o ./src/interface.o ./src/main.o ./src/sw.o ./src/testvector.o   -Wl,--start-group,-lxil,-lgcc,-lc,--end-group
Finished building target: rsa_design_example.elf
 
Invoking: ARM v7 Print Size
arm-none-eabi-size rsa_design_example.elf  |tee "rsa_design_example.elf.size"
   text	   data	    bss	    dec	    hex	filename
  84052	   5800	  23612	 113464	  1bb38	rsa_design_example.elf
Finished building: rsa_design_example.elf.size
 
make[1]: Leaving directory `/users/start2015/r0575928/Desktop/ddplatforms_2017/package/rsa-project/src/sdk/rsa_design_example/Debug'
21:35:10 **** Incremental Build of configuration Debug for project rsa_design_example ****
make pre-build main-build 
make[1]: Entering directory `/users/start2015/r0575928/Desktop/ddplatforms_2017/package/rsa-project/src/sdk/rsa_design_example/Debug'
a9-linaro-pre-build-step
 
make[1]: Nothing to be done for `main-build'.
make[1]: Leaving directory `/users/start2015/r0575928/Desktop/ddplatforms_2017/package/rsa-project/src/sdk/rsa_design_example/Debug'
21:37:19 **** Auto Build of configuration Debug for project rsa_design_example ****
make pre-build main-build 
make[1]: Entering directory `/users/start2015/r0575928/Desktop/ddplatforms_2017/package/rsa-project/src/sdk/rsa_design_example/Debug'
a9-linaro-pre-build-step
 
Building file: ../src/main.c
Invoking: ARM v7 gcc compiler
arm-none-eabi-gcc -Wall -O0 -g3 -c -fmessage-length=0 -MT"src/main.o" -mcpu=cortex-a9 -mfpu=vfpv3 -mfloat-abi=hard -I../../rsa_design_example_bsp/ps7_cortexa9_0/include -MMD -MP -MF"src/main.d" -MT"src/main.o" -o "src/main.o" "../src/main.c"
../src/main.c: In function 'main':
../src/main.c:133:5: warning: format '%u' expects argument of type 'unsigned int', but argument 2 has type 'uint32_t' [-Wformat=]
     STOP_TIMING
     ^
../src/main.c:133:5: warning: format '%u' expects argument of type 'unsigned int', but argument 2 has type 'uint32_t' [-Wformat=]
../src/main.c:144:15: warning: unused variable 'src' [-Wunused-variable]
  unsigned int src[DMA_TRANSFER_NUMBER_OF_WORDS]={
               ^
../src/main.c:104:9: warning: unused variable 'i' [-Wunused-variable]
     int i;
         ^
Finished building: ../src/main.c
 
Building target: rsa_design_example.elf
Invoking: ARM v7 gcc linker
arm-none-eabi-gcc -mcpu=cortex-a9 -mfpu=vfpv3 -mfloat-abi=hard -Wl,-build-id=none -specs=Xilinx.spec -Wl,-T -Wl,../src/lscript.ld -L../../rsa_design_example_bsp/ps7_cortexa9_0/lib -o "rsa_design_example.elf"  ./src/platform/platform.o  ./src/asm_add.o ./src/asm_func.o ./src/hw.o ./src/inner_loop.o ./src/inner_loop2.o ./src/inner_loop3.o ./src/interface.o ./src/main.o ./src/sw.o ./src/testvector.o   -Wl,--start-group,-lxil,-lgcc,-lc,--end-group
Finished building target: rsa_design_example.elf
 
Invoking: ARM v7 Print Size
arm-none-eabi-size rsa_design_example.elf  |tee "rsa_design_example.elf.size"
   text	   data	    bss	    dec	    hex	filename
  84052	   5800	  23612	 113464	  1bb38	rsa_design_example.elf
Finished building: rsa_design_example.elf.size
 
make[1]: Leaving directory `/users/start2015/r0575928/Desktop/ddplatforms_2017/package/rsa-project/src/sdk/rsa_design_example/Debug'
21:37:23 **** Incremental Build of configuration Debug for project rsa_design_example ****
make pre-build main-build 
make[1]: Entering directory `/users/start2015/r0575928/Desktop/ddplatforms_2017/package/rsa-project/src/sdk/rsa_design_example/Debug'
a9-linaro-pre-build-step
 
make[1]: Nothing to be done for `main-build'.
make[1]: Leaving directory `/users/start2015/r0575928/Desktop/ddplatforms_2017/package/rsa-project/src/sdk/rsa_design_example/Debug'
21:37:50 **** Incremental Build of configuration Debug for project rsa_design_example ****
make pre-build main-build 
make[1]: Entering directory `/users/start2015/r0575928/Desktop/ddplatforms_2017/package/rsa-project/src/sdk/rsa_design_example/Debug'
a9-linaro-pre-build-step
 
make[1]: Nothing to be done for `main-build'.
make[1]: Leaving directory `/users/start2015/r0575928/Desktop/ddplatforms_2017/package/rsa-project/src/sdk/rsa_design_example/Debug'
21:38:54 **** Incremental Build of configuration Debug for project rsa_design_example ****
make pre-build main-build 
make[1]: Entering directory `/users/start2015/r0575928/Desktop/ddplatforms_2017/package/rsa-project/src/sdk/rsa_design_example/Debug'
a9-linaro-pre-build-step
 
make[1]: Nothing to be done for `main-build'.
make[1]: Leaving directory `/users/start2015/r0575928/Desktop/ddplatforms_2017/package/rsa-project/src/sdk/rsa_design_example/Debug'
21:39:26 **** Auto Build of configuration Debug for project rsa_design_example ****
make pre-build main-build 
make[1]: Entering directory `/users/start2015/r0575928/Desktop/ddplatforms_2017/package/rsa-project/src/sdk/rsa_design_example/Debug'
a9-linaro-pre-build-step
 
Building file: ../src/main.c
Invoking: ARM v7 gcc compiler
arm-none-eabi-gcc -Wall -O0 -g3 -c -fmessage-length=0 -MT"src/main.o" -mcpu=cortex-a9 -mfpu=vfpv3 -mfloat-abi=hard -I../../rsa_design_example_bsp/ps7_cortexa9_0/include -MMD -MP -MF"src/main.d" -MT"src/main.o" -o "src/main.o" "../src/main.c"
../src/main.c: In function 'main':
../src/main.c:133:5: warning: format '%u' expects argument of type 'unsigned int', but argument 2 has type 'uint32_t' [-Wformat=]
     STOP_TIMING
     ^
../src/main.c:133:5: warning: format '%u' expects argument of type 'unsigned int', but argument 2 has type 'uint32_t' [-Wformat=]
../src/main.c:144:15: warning: unused variable 'src' [-Wunused-variable]
  unsigned int src[DMA_TRANSFER_NUMBER_OF_WORDS]={
               ^
../src/main.c:104:9: warning: unused variable 'i' [-Wunused-variable]
     int i;
         ^
Finished building: ../src/main.c
 
Building target: rsa_design_example.elf
Invoking: ARM v7 gcc linker
arm-none-eabi-gcc -mcpu=cortex-a9 -mfpu=vfpv3 -mfloat-abi=hard -Wl,-build-id=none -specs=Xilinx.spec -Wl,-T -Wl,../src/lscript.ld -L../../rsa_design_example_bsp/ps7_cortexa9_0/lib -o "rsa_design_example.elf"  ./src/platform/platform.o  ./src/asm_add.o ./src/asm_func.o ./src/hw.o ./src/inner_loop.o ./src/inner_loop2.o ./src/inner_loop3.o ./src/interface.o ./src/main.o ./src/sw.o ./src/testvector.o   -Wl,--start-group,-lxil,-lgcc,-lc,--end-group
Finished building target: rsa_design_example.elf
 
Invoking: ARM v7 Print Size
arm-none-eabi-size rsa_design_example.elf  |tee "rsa_design_example.elf.size"
   text	   data	    bss	    dec	    hex	filename
  84052	   5800	  23612	 113464	  1bb38	rsa_design_example.elf
Finished building: rsa_design_example.elf.size
 
make[1]: Leaving directory `/users/start2015/r0575928/Desktop/ddplatforms_2017/package/rsa-project/src/sdk/rsa_design_example/Debug'
21:40:43 **** Auto Build of configuration Debug for project rsa_design_example ****
make pre-build main-build 
make[1]: Entering directory `/users/start2015/r0575928/Desktop/ddplatforms_2017/package/rsa-project/src/sdk/rsa_design_example/Debug'
a9-linaro-pre-build-step
 
Building file: ../src/main.c
Invoking: ARM v7 gcc compiler
arm-none-eabi-gcc -Wall -O0 -g3 -c -fmessage-length=0 -MT"src/main.o" -mcpu=cortex-a9 -mfpu=vfpv3 -mfloat-abi=hard -I../../rsa_design_example_bsp/ps7_cortexa9_0/include -MMD -MP -MF"src/main.d" -MT"src/main.o" -o "src/main.o" "../src/main.c"
../src/main.c: In function 'main':
../src/main.c:133:5: warning: format '%u' expects argument of type 'unsigned int', but argument 2 has type 'uint32_t' [-Wformat=]
     STOP_TIMING
     ^
../src/main.c:133:5: warning: format '%u' expects argument of type 'unsigned int', but argument 2 has type 'uint32_t' [-Wformat=]
../src/main.c:144:15: warning: unused variable 'src' [-Wunused-variable]
  unsigned int src[DMA_TRANSFER_NUMBER_OF_WORDS]={
               ^
../src/main.c:104:9: warning: unused variable 'i' [-Wunused-variable]
     int i;
         ^
Finished building: ../src/main.c
 
Building target: rsa_design_example.elf
Invoking: ARM v7 gcc linker
arm-none-eabi-gcc -mcpu=cortex-a9 -mfpu=vfpv3 -mfloat-abi=hard -Wl,-build-id=none -specs=Xilinx.spec -Wl,-T -Wl,../src/lscript.ld -L../../rsa_design_example_bsp/ps7_cortexa9_0/lib -o "rsa_design_example.elf"  ./src/platform/platform.o  ./src/asm_add.o ./src/asm_func.o ./src/hw.o ./src/inner_loop.o ./src/inner_loop2.o ./src/inner_loop3.o ./src/interface.o ./src/main.o ./src/sw.o ./src/testvector.o   -Wl,--start-group,-lxil,-lgcc,-lc,--end-group
Finished building target: rsa_design_example.elf
 
Invoking: ARM v7 Print Size
arm-none-eabi-size rsa_design_example.elf  |tee "rsa_design_example.elf.size"
   text	   data	    bss	    dec	    hex	filename
  84052	   5800	  23612	 113464	  1bb38	rsa_design_example.elf
Finished building: rsa_design_example.elf.size
 
make[1]: Leaving directory `/users/start2015/r0575928/Desktop/ddplatforms_2017/package/rsa-project/src/sdk/rsa_design_example/Debug'
21:40:47 **** Incremental Build of configuration Debug for project rsa_design_example ****
make pre-build main-build 
make[1]: Entering directory `/users/start2015/r0575928/Desktop/ddplatforms_2017/package/rsa-project/src/sdk/rsa_design_example/Debug'
a9-linaro-pre-build-step
 
make[1]: Nothing to be done for `main-build'.
make[1]: Leaving directory `/users/start2015/r0575928/Desktop/ddplatforms_2017/package/rsa-project/src/sdk/rsa_design_example/Debug'
21:46:14 **** Incremental Build of configuration Debug for project rsa_design_example ****
make pre-build main-build 
make[1]: Entering directory `/users/start2015/r0575928/Desktop/ddplatforms_2017/package/rsa-project/src/sdk/rsa_design_example/Debug'
a9-linaro-pre-build-step
 
make[1]: Nothing to be done for `main-build'.
make[1]: Leaving directory `/users/start2015/r0575928/Desktop/ddplatforms_2017/package/rsa-project/src/sdk/rsa_design_example/Debug'
21:46:37 **** Incremental Build of configuration Debug for project rsa_design_example ****
make pre-build main-build 
make[1]: Entering directory `/users/start2015/r0575928/Desktop/ddplatforms_2017/package/rsa-project/src/sdk/rsa_design_example/Debug'
a9-linaro-pre-build-step
 
make[1]: Nothing to be done for `main-build'.
make[1]: Leaving directory `/users/start2015/r0575928/Desktop/ddplatforms_2017/package/rsa-project/src/sdk/rsa_design_example/Debug'
21:47:09 **** Incremental Build of configuration Debug for project rsa_design_example ****
make pre-build main-build 
make[1]: Entering directory `/users/start2015/r0575928/Desktop/ddplatforms_2017/package/rsa-project/src/sdk/rsa_design_example/Debug'
a9-linaro-pre-build-step
 
make[1]: Nothing to be done for `main-build'.
make[1]: Leaving directory `/users/start2015/r0575928/Desktop/ddplatforms_2017/package/rsa-project/src/sdk/rsa_design_example/Debug'
21:48:04 **** Auto Build of configuration Debug for project rsa_design_example ****
make pre-build main-build 
make[1]: Entering directory `/users/start2015/r0575928/Desktop/ddplatforms_2017/package/rsa-project/src/sdk/rsa_design_example/Debug'
a9-linaro-pre-build-step
 
Building file: ../src/main.c
Invoking: ARM v7 gcc compiler
arm-none-eabi-gcc -Wall -O0 -g3 -c -fmessage-length=0 -MT"src/main.o" -mcpu=cortex-a9 -mfpu=vfpv3 -mfloat-abi=hard -I../../rsa_design_example_bsp/ps7_cortexa9_0/include -MMD -MP -MF"src/main.d" -MT"src/main.o" -o "src/main.o" "../src/main.c"
../src/main.c: In function 'main':
../src/main.c:133:5: warning: format '%u' expects argument of type 'unsigned int', but argument 2 has type 'uint32_t' [-Wformat=]
     STOP_TIMING
     ^
../src/main.c:133:5: warning: format '%u' expects argument of type 'unsigned int', but argument 2 has type 'uint32_t' [-Wformat=]
../src/main.c:144:15: warning: unused variable 'src' [-Wunused-variable]
  unsigned int src[DMA_TRANSFER_NUMBER_OF_WORDS]={
               ^
../src/main.c:104:9: warning: unused variable 'i' [-Wunused-variable]
     int i;
         ^
Finished building: ../src/main.c
 
Building target: rsa_design_example.elf
Invoking: ARM v7 gcc linker
arm-none-eabi-gcc -mcpu=cortex-a9 -mfpu=vfpv3 -mfloat-abi=hard -Wl,-build-id=none -specs=Xilinx.spec -Wl,-T -Wl,../src/lscript.ld -L../../rsa_design_example_bsp/ps7_cortexa9_0/lib -o "rsa_design_example.elf"  ./src/platform/platform.o  ./src/asm_add.o ./src/asm_func.o ./src/hw.o ./src/inner_loop.o ./src/inner_loop2.o ./src/inner_loop3.o ./src/interface.o ./src/main.o ./src/sw.o ./src/testvector.o   -Wl,--start-group,-lxil,-lgcc,-lc,--end-group
Finished building target: rsa_design_example.elf
 
Invoking: ARM v7 Print Size
arm-none-eabi-size rsa_design_example.elf  |tee "rsa_design_example.elf.size"
   text	   data	    bss	    dec	    hex	filename
  84052	   5800	  23612	 113464	  1bb38	rsa_design_example.elf
Finished building: rsa_design_example.elf.size
 
make[1]: Leaving directory `/users/start2015/r0575928/Desktop/ddplatforms_2017/package/rsa-project/src/sdk/rsa_design_example/Debug'
21:48:06 **** Incremental Build of configuration Debug for project rsa_design_example ****
make pre-build main-build 
make[1]: Entering directory `/users/start2015/r0575928/Desktop/ddplatforms_2017/package/rsa-project/src/sdk/rsa_design_example/Debug'
a9-linaro-pre-build-step
 
make[1]: Nothing to be done for `main-build'.
make[1]: Leaving directory `/users/start2015/r0575928/Desktop/ddplatforms_2017/package/rsa-project/src/sdk/rsa_design_example/Debug'
21:49:39 **** Incremental Build of configuration Debug for project rsa_design_example ****
make pre-build main-build 
make[1]: Entering directory `/users/start2015/r0575928/Desktop/ddplatforms_2017/package/rsa-project/src/sdk/rsa_design_example/Debug'
a9-linaro-pre-build-step
 
make[1]: Nothing to be done for `main-build'.
make[1]: Leaving directory `/users/start2015/r0575928/Desktop/ddplatforms_2017/package/rsa-project/src/sdk/rsa_design_example/Debug'
21:49:51 **** Incremental Build of configuration Debug for project rsa_design_example ****
make pre-build main-build 
make[1]: Entering directory `/users/start2015/r0575928/Desktop/ddplatforms_2017/package/rsa-project/src/sdk/rsa_design_example/Debug'
a9-linaro-pre-build-step
 
make[1]: Nothing to be done for `main-build'.
make[1]: Leaving directory `/users/start2015/r0575928/Desktop/ddplatforms_2017/package/rsa-project/src/sdk/rsa_design_example/Debug'
21:50:27 **** Incremental Build of configuration Debug for project rsa_design_example ****
make pre-build main-build 
make[1]: Entering directory `/users/start2015/r0575928/Desktop/ddplatforms_2017/package/rsa-project/src/sdk/rsa_design_example/Debug'
a9-linaro-pre-build-step
 
make[1]: Nothing to be done for `main-build'.
make[1]: Leaving directory `/users/start2015/r0575928/Desktop/ddplatforms_2017/package/rsa-project/src/sdk/rsa_design_example/Debug'
21:58:32 **** Auto Build of configuration Debug for project rsa_design_example ****
make pre-build main-build 
make[1]: Entering directory `/users/start2015/r0575928/Desktop/ddplatforms_2017/package/rsa-project/src/sdk/rsa_design_example/Debug'
a9-linaro-pre-build-step
 
Building file: ../src/hw.c
Invoking: ARM v7 gcc compiler
arm-none-eabi-gcc -Wall -O0 -g3 -c -fmessage-length=0 -MT"src/hw.o" -mcpu=cortex-a9 -mfpu=vfpv3 -mfloat-abi=hard -I../../rsa_design_example_bsp/ps7_cortexa9_0/include -MMD -MP -MF"src/hw.d" -MT"src/hw.o" -o "src/hw.o" "../src/hw.c"
../src/hw.c: In function 'hw_mod_exp':
../src/hw.c:57:11: warning: unused variable 'word' [-Wunused-variable]
  uint32_t word;
           ^
../src/hw.c:56:6: warning: unused variable 'stop' [-Wunused-variable]
  int stop = 0;
      ^
Finished building: ../src/hw.c
 
Building target: rsa_design_example.elf
Invoking: ARM v7 gcc linker
arm-none-eabi-gcc -mcpu=cortex-a9 -mfpu=vfpv3 -mfloat-abi=hard -Wl,-build-id=none -specs=Xilinx.spec -Wl,-T -Wl,../src/lscript.ld -L../../rsa_design_example_bsp/ps7_cortexa9_0/lib -o "rsa_design_example.elf"  ./src/platform/platform.o  ./src/asm_add.o ./src/asm_func.o ./src/hw.o ./src/inner_loop.o ./src/inner_loop2.o ./src/inner_loop3.o ./src/interface.o ./src/main.o ./src/sw.o ./src/testvector.o   -Wl,--start-group,-lxil,-lgcc,-lc,--end-group
Finished building target: rsa_design_example.elf
 
Invoking: ARM v7 Print Size
arm-none-eabi-size rsa_design_example.elf  |tee "rsa_design_example.elf.size"
   text	   data	    bss	    dec	    hex	filename
  84052	   5800	  23612	 113464	  1bb38	rsa_design_example.elf
Finished building: rsa_design_example.elf.size
 
make[1]: Leaving directory `/users/start2015/r0575928/Desktop/ddplatforms_2017/package/rsa-project/src/sdk/rsa_design_example/Debug'
21:59:08 **** Incremental Build of configuration Debug for project rsa_design_example ****
make pre-build main-build 
make[1]: Entering directory `/users/start2015/r0575928/Desktop/ddplatforms_2017/package/rsa-project/src/sdk/rsa_design_example/Debug'
a9-linaro-pre-build-step
 
make[1]: Nothing to be done for `main-build'.
make[1]: Leaving directory `/users/start2015/r0575928/Desktop/ddplatforms_2017/package/rsa-project/src/sdk/rsa_design_example/Debug'
21:59:59 **** Auto Build of configuration Debug for project rsa_design_example ****
make pre-build main-build 
make[1]: Entering directory `/users/start2015/r0575928/Desktop/ddplatforms_2017/package/rsa-project/src/sdk/rsa_design_example/Debug'
a9-linaro-pre-build-step
 
Building file: ../src/main.c
Invoking: ARM v7 gcc compiler
arm-none-eabi-gcc -Wall -O0 -g3 -c -fmessage-length=0 -MT"src/main.o" -mcpu=cortex-a9 -mfpu=vfpv3 -mfloat-abi=hard -I../../rsa_design_example_bsp/ps7_cortexa9_0/include -MMD -MP -MF"src/main.d" -MT"src/main.o" -o "src/main.o" "../src/main.c"
../src/main.c: In function 'main':
../src/main.c:133:5: warning: format '%u' expects argument of type 'unsigned int', but argument 2 has type 'uint32_t' [-Wformat=]
     STOP_TIMING
     ^
../src/main.c:133:5: warning: format '%u' expects argument of type 'unsigned int', but argument 2 has type 'uint32_t' [-Wformat=]
../src/main.c:144:15: warning: unused variable 'src' [-Wunused-variable]
  unsigned int src[DMA_TRANSFER_NUMBER_OF_WORDS]={
               ^
../src/main.c:104:9: warning: unused variable 'i' [-Wunused-variable]
     int i;
         ^
Finished building: ../src/main.c
 
Building target: rsa_design_example.elf
Invoking: ARM v7 gcc linker
arm-none-eabi-gcc -mcpu=cortex-a9 -mfpu=vfpv3 -mfloat-abi=hard -Wl,-build-id=none -specs=Xilinx.spec -Wl,-T -Wl,../src/lscript.ld -L../../rsa_design_example_bsp/ps7_cortexa9_0/lib -o "rsa_design_example.elf"  ./src/platform/platform.o  ./src/asm_add.o ./src/asm_func.o ./src/hw.o ./src/inner_loop.o ./src/inner_loop2.o ./src/inner_loop3.o ./src/interface.o ./src/main.o ./src/sw.o ./src/testvector.o   -Wl,--start-group,-lxil,-lgcc,-lc,--end-group
Finished building target: rsa_design_example.elf
 
Invoking: ARM v7 Print Size
arm-none-eabi-size rsa_design_example.elf  |tee "rsa_design_example.elf.size"
   text	   data	    bss	    dec	    hex	filename
  83988	   5800	  23612	 113400	  1baf8	rsa_design_example.elf
Finished building: rsa_design_example.elf.size
 
make[1]: Leaving directory `/users/start2015/r0575928/Desktop/ddplatforms_2017/package/rsa-project/src/sdk/rsa_design_example/Debug'
22:00:00 **** Incremental Build of configuration Debug for project rsa_design_example ****
make pre-build main-build 
make[1]: Entering directory `/users/start2015/r0575928/Desktop/ddplatforms_2017/package/rsa-project/src/sdk/rsa_design_example/Debug'
a9-linaro-pre-build-step
 
make[1]: Nothing to be done for `main-build'.
make[1]: Leaving directory `/users/start2015/r0575928/Desktop/ddplatforms_2017/package/rsa-project/src/sdk/rsa_design_example/Debug'
22:00:12 **** Incremental Build of configuration Debug for project rsa_design_example ****
make pre-build main-build 
make[1]: Entering directory `/users/start2015/r0575928/Desktop/ddplatforms_2017/package/rsa-project/src/sdk/rsa_design_example/Debug'
a9-linaro-pre-build-step
 
make[1]: Nothing to be done for `main-build'.
make[1]: Leaving directory `/users/start2015/r0575928/Desktop/ddplatforms_2017/package/rsa-project/src/sdk/rsa_design_example/Debug'
22:00:21 **** Incremental Build of configuration Debug for project rsa_design_example ****
make pre-build main-build 
make[1]: Entering directory `/users/start2015/r0575928/Desktop/ddplatforms_2017/package/rsa-project/src/sdk/rsa_design_example/Debug'
a9-linaro-pre-build-step
 
make[1]: Nothing to be done for `main-build'.
make[1]: Leaving directory `/users/start2015/r0575928/Desktop/ddplatforms_2017/package/rsa-project/src/sdk/rsa_design_example/Debug'
22:08:42 **** Auto Build of configuration Debug for project rsa_design_example ****
make pre-build main-build 
make[1]: Entering directory `/users/start2015/r0575928/Desktop/ddplatforms_2017/package/rsa-project/src/sdk/rsa_design_example/Debug'
a9-linaro-pre-build-step
 
Building file: ../src/hw.c
Invoking: ARM v7 gcc compiler
arm-none-eabi-gcc -Wall -O0 -g3 -c -fmessage-length=0 -MT"src/hw.o" -mcpu=cortex-a9 -mfpu=vfpv3 -mfloat-abi=hard -I../../rsa_design_example_bsp/ps7_cortexa9_0/include -MMD -MP -MF"src/hw.d" -MT"src/hw.o" -o "src/hw.o" "../src/hw.c"
../src/hw.c:39:6: error: conflicting types for 'hw_mod_exp'
 void hw_mod_exp(uint32_t *msg, uint32_t *exp, uint32_t exp_len, uint32_t *n, uint32_t R2p, uint32_t *res) {
      ^
In file included from ../src/hw.c:1:0:
../src/hw.h:7:6: note: previous declaration of 'hw_mod_exp' was here
 void hw_mod_exp(uint32_t *msg, uint32_t *exp, uint32_t exp_len, uint32_t *n, uint32_t *res) ;
      ^
../src/hw.c: In function 'hw_mod_exp':
../src/hw.c:54:16: error: subscripted value is neither array nor pointer nor vector
make[1]: Leaving directory `/users/start2015/r0575928/Desktop/ddplatforms_2017/package/rsa-project/src/sdk/rsa_design_example/Debug'
      A[i] = R2p[i];
                ^
../src/hw.c:57:11: warning: unused variable 'word' [-Wunused-variable]
  uint32_t word;
           ^
../src/hw.c:56:6: warning: unused variable 'stop' [-Wunused-variable]
  int stop = 0;
      ^
make[1]: *** [src/hw.o] Error 1
22:09:29 **** Auto Build of configuration Debug for project rsa_design_example ****
make pre-build main-build 
make[1]: Entering directory `/users/start2015/r0575928/Desktop/ddplatforms_2017/package/rsa-project/src/sdk/rsa_design_example/Debug'
a9-linaro-pre-build-step
 
Building file: ../src/hw.c
Invoking: ARM v7 gcc compiler
arm-none-eabi-gcc -Wall -O0 -g3 -c -fmessage-length=0 -MT"src/hw.o" -mcpu=cortex-a9 -mfpu=vfpv3 -mfloat-abi=hard -I../../rsa_design_example_bsp/ps7_cortexa9_0/include -MMD -MP -MF"src/hw.d" -MT"src/hw.o" -o "src/hw.o" "../src/hw.c"
../src/hw.c:39:6: error: conflicting types for 'hw_mod_exp'
 void hw_mod_exp(uint32_t *msg, uint32_t *exp, uint32_t exp_len, uint32_t *n, uint32_t *R ,uint32_t *R2, uint32_t *res) {
      ^
In file included from ../src/hw.c:1:0:
../src/hw.h:7:6: note: previous declaration of 'hw_mod_exp' was here
 void hw_mod_exp(uint32_t *msg, uint32_t *exp, uint32_t exp_len, uint32_t *n, uint32_t *res) ;
      ^
../src/hw.c: In function 'hw_mod_exp':
../src/hw.c:57:11: warning: unused variable 'word' [-Wunused-variable]
  uint32_t word;
           ^
make[1]: Leaving directory `/users/start2015/r0575928/Desktop/ddplatforms_2017/package/rsa-project/src/sdk/rsa_design_example/Debug'
../src/hw.c:56:6: warning: unused variable 'stop' [-Wunused-variable]
  int stop = 0;
      ^
make[1]: *** [src/hw.o] Error 1
22:09:48 **** Auto Build of configuration Debug for project rsa_design_example ****
make pre-build main-build 
make[1]: Entering directory `/users/start2015/r0575928/Desktop/ddplatforms_2017/package/rsa-project/src/sdk/rsa_design_example/Debug'
a9-linaro-pre-build-step
 
Building file: ../src/hw.c
Invoking: ARM v7 gcc compiler
arm-none-eabi-gcc -Wall -O0 -g3 -c -fmessage-length=0 -MT"src/hw.o" -mcpu=cortex-a9 -mfpu=vfpv3 -mfloat-abi=hard -I../../rsa_design_example_bsp/ps7_cortexa9_0/include -MMD -MP -MF"src/hw.d" -MT"src/hw.o" -o "src/hw.o" "../src/hw.c"
In file included from ../src/hw.c:1:0:
../src/hw.h:10:6: error: conflicting types for 'hw_mod_exp'
 void hw_mod_exp(uint32_t *msg, uint32_t *exp, uint32_t exp_len, uint32_t *n, uint32_t *R ,uint32_t *R2, uint32_t *res);
      ^
../src/hw.h:7:6: note: previous declaration of 'hw_mod_exp' was here
 void hw_mod_exp(uint32_t *msg, uint32_t *exp, uint32_t exp_len, uint32_t *n, uint32_t *res) ;
      ^
../src/hw.c: In function 'reduce_cipher':
../src/hw.c:32:2: warning: implicit declaration of function 'hw_montgomery_multiply' [-Wimplicit-function-declaration]
  hw_montgomery_multiply(Ch, (unsigned int *) R2p, (unsigned int *) p, Cp, 16);
  ^
../src/hw.c: At top level:
../src/hw.c:39:6: error: conflicting types for 'hw_mod_exp'
 void hw_mod_exp(uint32_t *msg, uint32_t *exp, uint32_t exp_len, uint32_t *n, uint32_t *R ,uint32_t *R2, uint32_t *res) {
      ^
In file included from ../src/hw.c:1:0:
../src/hw.h:7:6: note: previous declaration of 'hw_mod_exp' was here
 void hw_mod_exp(uint32_t *msg, uint32_t *exp, uint32_t exp_len, uint32_t *n, uint32_t *res) ;
      ^
../src/hw.c: In function 'hw_mod_exp':
../src/hw.c:57:11: warning: unused variable 'word' [-Wunused-variable]
make[1]: Leaving directory `/users/start2015/r0575928/Desktop/ddplatforms_2017/package/rsa-project/src/sdk/rsa_design_example/Debug'
  uint32_t word;
           ^
../src/hw.c:56:6: warning: unused variable 'stop' [-Wunused-variable]
  int stop = 0;
      ^
../src/hw.c: At top level:
../src/hw.c:89:6: warning: conflicting types for 'hw_montgomery_multiply'
 void hw_montgomery_multiply(unsigned int  *a, unsigned int  *b, unsigned int  *n, unsigned int  *res, unsigned int SIZE) {
      ^
../src/hw.c:32:2: note: previous implicit declaration of 'hw_montgomery_multiply' was here
  hw_montgomery_multiply(Ch, (unsigned int *) R2p, (unsigned int *) p, Cp, 16);
  ^
make[1]: *** [src/hw.o] Error 1
22:10:11 **** Auto Build of configuration Debug for project rsa_design_example ****
make pre-build main-build 
make[1]: Entering directory `/users/start2015/r0575928/Desktop/ddplatforms_2017/package/rsa-project/src/sdk/rsa_design_example/Debug'
a9-linaro-pre-build-step
 
Building file: ../src/hw.c
Invoking: ARM v7 gcc compiler
arm-none-eabi-gcc -Wall -O0 -g3 -c -fmessage-length=0 -MT"src/hw.o" -mcpu=cortex-a9 -mfpu=vfpv3 -mfloat-abi=hard -I../../rsa_design_example_bsp/ps7_cortexa9_0/include -MMD -MP -MF"src/hw.d" -MT"src/hw.o" -o "src/hw.o" "../src/hw.c"
../src/hw.c: In function 'hw_mod_exp':
../src/hw.c:57:11: warning: unused variable 'word' [-Wunused-variable]
  uint32_t word;
           ^
../src/hw.c:56:6: warning: unused variable 'stop' [-Wunused-variable]
  int stop = 0;
      ^
Finished building: ../src/hw.c
 
Building file: ../src/main.c
Invoking: ARM v7 gcc compiler
arm-none-eabi-gcc -Wall -O0 -g3 -c -fmessage-length=0 -MT"src/main.o" -mcpu=cortex-a9 -mfpu=vfpv3 -mfloat-abi=hard -I../../rsa_design_example_bsp/ps7_cortexa9_0/include -MMD -MP -MF"src/main.d" -MT"src/main.o" -o "src/main.o" "../src/main.c"
../src/main.c: In function 'main':
../src/main.c:133:5: warning: format '%u' expects argument of type 'unsigned int', but argument 2 has type 'uint32_t' [-Wformat=]
     STOP_TIMING
     ^
../src/main.c:133:5: warning: format '%u' expects argument of type 'unsigned int', but argument 2 has type 'uint32_t' [-Wformat=]
../src/main.c:144:15: warning: unused variable 'src' [-Wunused-variable]
  unsigned int src[DMA_TRANSFER_NUMBER_OF_WORDS]={
               ^
../src/main.c:104:9: warning: unused variable 'i' [-Wunused-variable]
     int i;
         ^
../src/main.c: In function 'test_hw_mont_exp':
../src/main.c:257:2: error: too few arguments to function 'hw_mod_exp'
  hw_mod_exp(Ct_p,d_p, d_p_len, p, result);
  ^
In file included from ../src/main.c:12:0:
../src/hw.h:7:6: note: declared here
 void hw_mod_exp(uint32_t *msg, uint32_t *exp, uint32_t exp_len, uint32_t *n, uint32_t *R ,uint32_t *R2, uint32_t *res);
      ^
../src/main.c: In function 'test_hw_mont_decrypt':
../src/main.c:268:2: error: too few arguments to function 'hw_mod_exp'
  hw_mod_exp(nCp, d_p,d_p_len, p, Pp);
  ^
In file included from ../src/main.c:12:0:
../src/hw.h:7:6: note: declared here
make[1]: Leaving directory `/users/start2015/r0575928/Desktop/ddplatforms_2017/package/rsa-project/src/sdk/rsa_design_example/Debug'
 void hw_mod_exp(uint32_t *msg, uint32_t *exp, uint32_t exp_len, uint32_t *n, uint32_t *R ,uint32_t *R2, uint32_t *res);
      ^
../src/main.c:269:2: error: too few arguments to function 'hw_mod_exp'
  hw_mod_exp(nCq, d_q,d_q_len, q, Pq);
  ^
In file included from ../src/main.c:12:0:
../src/hw.h:7:6: note: declared here
 void hw_mod_exp(uint32_t *msg, uint32_t *exp, uint32_t exp_len, uint32_t *n, uint32_t *R ,uint32_t *R2, uint32_t *res);
      ^
make[1]: *** [src/main.o] Error 1
22:11:00 **** Auto Build of configuration Debug for project rsa_design_example ****
make pre-build main-build 
make[1]: Entering directory `/users/start2015/r0575928/Desktop/ddplatforms_2017/package/rsa-project/src/sdk/rsa_design_example/Debug'
a9-linaro-pre-build-step
 
Building file: ../src/hw.c
Invoking: ARM v7 gcc compiler
arm-none-eabi-gcc -Wall -O0 -g3 -c -fmessage-length=0 -MT"src/hw.o" -mcpu=cortex-a9 -mfpu=vfpv3 -mfloat-abi=hard -I../../rsa_design_example_bsp/ps7_cortexa9_0/include -MMD -MP -MF"src/hw.d" -MT"src/hw.o" -o "src/hw.o" "../src/hw.c"
../src/hw.c: In function 'hw_mod_exp':
../src/hw.c:57:11: warning: unused variable 'word' [-Wunused-variable]
  uint32_t word;
           ^
../src/hw.c:56:6: warning: unused variable 'stop' [-Wunused-variable]
  int stop = 0;
      ^
Finished building: ../src/hw.c
 
Building file: ../src/main.c
Invoking: ARM v7 gcc compiler
arm-none-eabi-gcc -Wall -O0 -g3 -c -fmessage-length=0 -MT"src/main.o" -mcpu=cortex-a9 -mfpu=vfpv3 -mfloat-abi=hard -I../../rsa_design_example_bsp/ps7_cortexa9_0/include -MMD -MP -MF"src/main.d" -MT"src/main.o" -o "src/main.o" "../src/main.c"
../src/main.c: In function 'main':
../src/main.c:133:5: warning: format '%u' expects argument of type 'unsigned int', but argument 2 has type 'uint32_t' [-Wformat=]
     STOP_TIMING
     ^
../src/main.c:133:5: warning: format '%u' expects argument of type 'unsigned int', but argument 2 has type 'uint32_t' [-Wformat=]
../src/main.c:144:15: warning: unused variable 'src' [-Wunused-variable]
  unsigned int src[DMA_TRANSFER_NUMBER_OF_WORDS]={
               ^
../src/main.c:104:9: warning: unused variable 'i' [-Wunused-variable]
     int i;
         ^
../src/main.c: In function 'test_hw_mont_exp':
../src/main.c:257:2: error: too few arguments to function 'hw_mod_exp'
  hw_mod_exp(Ct_p,d_p, d_p_len, p, result);
  ^
In file included from ../src/main.c:12:0:
../src/hw.h:7:6: note: declared here
 void hw_mod_exp(uint32_t *msg, uint32_t *exp, uint32_t exp_len, uint32_t *n, uint32_t *R ,uint32_t *R2, uint32_t *res);
      ^
../src/main.c: In function 'test_hw_mont_decrypt':
../src/main.c:268:2: error: too few arguments to function 'hw_mod_exp'
  hw_mod_exp(nCp, d_p,d_p_len, p, Pp);
  ^
In file included from ../src/main.c:12:0:
../src/hw.h:7:6: note: declared here
make[1]: Leaving directory `/users/start2015/r0575928/Desktop/ddplatforms_2017/package/rsa-project/src/sdk/rsa_design_example/Debug'
 void hw_mod_exp(uint32_t *msg, uint32_t *exp, uint32_t exp_len, uint32_t *n, uint32_t *R ,uint32_t *R2, uint32_t *res);
      ^
../src/main.c:269:2: error: too few arguments to function 'hw_mod_exp'
  hw_mod_exp(nCq, d_q,d_q_len, q, Pq);
  ^
In file included from ../src/main.c:12:0:
../src/hw.h:7:6: note: declared here
 void hw_mod_exp(uint32_t *msg, uint32_t *exp, uint32_t exp_len, uint32_t *n, uint32_t *R ,uint32_t *R2, uint32_t *res);
      ^
make[1]: *** [src/main.o] Error 1
22:11:34 **** Auto Build of configuration Debug for project rsa_design_example ****
make pre-build main-build 
make[1]: Entering directory `/users/start2015/r0575928/Desktop/ddplatforms_2017/package/rsa-project/src/sdk/rsa_design_example/Debug'
a9-linaro-pre-build-step
 
Building file: ../src/hw.c
Invoking: ARM v7 gcc compiler
arm-none-eabi-gcc -Wall -O0 -g3 -c -fmessage-length=0 -MT"src/hw.o" -mcpu=cortex-a9 -mfpu=vfpv3 -mfloat-abi=hard -I../../rsa_design_example_bsp/ps7_cortexa9_0/include -MMD -MP -MF"src/hw.d" -MT"src/hw.o" -o "src/hw.o" "../src/hw.c"
Finished building: ../src/hw.c
 
Building file: ../src/main.c
Invoking: ARM v7 gcc compiler
arm-none-eabi-gcc -Wall -O0 -g3 -c -fmessage-length=0 -MT"src/main.o" -mcpu=cortex-a9 -mfpu=vfpv3 -mfloat-abi=hard -I../../rsa_design_example_bsp/ps7_cortexa9_0/include -MMD -MP -MF"src/main.d" -MT"src/main.o" -o "src/main.o" "../src/main.c"
../src/main.c: In function 'main':
../src/main.c:133:5: warning: format '%u' expects argument of type 'unsigned int', but argument 2 has type 'uint32_t' [-Wformat=]
     STOP_TIMING
     ^
../src/main.c:133:5: warning: format '%u' expects argument of type 'unsigned int', but argument 2 has type 'uint32_t' [-Wformat=]
../src/main.c:144:15: warning: unused variable 'src' [-Wunused-variable]
  unsigned int src[DMA_TRANSFER_NUMBER_OF_WORDS]={
               ^
../src/main.c:104:9: warning: unused variable 'i' [-Wunused-variable]
     int i;
         ^
../src/main.c: In function 'test_hw_mont_exp':
../src/main.c:257:2: error: too few arguments to function 'hw_mod_exp'
  hw_mod_exp(Ct_p,d_p, d_p_len, p, result);
  ^
In file included from ../src/main.c:12:0:
../src/hw.h:7:6: note: declared here
 void hw_mod_exp(uint32_t *msg, uint32_t *exp, uint32_t exp_len, uint32_t *n, uint32_t *R ,uint32_t *R2, uint32_t *res);
      ^
../src/main.c: In function 'test_hw_mont_decrypt':
../src/main.c:268:2: error: too few arguments to function 'hw_mod_exp'
  hw_mod_exp(nCp, d_p,d_p_len, p, Pp);
make[1]: Leaving directory `/users/start2015/r0575928/Desktop/ddplatforms_2017/package/rsa-project/src/sdk/rsa_design_example/Debug'
  ^
In file included from ../src/main.c:12:0:
../src/hw.h:7:6: note: declared here
 void hw_mod_exp(uint32_t *msg, uint32_t *exp, uint32_t exp_len, uint32_t *n, uint32_t *R ,uint32_t *R2, uint32_t *res);
      ^
../src/main.c:269:2: error: too few arguments to function 'hw_mod_exp'
  hw_mod_exp(nCq, d_q,d_q_len, q, Pq);
  ^
In file included from ../src/main.c:12:0:
../src/hw.h:7:6: note: declared here
 void hw_mod_exp(uint32_t *msg, uint32_t *exp, uint32_t exp_len, uint32_t *n, uint32_t *R ,uint32_t *R2, uint32_t *res);
      ^
make[1]: *** [src/main.o] Error 1
22:12:14 **** Auto Build of configuration Debug for project rsa_design_example ****
make pre-build main-build 
make[1]: Entering directory `/users/start2015/r0575928/Desktop/ddplatforms_2017/package/rsa-project/src/sdk/rsa_design_example/Debug'
a9-linaro-pre-build-step
 
Building file: ../src/main.c
Invoking: ARM v7 gcc compiler
arm-none-eabi-gcc -Wall -O0 -g3 -c -fmessage-length=0 -MT"src/main.o" -mcpu=cortex-a9 -mfpu=vfpv3 -mfloat-abi=hard -I../../rsa_design_example_bsp/ps7_cortexa9_0/include -MMD -MP -MF"src/main.d" -MT"src/main.o" -o "src/main.o" "../src/main.c"
../src/main.c: In function 'main':
../src/main.c:133:5: warning: format '%u' expects argument of type 'unsigned int', but argument 2 has type 'uint32_t' [-Wformat=]
     STOP_TIMING
     ^
../src/main.c:133:5: warning: format '%u' expects argument of type 'unsigned int', but argument 2 has type 'uint32_t' [-Wformat=]
../src/main.c:144:15: warning: unused variable 'src' [-Wunused-variable]
  unsigned int src[DMA_TRANSFER_NUMBER_OF_WORDS]={
               ^
../src/main.c:104:9: warning: unused variable 'i' [-Wunused-variable]
     int i;
         ^
../src/main.c: In function 'test_hw_mont_exp':
../src/main.c:257:35: error: 'Rp' undeclared (first use in this function)
  hw_mod_exp(Ct_p,d_p, d_p_len, p, Rp, R2p, result);
                                   ^
../src/main.c:257:35: note: each undeclared identifier is reported only once for each function it appears in
../src/main.c: In function 'test_hw_mont_decrypt':
../src/main.c:271:2: error: too few arguments to function 'hw_mod_exp'
  hw_mod_exp(nCp, d_p,d_p_len, p, Pp);
  ^
../src/main.c:261:6: note: declared here
make[1]: Leaving directory `/users/start2015/r0575928/Desktop/ddplatforms_2017/package/rsa-project/src/sdk/rsa_design_example/Debug'
 void hw_mod_exp(uint32_t *msg, uint32_t *exp, uint32_t exp_len, uint32_t *n, uint32_t *R ,uint32_t *R2, uint32_t *res) {
      ^
../src/main.c:272:2: error: too few arguments to function 'hw_mod_exp'
  hw_mod_exp(nCq, d_q,d_q_len, q, Pq);
  ^
../src/main.c:261:6: note: declared here
 void hw_mod_exp(uint32_t *msg, uint32_t *exp, uint32_t exp_len, uint32_t *n, uint32_t *R ,uint32_t *R2, uint32_t *res) {
      ^
../src/main.c: In function 'hw_mod_exp':
../src/main.c:288:1: error: expected declaration or statement at end of input
 }
 ^
make[1]: *** [src/main.o] Error 1
22:12:58 **** Auto Build of configuration Debug for project rsa_design_example ****
make pre-build main-build 
make[1]: Entering directory `/users/start2015/r0575928/Desktop/ddplatforms_2017/package/rsa-project/src/sdk/rsa_design_example/Debug'
a9-linaro-pre-build-step
 
Building file: ../src/main.c
Invoking: ARM v7 gcc compiler
arm-none-eabi-gcc -Wall -O0 -g3 -c -fmessage-length=0 -MT"src/main.o" -mcpu=cortex-a9 -mfpu=vfpv3 -mfloat-abi=hard -I../../rsa_design_example_bsp/ps7_cortexa9_0/include -MMD -MP -MF"src/main.d" -MT"src/main.o" -o "src/main.o" "../src/main.c"
../src/main.c: In function 'main':
../src/main.c:134:5: warning: format '%u' expects argument of type 'unsigned int', but argument 2 has type 'uint32_t' [-Wformat=]
     STOP_TIMING
     ^
../src/main.c:134:5: warning: format '%u' expects argument of type 'unsigned int', but argument 2 has type 'uint32_t' [-Wformat=]
../src/main.c:145:15: warning: unused variable 'src' [-Wunused-variable]
  unsigned int src[DMA_TRANSFER_NUMBER_OF_WORDS]={
               ^
../src/main.c:105:9: warning: unused variable 'i' [-Wunused-variable]
     int i;
         ^
../src/main.c: In function 'test_hw_mont_decrypt':
../src/main.c:272:2: error: too few arguments to function 'hw_mod_exp'
  hw_mod_exp(nCp, d_p,d_p_len, p, Pp);
  ^
../src/main.c:262:6: note: declared here
 void hw_mod_exp(uint32_t *msg, uint32_t *exp, uint32_t exp_len, uint32_t *n, uint32_t *R ,uint32_t *R2, uint32_t *res) {
      ^
../src/main.c:273:2: error: too few arguments to function 'hw_mod_exp'
  hw_mod_exp(nCq, d_q,d_q_len, q, Pq);
  ^
../src/main.c:262:6: note: declared here
 void hw_mod_exp(uint32_t *msg, uint32_t *exp, uint32_t exp_len, uint32_t *n, uint32_t *R ,uint32_t *R2, uint32_t *res) {
      ^
../src/main.c: In function 'hw_mod_exp':
../src/main.c:289:1: error: expected declaration or statement at end of input
make[1]: Leaving directory `/users/start2015/r0575928/Desktop/ddplatforms_2017/package/rsa-project/src/sdk/rsa_design_example/Debug'
 }
 ^
make[1]: *** [src/main.o] Error 1
22:13:25 **** Auto Build of configuration Debug for project rsa_design_example ****
make pre-build main-build 
make[1]: Entering directory `/users/start2015/r0575928/Desktop/ddplatforms_2017/package/rsa-project/src/sdk/rsa_design_example/Debug'
a9-linaro-pre-build-step
 
Building file: ../src/main.c
Invoking: ARM v7 gcc compiler
arm-none-eabi-gcc -Wall -O0 -g3 -c -fmessage-length=0 -MT"src/main.o" -mcpu=cortex-a9 -mfpu=vfpv3 -mfloat-abi=hard -I../../rsa_design_example_bsp/ps7_cortexa9_0/include -MMD -MP -MF"src/main.d" -MT"src/main.o" -o "src/main.o" "../src/main.c"
../src/main.c: In function 'main':
../src/main.c:134:5: warning: format '%u' expects argument of type 'unsigned int', but argument 2 has type 'uint32_t' [-Wformat=]
     STOP_TIMING
     ^
../src/main.c:134:5: warning: format '%u' expects argument of type 'unsigned int', but argument 2 has type 'uint32_t' [-Wformat=]
../src/main.c:145:15: warning: unused variable 'src' [-Wunused-variable]
  unsigned int src[DMA_TRANSFER_NUMBER_OF_WORDS]={
               ^
../src/main.c:105:9: warning: unused variable 'i' [-Wunused-variable]
     int i;
         ^
../src/main.c: In function 'hw_mod_exp':
../src/main.c:289:1: error: expected declaration or statement at end of input
 }
 ^
make[1]: Leaving directory `/users/start2015/r0575928/Desktop/ddplatforms_2017/package/rsa-project/src/sdk/rsa_design_example/Debug'
make[1]: *** [src/main.o] Error 1
22:13:33 **** Auto Build of configuration Debug for project rsa_design_example ****
make pre-build main-build 
make[1]: Entering directory `/users/start2015/r0575928/Desktop/ddplatforms_2017/package/rsa-project/src/sdk/rsa_design_example/Debug'
a9-linaro-pre-build-step
 
Building file: ../src/main.c
Invoking: ARM v7 gcc compiler
arm-none-eabi-gcc -Wall -O0 -g3 -c -fmessage-length=0 -MT"src/main.o" -mcpu=cortex-a9 -mfpu=vfpv3 -mfloat-abi=hard -I../../rsa_design_example_bsp/ps7_cortexa9_0/include -MMD -MP -MF"src/main.d" -MT"src/main.o" -o "src/main.o" "../src/main.c"
../src/main.c: In function 'main':
../src/main.c:134:5: warning: format '%u' expects argument of type 'unsigned int', but argument 2 has type 'uint32_t' [-Wformat=]
     STOP_TIMING
     ^
../src/main.c:134:5: warning: format '%u' expects argument of type 'unsigned int', but argument 2 has type 'uint32_t' [-Wformat=]
../src/main.c:145:15: warning: unused variable 'src' [-Wunused-variable]
  unsigned int src[DMA_TRANSFER_NUMBER_OF_WORDS]={
               ^
../src/main.c:105:9: warning: unused variable 'i' [-Wunused-variable]
     int i;
         ^
../src/main.c: In function 'hw_mod_exp':
../src/main.c:289:1: error: expected declaration or statement at end of input
 }
 ^
make[1]: *** [src/main.o] Error 1
make[1]: Leaving directory `/users/start2015/r0575928/Desktop/ddplatforms_2017/package/rsa-project/src/sdk/rsa_design_example/Debug'
22:13:36 **** Incremental Build of configuration Debug for project rsa_design_example ****
make pre-build main-build 
make[1]: Entering directory `/users/start2015/r0575928/Desktop/ddplatforms_2017/package/rsa-project/src/sdk/rsa_design_example/Debug'
a9-linaro-pre-build-step
 
Building file: ../src/main.c
Invoking: ARM v7 gcc compiler
arm-none-eabi-gcc -Wall -O0 -g3 -c -fmessage-length=0 -MT"src/main.o" -mcpu=cortex-a9 -mfpu=vfpv3 -mfloat-abi=hard -I../../rsa_design_example_bsp/ps7_cortexa9_0/include -MMD -MP -MF"src/main.d" -MT"src/main.o" -o "src/main.o" "../src/main.c"
../src/main.c: In function 'main':
../src/main.c:134:5: warning: format '%u' expects argument of type 'unsigned int', but argument 2 has type 'uint32_t' [-Wformat=]
     STOP_TIMING
     ^
../src/main.c:134:5: warning: format '%u' expects argument of type 'unsigned int', but argument 2 has type 'uint32_t' [-Wformat=]
../src/main.c:145:15: warning: unused variable 'src' [-Wunused-variable]
  unsigned int src[DMA_TRANSFER_NUMBER_OF_WORDS]={
               ^
../src/main.c:105:9: warning: unused variable 'i' [-Wunused-variable]
     int i;
         ^
../src/main.c: In function 'hw_mod_exp':
../src/main.c:289:1: error: expected declaration or statement at end of input
 }
 ^
make[1]: Leaving directory `/users/start2015/r0575928/Desktop/ddplatforms_2017/package/rsa-project/src/sdk/rsa_design_example/Debug'
make[1]: *** [src/main.o] Error 1
22:13:49 **** Incremental Build of configuration Debug for project rsa_design_example ****
make pre-build main-build 
make[1]: Entering directory `/users/start2015/r0575928/Desktop/ddplatforms_2017/package/rsa-project/src/sdk/rsa_design_example/Debug'
a9-linaro-pre-build-step
 
Building file: ../src/main.c
Invoking: ARM v7 gcc compiler
arm-none-eabi-gcc -Wall -O0 -g3 -c -fmessage-length=0 -MT"src/main.o" -mcpu=cortex-a9 -mfpu=vfpv3 -mfloat-abi=hard -I../../rsa_design_example_bsp/ps7_cortexa9_0/include -MMD -MP -MF"src/main.d" -MT"src/main.o" -o "src/main.o" "../src/main.c"
../src/main.c: In function 'main':
../src/main.c:134:5: warning: format '%u' expects argument of type 'unsigned int', but argument 2 has type 'uint32_t' [-Wformat=]
     STOP_TIMING
     ^
../src/main.c:134:5: warning: format '%u' expects argument of type 'unsigned int', but argument 2 has type 'uint32_t' [-Wformat=]
../src/main.c:145:15: warning: unused variable 'src' [-Wunused-variable]
  unsigned int src[DMA_TRANSFER_NUMBER_OF_WORDS]={
               ^
../src/main.c:105:9: warning: unused variable 'i' [-Wunused-variable]
     int i;
         ^
../src/main.c: In function 'hw_mod_exp':
../src/main.c:289:1: error: expected declaration or statement at end of input
 }
 ^
make[1]: *** [src/main.o] Error 1
make[1]: Leaving directory `/users/start2015/r0575928/Desktop/ddplatforms_2017/package/rsa-project/src/sdk/rsa_design_example/Debug'
22:15:25 **** Auto Build of configuration Debug for project rsa_design_example ****
make pre-build main-build 
make[1]: Entering directory `/users/start2015/r0575928/Desktop/ddplatforms_2017/package/rsa-project/src/sdk/rsa_design_example/Debug'
a9-linaro-pre-build-step
 
Building file: ../src/hw.c
Invoking: ARM v7 gcc compiler
arm-none-eabi-gcc -Wall -O0 -g3 -c -fmessage-length=0 -MT"src/hw.o" -mcpu=cortex-a9 -mfpu=vfpv3 -mfloat-abi=hard -I../../rsa_design_example_bsp/ps7_cortexa9_0/include -MMD -MP -MF"src/hw.d" -MT"src/hw.o" -o "src/hw.o" "../src/hw.c"
Finished building: ../src/hw.c
 
Building file: ../src/main.c
Invoking: ARM v7 gcc compiler
arm-none-eabi-gcc -Wall -O0 -g3 -c -fmessage-length=0 -MT"src/main.o" -mcpu=cortex-a9 -mfpu=vfpv3 -mfloat-abi=hard -I../../rsa_design_example_bsp/ps7_cortexa9_0/include -MMD -MP -MF"src/main.d" -MT"src/main.o" -o "src/main.o" "../src/main.c"
../src/main.c: In function 'main':
../src/main.c:134:5: warning: format '%u' expects argument of type 'unsigned int', but argument 2 has type 'uint32_t' [-Wformat=]
     STOP_TIMING
     ^
../src/main.c:134:5: warning: format '%u' expects argument of type 'unsigned int', but argument 2 has type 'uint32_t' [-Wformat=]
../src/main.c:145:15: warning: unused variable 'src' [-Wunused-variable]
  unsigned int src[DMA_TRANSFER_NUMBER_OF_WORDS]={
               ^
../src/main.c:105:9: warning: unused variable 'i' [-Wunused-variable]
     int i;
         ^
../src/main.c: In function 'hw_mod_exp':
../src/main.c:289:1: error: expected declaration or statement at end of input
 }
 ^
make[1]: *** [src/main.o] Error 1
make[1]: Leaving directory `/users/start2015/r0575928/Desktop/ddplatforms_2017/package/rsa-project/src/sdk/rsa_design_example/Debug'
22:16:28 **** Auto Build of configuration Debug for project rsa_design_example ****
make pre-build main-build 
make[1]: Entering directory `/users/start2015/r0575928/Desktop/ddplatforms_2017/package/rsa-project/src/sdk/rsa_design_example/Debug'
a9-linaro-pre-build-step
 
Building file: ../src/main.c
Invoking: ARM v7 gcc compiler
arm-none-eabi-gcc -Wall -O0 -g3 -c -fmessage-length=0 -MT"src/main.o" -mcpu=cortex-a9 -mfpu=vfpv3 -mfloat-abi=hard -I../../rsa_design_example_bsp/ps7_cortexa9_0/include -MMD -MP -MF"src/main.d" -MT"src/main.o" -o "src/main.o" "../src/main.c"
../src/main.c: In function 'main':
../src/main.c:134:5: warning: format '%u' expects argument of type 'unsigned int', but argument 2 has type 'uint32_t' [-Wformat=]
     STOP_TIMING
     ^
../src/main.c:134:5: warning: format '%u' expects argument of type 'unsigned int', but argument 2 has type 'uint32_t' [-Wformat=]
../src/main.c:145:15: warning: unused variable 'src' [-Wunused-variable]
  unsigned int src[DMA_TRANSFER_NUMBER_OF_WORDS]={
               ^
../src/main.c:105:9: warning: unused variable 'i' [-Wunused-variable]
     int i;
         ^
Finished building: ../src/main.c
 
Building target: rsa_design_example.elf
Invoking: ARM v7 gcc linker
arm-none-eabi-gcc -mcpu=cortex-a9 -mfpu=vfpv3 -mfloat-abi=hard -Wl,-build-id=none -specs=Xilinx.spec -Wl,-T -Wl,../src/lscript.ld -L../../rsa_design_example_bsp/ps7_cortexa9_0/lib -o "rsa_design_example.elf"  ./src/platform/platform.o  ./src/asm_add.o ./src/asm_func.o ./src/hw.o ./src/inner_loop.o ./src/inner_loop2.o ./src/inner_loop3.o ./src/interface.o ./src/main.o ./src/sw.o ./src/testvector.o   -Wl,--start-group,-lxil,-lgcc,-lc,--end-group
Finished building target: rsa_design_example.elf
 
Invoking: ARM v7 Print Size
arm-none-eabi-size rsa_design_example.elf  |tee "rsa_design_example.elf.size"
   text	   data	    bss	    dec	    hex	filename
  84052	   5800	  23612	 113464	  1bb38	rsa_design_example.elf
Finished building: rsa_design_example.elf.size
 
make[1]: Leaving directory `/users/start2015/r0575928/Desktop/ddplatforms_2017/package/rsa-project/src/sdk/rsa_design_example/Debug'
22:16:42 **** Auto Build of configuration Debug for project rsa_design_example ****
make pre-build main-build 
make[1]: Entering directory `/users/start2015/r0575928/Desktop/ddplatforms_2017/package/rsa-project/src/sdk/rsa_design_example/Debug'
a9-linaro-pre-build-step
 
Building file: ../src/main.c
Invoking: ARM v7 gcc compiler
arm-none-eabi-gcc -Wall -O0 -g3 -c -fmessage-length=0 -MT"src/main.o" -mcpu=cortex-a9 -mfpu=vfpv3 -mfloat-abi=hard -I../../rsa_design_example_bsp/ps7_cortexa9_0/include -MMD -MP -MF"src/main.d" -MT"src/main.o" -o "src/main.o" "../src/main.c"
../src/main.c: In function 'main':
../src/main.c:134:5: warning: format '%u' expects argument of type 'unsigned int', but argument 2 has type 'uint32_t' [-Wformat=]
     STOP_TIMING
     ^
../src/main.c:134:5: warning: format '%u' expects argument of type 'unsigned int', but argument 2 has type 'uint32_t' [-Wformat=]
../src/main.c:145:15: warning: unused variable 'src' [-Wunused-variable]
  unsigned int src[DMA_TRANSFER_NUMBER_OF_WORDS]={
               ^
../src/main.c:105:9: warning: unused variable 'i' [-Wunused-variable]
     int i;
         ^
Finished building: ../src/main.c
 
Building target: rsa_design_example.elf
Invoking: ARM v7 gcc linker
arm-none-eabi-gcc -mcpu=cortex-a9 -mfpu=vfpv3 -mfloat-abi=hard -Wl,-build-id=none -specs=Xilinx.spec -Wl,-T -Wl,../src/lscript.ld -L../../rsa_design_example_bsp/ps7_cortexa9_0/lib -o "rsa_design_example.elf"  ./src/platform/platform.o  ./src/asm_add.o ./src/asm_func.o ./src/hw.o ./src/inner_loop.o ./src/inner_loop2.o ./src/inner_loop3.o ./src/interface.o ./src/main.o ./src/sw.o ./src/testvector.o   -Wl,--start-group,-lxil,-lgcc,-lc,--end-group
Finished building target: rsa_design_example.elf
 
Invoking: ARM v7 Print Size
arm-none-eabi-size rsa_design_example.elf  |tee "rsa_design_example.elf.size"
   text	   data	    bss	    dec	    hex	filename
  84052	   5800	  23612	 113464	  1bb38	rsa_design_example.elf
Finished building: rsa_design_example.elf.size
 
make[1]: Leaving directory `/users/start2015/r0575928/Desktop/ddplatforms_2017/package/rsa-project/src/sdk/rsa_design_example/Debug'
22:16:44 **** Incremental Build of configuration Debug for project rsa_design_example ****
make pre-build main-build 
make[1]: Entering directory `/users/start2015/r0575928/Desktop/ddplatforms_2017/package/rsa-project/src/sdk/rsa_design_example/Debug'
a9-linaro-pre-build-step
 
make[1]: Nothing to be done for `main-build'.
make[1]: Leaving directory `/users/start2015/r0575928/Desktop/ddplatforms_2017/package/rsa-project/src/sdk/rsa_design_example/Debug'
22:17:00 **** Auto Build of configuration Debug for project rsa_design_example ****
make pre-build main-build 
make[1]: Entering directory `/users/start2015/r0575928/Desktop/ddplatforms_2017/package/rsa-project/src/sdk/rsa_design_example/Debug'
a9-linaro-pre-build-step
 
Building file: ../src/main.c
Invoking: ARM v7 gcc compiler
arm-none-eabi-gcc -Wall -O0 -g3 -c -fmessage-length=0 -MT"src/main.o" -mcpu=cortex-a9 -mfpu=vfpv3 -mfloat-abi=hard -I../../rsa_design_example_bsp/ps7_cortexa9_0/include -MMD -MP -MF"src/main.d" -MT"src/main.o" -o "src/main.o" "../src/main.c"
../src/main.c: In function 'main':
../src/main.c:134:5: warning: format '%u' expects argument of type 'unsigned int', but argument 2 has type 'uint32_t' [-Wformat=]
     STOP_TIMING
     ^
../src/main.c:134:5: warning: format '%u' expects argument of type 'unsigned int', but argument 2 has type 'uint32_t' [-Wformat=]
../src/main.c:145:15: warning: unused variable 'src' [-Wunused-variable]
  unsigned int src[DMA_TRANSFER_NUMBER_OF_WORDS]={
               ^
../src/main.c:105:9: warning: unused variable 'i' [-Wunused-variable]
     int i;
         ^
Finished building: ../src/main.c
 
Building target: rsa_design_example.elf
Invoking: ARM v7 gcc linker
arm-none-eabi-gcc -mcpu=cortex-a9 -mfpu=vfpv3 -mfloat-abi=hard -Wl,-build-id=none -specs=Xilinx.spec -Wl,-T -Wl,../src/lscript.ld -L../../rsa_design_example_bsp/ps7_cortexa9_0/lib -o "rsa_design_example.elf"  ./src/platform/platform.o  ./src/asm_add.o ./src/asm_func.o ./src/hw.o ./src/inner_loop.o ./src/inner_loop2.o ./src/inner_loop3.o ./src/interface.o ./src/main.o ./src/sw.o ./src/testvector.o   -Wl,--start-group,-lxil,-lgcc,-lc,--end-group
Finished building target: rsa_design_example.elf
 
Invoking: ARM v7 Print Size
arm-none-eabi-size rsa_design_example.elf  |tee "rsa_design_example.elf.size"
   text	   data	    bss	    dec	    hex	filename
  84052	   5800	  23612	 113464	  1bb38	rsa_design_example.elf
Finished building: rsa_design_example.elf.size
 
make[1]: Leaving directory `/users/start2015/r0575928/Desktop/ddplatforms_2017/package/rsa-project/src/sdk/rsa_design_example/Debug'
22:18:22 **** Auto Build of configuration Debug for project rsa_design_example ****
make pre-build main-build 
make[1]: Entering directory `/users/start2015/r0575928/Desktop/ddplatforms_2017/package/rsa-project/src/sdk/rsa_design_example/Debug'
a9-linaro-pre-build-step
 
Building file: ../src/hw.c
Invoking: ARM v7 gcc compiler
arm-none-eabi-gcc -Wall -O0 -g3 -c -fmessage-length=0 -MT"src/hw.o" -mcpu=cortex-a9 -mfpu=vfpv3 -mfloat-abi=hard -I../../rsa_design_example_bsp/ps7_cortexa9_0/include -MMD -MP -MF"src/hw.d" -MT"src/hw.o" -o "src/hw.o" "../src/hw.c"
Finished building: ../src/hw.c
 
Building target: rsa_design_example.elf
Invoking: ARM v7 gcc linker
arm-none-eabi-gcc -mcpu=cortex-a9 -mfpu=vfpv3 -mfloat-abi=hard -Wl,-build-id=none -specs=Xilinx.spec -Wl,-T -Wl,../src/lscript.ld -L../../rsa_design_example_bsp/ps7_cortexa9_0/lib -o "rsa_design_example.elf"  ./src/platform/platform.o  ./src/asm_add.o ./src/asm_func.o ./src/hw.o ./src/inner_loop.o ./src/inner_loop2.o ./src/inner_loop3.o ./src/interface.o ./src/main.o ./src/sw.o ./src/testvector.o   -Wl,--start-group,-lxil,-lgcc,-lc,--end-group
Finished building target: rsa_design_example.elf
 
Invoking: ARM v7 Print Size
arm-none-eabi-size rsa_design_example.elf  |tee "rsa_design_example.elf.size"
   text	   data	    bss	    dec	    hex	filename
  84180	   5800	  23612	 113592	  1bbb8	rsa_design_example.elf
Finished building: rsa_design_example.elf.size
 
make[1]: Leaving directory `/users/start2015/r0575928/Desktop/ddplatforms_2017/package/rsa-project/src/sdk/rsa_design_example/Debug'
22:19:22 **** Auto Build of configuration Debug for project rsa_design_example ****
make pre-build main-build 
make[1]: Entering directory `/users/start2015/r0575928/Desktop/ddplatforms_2017/package/rsa-project/src/sdk/rsa_design_example/Debug'
a9-linaro-pre-build-step
 
Building file: ../src/hw.c
Invoking: ARM v7 gcc compiler
arm-none-eabi-gcc -Wall -O0 -g3 -c -fmessage-length=0 -MT"src/hw.o" -mcpu=cortex-a9 -mfpu=vfpv3 -mfloat-abi=hard -I../../rsa_design_example_bsp/ps7_cortexa9_0/include -MMD -MP -MF"src/hw.d" -MT"src/hw.o" -o "src/hw.o" "../src/hw.c"
../src/hw.c: In function 'hw_mod_exp':
../src/hw.c:85:12: error: invalid operands to binary >> (have 'uint32_t *' and 'int')
  One = One >> 16;
            ^
make[1]: *** [src/hw.o] Error 1
make[1]: Leaving directory `/users/start2015/r0575928/Desktop/ddplatforms_2017/package/rsa-project/src/sdk/rsa_design_example/Debug'
22:19:41 **** Auto Build of configuration Debug for project rsa_design_example ****
make pre-build main-build 
make[1]: Entering directory `/users/start2015/r0575928/Desktop/ddplatforms_2017/package/rsa-project/src/sdk/rsa_design_example/Debug'
a9-linaro-pre-build-step
 
Building file: ../src/hw.c
Invoking: ARM v7 gcc compiler
arm-none-eabi-gcc -Wall -O0 -g3 -c -fmessage-length=0 -MT"src/hw.o" -mcpu=cortex-a9 -mfpu=vfpv3 -mfloat-abi=hard -I../../rsa_design_example_bsp/ps7_cortexa9_0/include -MMD -MP -MF"src/hw.d" -MT"src/hw.o" -o "src/hw.o" "../src/hw.c"
../src/hw.c: In function 'hw_mod_exp':
../src/hw.c:85:12: error: invalid operands to binary >> (have 'uint32_t *' and 'int')
  One = One >> 16;
            ^
make[1]: *** [src/hw.o] Error 1
make[1]: Leaving directory `/users/start2015/r0575928/Desktop/ddplatforms_2017/package/rsa-project/src/sdk/rsa_design_example/Debug'
22:19:48 **** Auto Build of configuration Debug for project rsa_design_example ****
make pre-build main-build 
make[1]: Entering directory `/users/start2015/r0575928/Desktop/ddplatforms_2017/package/rsa-project/src/sdk/rsa_design_example/Debug'
a9-linaro-pre-build-step
 
Building file: ../src/hw.c
Invoking: ARM v7 gcc compiler
arm-none-eabi-gcc -Wall -O0 -g3 -c -fmessage-length=0 -MT"src/hw.o" -mcpu=cortex-a9 -mfpu=vfpv3 -mfloat-abi=hard -I../../rsa_design_example_bsp/ps7_cortexa9_0/include -MMD -MP -MF"src/hw.d" -MT"src/hw.o" -o "src/hw.o" "../src/hw.c"
Finished building: ../src/hw.c
 
Building file: ../src/testvector.c
Invoking: ARM v7 gcc compiler
arm-none-eabi-gcc -Wall -O0 -g3 -c -fmessage-length=0 -MT"src/testvector.o" -mcpu=cortex-a9 -mfpu=vfpv3 -mfloat-abi=hard -I../../rsa_design_example_bsp/ps7_cortexa9_0/include -MMD -MP -MF"src/testvector.d" -MT"src/testvector.o" -o "src/testvector.o" "../src/testvector.c"
Finished building: ../src/testvector.c
 
Building target: rsa_design_example.elf
Invoking: ARM v7 gcc linker
arm-none-eabi-gcc -mcpu=cortex-a9 -mfpu=vfpv3 -mfloat-abi=hard -Wl,-build-id=none -specs=Xilinx.spec -Wl,-T -Wl,../src/lscript.ld -L../../rsa_design_example_bsp/ps7_cortexa9_0/lib -o "rsa_design_example.elf"  ./src/platform/platform.o  ./src/asm_add.o ./src/asm_func.o ./src/hw.o ./src/inner_loop.o ./src/inner_loop2.o ./src/inner_loop3.o ./src/interface.o ./src/main.o ./src/sw.o ./src/testvector.o   -Wl,--start-group,-lxil,-lgcc,-lc,--end-group
Finished building target: rsa_design_example.elf
 
Invoking: ARM v7 Print Size
arm-none-eabi-size rsa_design_example.elf  |tee "rsa_design_example.elf.size"
   text	   data	    bss	    dec	    hex	filename
  84180	   5736	  23612	 113528	  1bb78	rsa_design_example.elf
Finished building: rsa_design_example.elf.size
 
make[1]: Leaving directory `/users/start2015/r0575928/Desktop/ddplatforms_2017/package/rsa-project/src/sdk/rsa_design_example/Debug'
22:19:51 **** Incremental Build of configuration Debug for project rsa_design_example ****
make pre-build main-build 
make[1]: Entering directory `/users/start2015/r0575928/Desktop/ddplatforms_2017/package/rsa-project/src/sdk/rsa_design_example/Debug'
a9-linaro-pre-build-step
 
make[1]: Nothing to be done for `main-build'.
make[1]: Leaving directory `/users/start2015/r0575928/Desktop/ddplatforms_2017/package/rsa-project/src/sdk/rsa_design_example/Debug'
22:20:45 **** Auto Build of configuration Debug for project rsa_design_example ****
make pre-build main-build 
make[1]: Entering directory `/users/start2015/r0575928/Desktop/ddplatforms_2017/package/rsa-project/src/sdk/rsa_design_example/Debug'
a9-linaro-pre-build-step
 
Building file: ../src/main.c
Invoking: ARM v7 gcc compiler
arm-none-eabi-gcc -Wall -O0 -g3 -c -fmessage-length=0 -MT"src/main.o" -mcpu=cortex-a9 -mfpu=vfpv3 -mfloat-abi=hard -I../../rsa_design_example_bsp/ps7_cortexa9_0/include -MMD -MP -MF"src/main.d" -MT"src/main.o" -o "src/main.o" "../src/main.c"
../src/main.c: In function 'main':
../src/main.c:134:5: warning: format '%u' expects argument of type 'unsigned int', but argument 2 has type 'uint32_t' [-Wformat=]
     STOP_TIMING
     ^
../src/main.c:134:5: warning: format '%u' expects argument of type 'unsigned int', but argument 2 has type 'uint32_t' [-Wformat=]
../src/main.c:145:15: warning: unused variable 'src' [-Wunused-variable]
  unsigned int src[DMA_TRANSFER_NUMBER_OF_WORDS]={
               ^
../src/main.c:105:9: warning: unused variable 'i' [-Wunused-variable]
     int i;
         ^
Finished building: ../src/main.c
 
Building target: rsa_design_example.elf
Invoking: ARM v7 gcc linker
arm-none-eabi-gcc -mcpu=cortex-a9 -mfpu=vfpv3 -mfloat-abi=hard -Wl,-build-id=none -specs=Xilinx.spec -Wl,-T -Wl,../src/lscript.ld -L../../rsa_design_example_bsp/ps7_cortexa9_0/lib -o "rsa_design_example.elf"  ./src/platform/platform.o  ./src/asm_add.o ./src/asm_func.o ./src/hw.o ./src/inner_loop.o ./src/inner_loop2.o ./src/inner_loop3.o ./src/interface.o ./src/main.o ./src/sw.o ./src/testvector.o   -Wl,--start-group,-lxil,-lgcc,-lc,--end-group
Finished building target: rsa_design_example.elf
 
Invoking: ARM v7 Print Size
arm-none-eabi-size rsa_design_example.elf  |tee "rsa_design_example.elf.size"
   text	   data	    bss	    dec	    hex	filename
  84180	   5736	  23548	 113464	  1bb38	rsa_design_example.elf
Finished building: rsa_design_example.elf.size
 
make[1]: Leaving directory `/users/start2015/r0575928/Desktop/ddplatforms_2017/package/rsa-project/src/sdk/rsa_design_example/Debug'
22:20:47 **** Incremental Build of configuration Debug for project rsa_design_example ****
make pre-build main-build 
make[1]: Entering directory `/users/start2015/r0575928/Desktop/ddplatforms_2017/package/rsa-project/src/sdk/rsa_design_example/Debug'
a9-linaro-pre-build-step
 
make[1]: Nothing to be done for `main-build'.
make[1]: Leaving directory `/users/start2015/r0575928/Desktop/ddplatforms_2017/package/rsa-project/src/sdk/rsa_design_example/Debug'
22:23:02 **** Auto Build of configuration Debug for project rsa_design_example ****
make pre-build main-build 
make[1]: Entering directory `/users/start2015/r0575928/Desktop/ddplatforms_2017/package/rsa-project/src/sdk/rsa_design_example/Debug'
a9-linaro-pre-build-step
 
Building file: ../src/main.c
Invoking: ARM v7 gcc compiler
arm-none-eabi-gcc -Wall -O0 -g3 -c -fmessage-length=0 -MT"src/main.o" -mcpu=cortex-a9 -mfpu=vfpv3 -mfloat-abi=hard -I../../rsa_design_example_bsp/ps7_cortexa9_0/include -MMD -MP -MF"src/main.d" -MT"src/main.o" -o "src/main.o" "../src/main.c"
../src/main.c: In function 'main':
../src/main.c:134:5: warning: format '%u' expects argument of type 'unsigned int', but argument 2 has type 'uint32_t' [-Wformat=]
     STOP_TIMING
     ^
../src/main.c:134:5: warning: format '%u' expects argument of type 'unsigned int', but argument 2 has type 'uint32_t' [-Wformat=]
../src/main.c:145:15: warning: unused variable 'src' [-Wunused-variable]
  unsigned int src[DMA_TRANSFER_NUMBER_OF_WORDS]={
               ^
../src/main.c:105:9: warning: unused variable 'i' [-Wunused-variable]
     int i;
         ^
Finished building: ../src/main.c
 
Building target: rsa_design_example.elf
Invoking: ARM v7 gcc linker
arm-none-eabi-gcc -mcpu=cortex-a9 -mfpu=vfpv3 -mfloat-abi=hard -Wl,-build-id=none -specs=Xilinx.spec -Wl,-T -Wl,../src/lscript.ld -L../../rsa_design_example_bsp/ps7_cortexa9_0/lib -o "rsa_design_example.elf"  ./src/platform/platform.o  ./src/asm_add.o ./src/asm_func.o ./src/hw.o ./src/inner_loop.o ./src/inner_loop2.o ./src/inner_loop3.o ./src/interface.o ./src/main.o ./src/sw.o ./src/testvector.o   -Wl,--start-group,-lxil,-lgcc,-lc,--end-group
Finished building target: rsa_design_example.elf
 
Invoking: ARM v7 Print Size
arm-none-eabi-size rsa_design_example.elf  |tee "rsa_design_example.elf.size"
   text	   data	    bss	    dec	    hex	filename
  84180	   5736	  23548	 113464	  1bb38	rsa_design_example.elf
Finished building: rsa_design_example.elf.size
 
make[1]: Leaving directory `/users/start2015/r0575928/Desktop/ddplatforms_2017/package/rsa-project/src/sdk/rsa_design_example/Debug'
22:23:24 **** Incremental Build of configuration Debug for project rsa_design_example ****
make pre-build main-build 
make[1]: Entering directory `/users/start2015/r0575928/Desktop/ddplatforms_2017/package/rsa-project/src/sdk/rsa_design_example/Debug'
a9-linaro-pre-build-step
 
make[1]: Nothing to be done for `main-build'.
make[1]: Leaving directory `/users/start2015/r0575928/Desktop/ddplatforms_2017/package/rsa-project/src/sdk/rsa_design_example/Debug'
22:23:51 **** Auto Build of configuration Debug for project rsa_design_example ****
make pre-build main-build 
make[1]: Entering directory `/users/start2015/r0575928/Desktop/ddplatforms_2017/package/rsa-project/src/sdk/rsa_design_example/Debug'
a9-linaro-pre-build-step
 
Building file: ../src/main.c
Invoking: ARM v7 gcc compiler
arm-none-eabi-gcc -Wall -O0 -g3 -c -fmessage-length=0 -MT"src/main.o" -mcpu=cortex-a9 -mfpu=vfpv3 -mfloat-abi=hard -I../../rsa_design_example_bsp/ps7_cortexa9_0/include -MMD -MP -MF"src/main.d" -MT"src/main.o" -o "src/main.o" "../src/main.c"
../src/main.c: In function 'main':
../src/main.c:134:5: warning: format '%u' expects argument of type 'unsigned int', but argument 2 has type 'uint32_t' [-Wformat=]
     STOP_TIMING
     ^
../src/main.c:134:5: warning: format '%u' expects argument of type 'unsigned int', but argument 2 has type 'uint32_t' [-Wformat=]
../src/main.c:145:15: warning: unused variable 'src' [-Wunused-variable]
  unsigned int src[DMA_TRANSFER_NUMBER_OF_WORDS]={
               ^
../src/main.c:105:9: warning: unused variable 'i' [-Wunused-variable]
     int i;
         ^
Finished building: ../src/main.c
 
Building target: rsa_design_example.elf
Invoking: ARM v7 gcc linker
arm-none-eabi-gcc -mcpu=cortex-a9 -mfpu=vfpv3 -mfloat-abi=hard -Wl,-build-id=none -specs=Xilinx.spec -Wl,-T -Wl,../src/lscript.ld -L../../rsa_design_example_bsp/ps7_cortexa9_0/lib -o "rsa_design_example.elf"  ./src/platform/platform.o  ./src/asm_add.o ./src/asm_func.o ./src/hw.o ./src/inner_loop.o ./src/inner_loop2.o ./src/inner_loop3.o ./src/interface.o ./src/main.o ./src/sw.o ./src/testvector.o   -Wl,--start-group,-lxil,-lgcc,-lc,--end-group
Finished building target: rsa_design_example.elf
 
Invoking: ARM v7 Print Size
arm-none-eabi-size rsa_design_example.elf  |tee "rsa_design_example.elf.size"
   text	   data	    bss	    dec	    hex	filename
  84180	   5736	  23612	 113528	  1bb78	rsa_design_example.elf
Finished building: rsa_design_example.elf.size
 
make[1]: Leaving directory `/users/start2015/r0575928/Desktop/ddplatforms_2017/package/rsa-project/src/sdk/rsa_design_example/Debug'
22:23:55 **** Incremental Build of configuration Debug for project rsa_design_example ****
make pre-build main-build 
make[1]: Entering directory `/users/start2015/r0575928/Desktop/ddplatforms_2017/package/rsa-project/src/sdk/rsa_design_example/Debug'
a9-linaro-pre-build-step
 
make[1]: Nothing to be done for `main-build'.
make[1]: Leaving directory `/users/start2015/r0575928/Desktop/ddplatforms_2017/package/rsa-project/src/sdk/rsa_design_example/Debug'
22:28:17 **** Auto Build of configuration Debug for project rsa_design_example ****
make pre-build main-build 
make[1]: Entering directory `/users/start2015/r0575928/Desktop/ddplatforms_2017/package/rsa-project/src/sdk/rsa_design_example/Debug'
a9-linaro-pre-build-step
 
Building file: ../src/testvector.c
Invoking: ARM v7 gcc compiler
arm-none-eabi-gcc -Wall -O0 -g3 -c -fmessage-length=0 -MT"src/testvector.o" -mcpu=cortex-a9 -mfpu=vfpv3 -mfloat-abi=hard -I../../rsa_design_example_bsp/ps7_cortexa9_0/include -MMD -MP -MF"src/testvector.d" -MT"src/testvector.o" -o "src/testvector.o" "../src/testvector.c"
Finished building: ../src/testvector.c
 
Building target: rsa_design_example.elf
Invoking: ARM v7 gcc linker
arm-none-eabi-gcc -mcpu=cortex-a9 -mfpu=vfpv3 -mfloat-abi=hard -Wl,-build-id=none -specs=Xilinx.spec -Wl,-T -Wl,../src/lscript.ld -L../../rsa_design_example_bsp/ps7_cortexa9_0/lib -o "rsa_design_example.elf"  ./src/platform/platform.o  ./src/asm_add.o ./src/asm_func.o ./src/hw.o ./src/inner_loop.o ./src/inner_loop2.o ./src/inner_loop3.o ./src/interface.o ./src/main.o ./src/sw.o ./src/testvector.o   -Wl,--start-group,-lxil,-lgcc,-lc,--end-group
Finished building target: rsa_design_example.elf
 
Invoking: ARM v7 Print Size
arm-none-eabi-size rsa_design_example.elf  |tee "rsa_design_example.elf.size"
   text	   data	    bss	    dec	    hex	filename
  84180	   5800	  23612	 113592	  1bbb8	rsa_design_example.elf
Finished building: rsa_design_example.elf.size
 
make[1]: Leaving directory `/users/start2015/r0575928/Desktop/ddplatforms_2017/package/rsa-project/src/sdk/rsa_design_example/Debug'
22:28:20 **** Incremental Build of configuration Debug for project rsa_design_example ****
make pre-build main-build 
make[1]: Entering directory `/users/start2015/r0575928/Desktop/ddplatforms_2017/package/rsa-project/src/sdk/rsa_design_example/Debug'
a9-linaro-pre-build-step
 
make[1]: Nothing to be done for `main-build'.
make[1]: Leaving directory `/users/start2015/r0575928/Desktop/ddplatforms_2017/package/rsa-project/src/sdk/rsa_design_example/Debug'
22:34:20 **** Auto Build of configuration Debug for project rsa_design_example ****
make pre-build main-build 
make[1]: Entering directory `/users/start2015/r0575928/Desktop/ddplatforms_2017/package/rsa-project/src/sdk/rsa_design_example/Debug'
a9-linaro-pre-build-step
 
Building file: ../src/hw.c
Invoking: ARM v7 gcc compiler
arm-none-eabi-gcc -Wall -O0 -g3 -c -fmessage-length=0 -MT"src/hw.o" -mcpu=cortex-a9 -mfpu=vfpv3 -mfloat-abi=hard -I../../rsa_design_example_bsp/ps7_cortexa9_0/include -MMD -MP -MF"src/hw.d" -MT"src/hw.o" -o "src/hw.o" "../src/hw.c"
../src/hw.c: In function 'hw_mod_exp':
../src/hw.c:85:68: warning: passing argument 4 of 'hw_montgomery_multiply' from incompatible pointer type
  hw_montgomery_multiply(A, (unsigned int *)One, (unsigned int *)n, res, 16);
                                                                    ^
In file included from ../src/hw.c:1:0:
../src/hw.h:10:6: note: expected 'unsigned int *' but argument is of type 'uint32_t *'
 void hw_montgomery_multiply(unsigned int *a, unsigned int  *b, unsigned int  *n, unsigned int  *res, unsigned int  size);
      ^
Finished building: ../src/hw.c
 
Building target: rsa_design_example.elf
Invoking: ARM v7 gcc linker
arm-none-eabi-gcc -mcpu=cortex-a9 -mfpu=vfpv3 -mfloat-abi=hard -Wl,-build-id=none -specs=Xilinx.spec -Wl,-T -Wl,../src/lscript.ld -L../../rsa_design_example_bsp/ps7_cortexa9_0/lib -o "rsa_design_example.elf"  ./src/platform/platform.o  ./src/asm_add.o ./src/asm_func.o ./src/hw.o ./src/inner_loop.o ./src/inner_loop2.o ./src/inner_loop3.o ./src/interface.o ./src/main.o ./src/sw.o ./src/testvector.o   -Wl,--start-group,-lxil,-lgcc,-lc,--end-group
Finished building target: rsa_design_example.elf
 
Invoking: ARM v7 Print Size
arm-none-eabi-size rsa_design_example.elf  |tee "rsa_design_example.elf.size"
   text	   data	    bss	    dec	    hex	filename
  84180	   5800	  23612	 113592	  1bbb8	rsa_design_example.elf
Finished building: rsa_design_example.elf.size
 
make[1]: Leaving directory `/users/start2015/r0575928/Desktop/ddplatforms_2017/package/rsa-project/src/sdk/rsa_design_example/Debug'
22:34:35 **** Auto Build of configuration Debug for project rsa_design_example ****
make pre-build main-build 
make[1]: Entering directory `/users/start2015/r0575928/Desktop/ddplatforms_2017/package/rsa-project/src/sdk/rsa_design_example/Debug'
a9-linaro-pre-build-step
 
Building file: ../src/main.c
Invoking: ARM v7 gcc compiler
arm-none-eabi-gcc -Wall -O0 -g3 -c -fmessage-length=0 -MT"src/main.o" -mcpu=cortex-a9 -mfpu=vfpv3 -mfloat-abi=hard -I../../rsa_design_example_bsp/ps7_cortexa9_0/include -MMD -MP -MF"src/main.d" -MT"src/main.o" -o "src/main.o" "../src/main.c"
../src/main.c: In function 'main':
../src/main.c:134:5: warning: format '%u' expects argument of type 'unsigned int', but argument 2 has type 'uint32_t' [-Wformat=]
     STOP_TIMING
     ^
../src/main.c:134:5: warning: format '%u' expects argument of type 'unsigned int', but argument 2 has type 'uint32_t' [-Wformat=]
../src/main.c:145:15: warning: unused variable 'src' [-Wunused-variable]
  unsigned int src[DMA_TRANSFER_NUMBER_OF_WORDS]={
               ^
../src/main.c:105:9: warning: unused variable 'i' [-Wunused-variable]
     int i;
         ^
Finished building: ../src/main.c
 
Building target: rsa_design_example.elf
Invoking: ARM v7 gcc linker
arm-none-eabi-gcc -mcpu=cortex-a9 -mfpu=vfpv3 -mfloat-abi=hard -Wl,-build-id=none -specs=Xilinx.spec -Wl,-T -Wl,../src/lscript.ld -L../../rsa_design_example_bsp/ps7_cortexa9_0/lib -o "rsa_design_example.elf"  ./src/platform/platform.o  ./src/asm_add.o ./src/asm_func.o ./src/hw.o ./src/inner_loop.o ./src/inner_loop2.o ./src/inner_loop3.o ./src/interface.o ./src/main.o ./src/sw.o ./src/testvector.o   -Wl,--start-group,-lxil,-lgcc,-lc,--end-group
Finished building target: rsa_design_example.elf
 
Invoking: ARM v7 Print Size
arm-none-eabi-size rsa_design_example.elf  |tee "rsa_design_example.elf.size"
   text	   data	    bss	    dec	    hex	filename
  84180	   5800	  23612	 113592	  1bbb8	rsa_design_example.elf
Finished building: rsa_design_example.elf.size
 
make[1]: Leaving directory `/users/start2015/r0575928/Desktop/ddplatforms_2017/package/rsa-project/src/sdk/rsa_design_example/Debug'
22:34:37 **** Incremental Build of configuration Debug for project rsa_design_example ****
make pre-build main-build 
make[1]: Entering directory `/users/start2015/r0575928/Desktop/ddplatforms_2017/package/rsa-project/src/sdk/rsa_design_example/Debug'
a9-linaro-pre-build-step
 
make[1]: Nothing to be done for `main-build'.
make[1]: Leaving directory `/users/start2015/r0575928/Desktop/ddplatforms_2017/package/rsa-project/src/sdk/rsa_design_example/Debug'
22:34:50 **** Incremental Build of configuration Debug for project rsa_design_example ****
make pre-build main-build 
make[1]: Entering directory `/users/start2015/r0575928/Desktop/ddplatforms_2017/package/rsa-project/src/sdk/rsa_design_example/Debug'
a9-linaro-pre-build-step
 
make[1]: Nothing to be done for `main-build'.
make[1]: Leaving directory `/users/start2015/r0575928/Desktop/ddplatforms_2017/package/rsa-project/src/sdk/rsa_design_example/Debug'
22:36:02 **** Incremental Build of configuration Debug for project rsa_design_example ****
make pre-build main-build 
make[1]: Entering directory `/users/start2015/r0575928/Desktop/ddplatforms_2017/package/rsa-project/src/sdk/rsa_design_example/Debug'
a9-linaro-pre-build-step
 
make[1]: Nothing to be done for `main-build'.
make[1]: Leaving directory `/users/start2015/r0575928/Desktop/ddplatforms_2017/package/rsa-project/src/sdk/rsa_design_example/Debug'
22:40:31 **** Incremental Build of configuration Debug for project rsa_design_example ****
make pre-build main-build 
make[1]: Entering directory `/users/start2015/r0575928/Desktop/ddplatforms_2017/package/rsa-project/src/sdk/rsa_design_example/Debug'
a9-linaro-pre-build-step
 
make[1]: Nothing to be done for `main-build'.
make[1]: Leaving directory `/users/start2015/r0575928/Desktop/ddplatforms_2017/package/rsa-project/src/sdk/rsa_design_example/Debug'
23:03:44 **** Auto Build of configuration Debug for project rsa_design_example ****
make pre-build main-build 
make[1]: Entering directory `/users/start2015/r0575928/Desktop/ddplatforms_2017/package/rsa-project/src/sdk/rsa_design_example/Debug'
a9-linaro-pre-build-step
 
Building file: ../src/hw.c
Invoking: ARM v7 gcc compiler
arm-none-eabi-gcc -Wall -O0 -g3 -c -fmessage-length=0 -MT"src/hw.o" -mcpu=cortex-a9 -mfpu=vfpv3 -mfloat-abi=hard -I../../rsa_design_example_bsp/ps7_cortexa9_0/include -MMD -MP -MF"src/hw.d" -MT"src/hw.o" -o "src/hw.o" "../src/hw.c"
../src/hw.c: In function 'hw_mod_exp':
../src/hw.c:49:25: warning: passing argument 1 of 'hw_montgomery_multiply' from incompatible pointer type
  hw_montgomery_multiply(msg, (unsigned int *)R2, (unsigned int *)n, x_tilde, 16);
                         ^
In file included from ../src/hw.c:1:0:
../src/hw.h:10:6: note: expected 'unsigned int *' but argument is of type 'uint32_t *'
 void hw_montgomery_multiply(unsigned int *a, unsigned int  *b, unsigned int  *n, unsigned int  *res, unsigned int  size);
      ^
../src/hw.c:85:68: warning: passing argument 4 of 'hw_montgomery_multiply' from incompatible pointer type
  hw_montgomery_multiply(A, (unsigned int *)One, (unsigned int *)n, res, 16);
                                                                    ^
In file included from ../src/hw.c:1:0:
../src/hw.h:10:6: note: expected 'unsigned int *' but argument is of type 'uint32_t *'
 void hw_montgomery_multiply(unsigned int *a, unsigned int  *b, unsigned int  *n, unsigned int  *res, unsigned int  size);
      ^
Finished building: ../src/hw.c
 
Building target: rsa_design_example.elf
Invoking: ARM v7 gcc linker
arm-none-eabi-gcc -mcpu=cortex-a9 -mfpu=vfpv3 -mfloat-abi=hard -Wl,-build-id=none -specs=Xilinx.spec -Wl,-T -Wl,../src/lscript.ld -L../../rsa_design_example_bsp/ps7_cortexa9_0/lib -o "rsa_design_example.elf"  ./src/platform/platform.o  ./src/asm_add.o ./src/asm_func.o ./src/hw.o ./src/inner_loop.o ./src/inner_loop2.o ./src/inner_loop3.o ./src/interface.o ./src/main.o ./src/sw.o ./src/testvector.o   -Wl,--start-group,-lxil,-lgcc,-lc,--end-group
Finished building target: rsa_design_example.elf
 
Invoking: ARM v7 Print Size
arm-none-eabi-size rsa_design_example.elf  |tee "rsa_design_example.elf.size"
   text	   data	    bss	    dec	    hex	filename
  84180	   5800	  23612	 113592	  1bbb8	rsa_design_example.elf
Finished building: rsa_design_example.elf.size
 
make[1]: Leaving directory `/users/start2015/r0575928/Desktop/ddplatforms_2017/package/rsa-project/src/sdk/rsa_design_example/Debug'
23:04:20 **** Auto Build of configuration Debug for project rsa_design_example ****
make pre-build main-build 
make[1]: Entering directory `/users/start2015/r0575928/Desktop/ddplatforms_2017/package/rsa-project/src/sdk/rsa_design_example/Debug'
a9-linaro-pre-build-step
 
Building file: ../src/hw.c
Invoking: ARM v7 gcc compiler
arm-none-eabi-gcc -Wall -O0 -g3 -c -fmessage-length=0 -MT"src/hw.o" -mcpu=cortex-a9 -mfpu=vfpv3 -mfloat-abi=hard -I../../rsa_design_example_bsp/ps7_cortexa9_0/include -MMD -MP -MF"src/hw.d" -MT"src/hw.o" -o "src/hw.o" "../src/hw.c"
../src/hw.c: In function 'hw_mod_exp':
../src/hw.c:85:68: warning: passing argument 4 of 'hw_montgomery_multiply' from incompatible pointer type
  hw_montgomery_multiply(A, (unsigned int *)One, (unsigned int *)n, res, 16);
                                                                    ^
In file included from ../src/hw.c:1:0:
../src/hw.h:10:6: note: expected 'unsigned int *' but argument is of type 'uint32_t *'
 void hw_montgomery_multiply(unsigned int *a, unsigned int  *b, unsigned int  *n, unsigned int  *res, unsigned int  size);
      ^
Finished building: ../src/hw.c
 
Building target: rsa_design_example.elf
Invoking: ARM v7 gcc linker
arm-none-eabi-gcc -mcpu=cortex-a9 -mfpu=vfpv3 -mfloat-abi=hard -Wl,-build-id=none -specs=Xilinx.spec -Wl,-T -Wl,../src/lscript.ld -L../../rsa_design_example_bsp/ps7_cortexa9_0/lib -o "rsa_design_example.elf"  ./src/platform/platform.o  ./src/asm_add.o ./src/asm_func.o ./src/hw.o ./src/inner_loop.o ./src/inner_loop2.o ./src/inner_loop3.o ./src/interface.o ./src/main.o ./src/sw.o ./src/testvector.o   -Wl,--start-group,-lxil,-lgcc,-lc,--end-group
Finished building target: rsa_design_example.elf
 
Invoking: ARM v7 Print Size
arm-none-eabi-size rsa_design_example.elf  |tee "rsa_design_example.elf.size"
   text	   data	    bss	    dec	    hex	filename
  84180	   5800	  23612	 113592	  1bbb8	rsa_design_example.elf
Finished building: rsa_design_example.elf.size
 
make[1]: Leaving directory `/users/start2015/r0575928/Desktop/ddplatforms_2017/package/rsa-project/src/sdk/rsa_design_example/Debug'
23:05:30 **** Auto Build of configuration Debug for project rsa_design_example ****
make pre-build main-build 
make[1]: Entering directory `/users/start2015/r0575928/Desktop/ddplatforms_2017/package/rsa-project/src/sdk/rsa_design_example/Debug'
a9-linaro-pre-build-step
 
Building file: ../src/hw.c
Invoking: ARM v7 gcc compiler
arm-none-eabi-gcc -Wall -O0 -g3 -c -fmessage-length=0 -MT"src/hw.o" -mcpu=cortex-a9 -mfpu=vfpv3 -mfloat-abi=hard -I../../rsa_design_example_bsp/ps7_cortexa9_0/include -MMD -MP -MF"src/hw.d" -MT"src/hw.o" -o "src/hw.o" "../src/hw.c"
../src/hw.c: In function 'hw_mod_exp':
../src/hw.c:85:68: warning: passing argument 4 of 'hw_montgomery_multiply' from incompatible pointer type
  hw_montgomery_multiply(A, (unsigned int *)One, (unsigned int *)n, res, 16);
                                                                    ^
In file included from ../src/hw.c:1:0:
../src/hw.h:10:6: note: expected 'unsigned int *' but argument is of type 'uint32_t *'
 void hw_montgomery_multiply(unsigned int *a, unsigned int  *b, unsigned int  *n, unsigned int  *res, unsigned int  size);
      ^
Finished building: ../src/hw.c
 
Building target: rsa_design_example.elf
Invoking: ARM v7 gcc linker
arm-none-eabi-gcc -mcpu=cortex-a9 -mfpu=vfpv3 -mfloat-abi=hard -Wl,-build-id=none -specs=Xilinx.spec -Wl,-T -Wl,../src/lscript.ld -L../../rsa_design_example_bsp/ps7_cortexa9_0/lib -o "rsa_design_example.elf"  ./src/platform/platform.o  ./src/asm_add.o ./src/asm_func.o ./src/hw.o ./src/inner_loop.o ./src/inner_loop2.o ./src/inner_loop3.o ./src/interface.o ./src/main.o ./src/sw.o ./src/testvector.o   -Wl,--start-group,-lxil,-lgcc,-lc,--end-group
Finished building target: rsa_design_example.elf
 
Invoking: ARM v7 Print Size
arm-none-eabi-size rsa_design_example.elf  |tee "rsa_design_example.elf.size"
   text	   data	    bss	    dec	    hex	filename
  84180	   5800	  23612	 113592	  1bbb8	rsa_design_example.elf
Finished building: rsa_design_example.elf.size
 
make[1]: Leaving directory `/users/start2015/r0575928/Desktop/ddplatforms_2017/package/rsa-project/src/sdk/rsa_design_example/Debug'
23:18:51 **** Incremental Build of configuration Debug for project rsa_design_example ****
make pre-build main-build 
make[1]: Entering directory `/users/start2015/r0575928/Desktop/ddplatforms_2017/package/rsa-project/src/sdk/rsa_design_example/Debug'
a9-linaro-pre-build-step
 
make[1]: Nothing to be done for `main-build'.
make[1]: Leaving directory `/users/start2015/r0575928/Desktop/ddplatforms_2017/package/rsa-project/src/sdk/rsa_design_example/Debug'
23:19:43 **** Incremental Build of configuration Debug for project rsa_design_example ****
make pre-build main-build 
make[1]: Entering directory `/users/start2015/r0575928/Desktop/ddplatforms_2017/package/rsa-project/src/sdk/rsa_design_example/Debug'
a9-linaro-pre-build-step
 
make[1]: Nothing to be done for `main-build'.
make[1]: Leaving directory `/users/start2015/r0575928/Desktop/ddplatforms_2017/package/rsa-project/src/sdk/rsa_design_example/Debug'
23:25:49 **** Incremental Build of configuration Debug for project rsa_design_example ****
make pre-build main-build 
make[1]: Entering directory `/users/start2015/r0575928/Desktop/ddplatforms_2017/package/rsa-project/src/sdk/rsa_design_example/Debug'
a9-linaro-pre-build-step
 
make[1]: Nothing to be done for `main-build'.
make[1]: Leaving directory `/users/start2015/r0575928/Desktop/ddplatforms_2017/package/rsa-project/src/sdk/rsa_design_example/Debug'
23:37:29 **** Incremental Build of configuration Debug for project rsa_design_example ****
make pre-build main-build 
make[1]: Entering directory `/users/start2015/r0575928/Desktop/ddplatforms_2017/package/rsa-project/src/sdk/rsa_design_example/Debug'
a9-linaro-pre-build-step
 
make[1]: Nothing to be done for `main-build'.
make[1]: Leaving directory `/users/start2015/r0575928/Desktop/ddplatforms_2017/package/rsa-project/src/sdk/rsa_design_example/Debug'
23:42:20 **** Incremental Build of configuration Debug for project rsa_design_example ****
make pre-build main-build 
make[1]: Entering directory `/users/start2015/r0575928/Desktop/ddplatforms_2017/package/rsa-project/src/sdk/rsa_design_example/Debug'
a9-linaro-pre-build-step
 
make[1]: Nothing to be done for `main-build'.
make[1]: Leaving directory `/users/start2015/r0575928/Desktop/ddplatforms_2017/package/rsa-project/src/sdk/rsa_design_example/Debug'
23:43:37 **** Incremental Build of configuration Debug for project rsa_design_example ****
make pre-build main-build 
make[1]: Entering directory `/users/start2015/r0575928/Desktop/ddplatforms_2017/package/rsa-project/src/sdk/rsa_design_example/Debug'
a9-linaro-pre-build-step
 
make[1]: Nothing to be done for `main-build'.
make[1]: Leaving directory `/users/start2015/r0575928/Desktop/ddplatforms_2017/package/rsa-project/src/sdk/rsa_design_example/Debug'
23:46:07 **** Incremental Build of configuration Debug for project rsa_design_example ****
make pre-build main-build 
make[1]: Entering directory `/users/start2015/r0575928/Desktop/ddplatforms_2017/package/rsa-project/src/sdk/rsa_design_example/Debug'
a9-linaro-pre-build-step
 
make[1]: Nothing to be done for `main-build'.
make[1]: Leaving directory `/users/start2015/r0575928/Desktop/ddplatforms_2017/package/rsa-project/src/sdk/rsa_design_example/Debug'
23:49:13 **** Auto Build of configuration Debug for project rsa_design_example ****
make pre-build main-build 
make[1]: Entering directory `/users/start2015/r0575928/Desktop/ddplatforms_2017/package/rsa-project/src/sdk/rsa_design_example/Debug'
a9-linaro-pre-build-step
 
Building file: ../src/hw.c
Invoking: ARM v7 gcc compiler
arm-none-eabi-gcc -Wall -O0 -g3 -c -fmessage-length=0 -MT"src/hw.o" -mcpu=cortex-a9 -mfpu=vfpv3 -mfloat-abi=hard -I../../rsa_design_example_bsp/ps7_cortexa9_0/include -MMD -MP -MF"src/hw.d" -MT"src/hw.o" -o "src/hw.o" "../src/hw.c"
../src/hw.c: In function 'hw_mod_exp':
../src/hw.c:85:68: warning: passing argument 4 of 'hw_montgomery_multiply' from incompatible pointer type
  hw_montgomery_multiply(A, (unsigned int *)One, (unsigned int *)n, res, 16);
                                                                    ^
In file included from ../src/hw.c:1:0:
../src/hw.h:10:6: note: expected 'unsigned int *' but argument is of type 'uint32_t *'
 void hw_montgomery_multiply(unsigned int *a, unsigned int  *b, unsigned int  *n, unsigned int  *res, unsigned int  size);
      ^
Finished building: ../src/hw.c
 
Building target: rsa_design_example.elf
Invoking: ARM v7 gcc linker
arm-none-eabi-gcc -mcpu=cortex-a9 -mfpu=vfpv3 -mfloat-abi=hard -Wl,-build-id=none -specs=Xilinx.spec -Wl,-T -Wl,../src/lscript.ld -L../../rsa_design_example_bsp/ps7_cortexa9_0/lib -o "rsa_design_example.elf"  ./src/platform/platform.o  ./src/asm_add.o ./src/asm_func.o ./src/hw.o ./src/inner_loop.o ./src/inner_loop2.o ./src/inner_loop3.o ./src/interface.o ./src/main.o ./src/sw.o ./src/testvector.o   -Wl,--start-group,-lxil,-lgcc,-lc,--end-group
Finished building target: rsa_design_example.elf
 
Invoking: ARM v7 Print Size
arm-none-eabi-size rsa_design_example.elf  |tee "rsa_design_example.elf.size"
   text	   data	    bss	    dec	    hex	filename
  84180	   5800	  23612	 113592	  1bbb8	rsa_design_example.elf
Finished building: rsa_design_example.elf.size
 
make[1]: Leaving directory `/users/start2015/r0575928/Desktop/ddplatforms_2017/package/rsa-project/src/sdk/rsa_design_example/Debug'
23:49:20 **** Incremental Build of configuration Debug for project rsa_design_example ****
make pre-build main-build 
make[1]: Entering directory `/users/start2015/r0575928/Desktop/ddplatforms_2017/package/rsa-project/src/sdk/rsa_design_example/Debug'
a9-linaro-pre-build-step
 
make[1]: Nothing to be done for `main-build'.
make[1]: Leaving directory `/users/start2015/r0575928/Desktop/ddplatforms_2017/package/rsa-project/src/sdk/rsa_design_example/Debug'
23:49:41 **** Incremental Build of configuration Debug for project rsa_design_example ****
make pre-build main-build 
make[1]: Entering directory `/users/start2015/r0575928/Desktop/ddplatforms_2017/package/rsa-project/src/sdk/rsa_design_example/Debug'
a9-linaro-pre-build-step
 
make[1]: Nothing to be done for `main-build'.
make[1]: Leaving directory `/users/start2015/r0575928/Desktop/ddplatforms_2017/package/rsa-project/src/sdk/rsa_design_example/Debug'
23:49:58 **** Auto Build of configuration Debug for project rsa_design_example ****
make pre-build main-build 
make[1]: Entering directory `/users/start2015/r0575928/Desktop/ddplatforms_2017/package/rsa-project/src/sdk/rsa_design_example/Debug'
a9-linaro-pre-build-step
 
Building file: ../src/hw.c
Invoking: ARM v7 gcc compiler
arm-none-eabi-gcc -Wall -O0 -g3 -c -fmessage-length=0 -MT"src/hw.o" -mcpu=cortex-a9 -mfpu=vfpv3 -mfloat-abi=hard -I../../rsa_design_example_bsp/ps7_cortexa9_0/include -MMD -MP -MF"src/hw.d" -MT"src/hw.o" -o "src/hw.o" "../src/hw.c"
../src/hw.c: In function 'hw_mod_exp':
../src/hw.c:85:68: warning: passing argument 4 of 'hw_montgomery_multiply' from incompatible pointer type
  hw_montgomery_multiply(A, (unsigned int *)One, (unsigned int *)n, res, 16);
                                                                    ^
In file included from ../src/hw.c:1:0:
../src/hw.h:10:6: note: expected 'unsigned int *' but argument is of type 'uint32_t *'
 void hw_montgomery_multiply(unsigned int *a, unsigned int  *b, unsigned int  *n, unsigned int  *res, unsigned int  size);
      ^
Finished building: ../src/hw.c
 
Building target: rsa_design_example.elf
Invoking: ARM v7 gcc linker
arm-none-eabi-gcc -mcpu=cortex-a9 -mfpu=vfpv3 -mfloat-abi=hard -Wl,-build-id=none -specs=Xilinx.spec -Wl,-T -Wl,../src/lscript.ld -L../../rsa_design_example_bsp/ps7_cortexa9_0/lib -o "rsa_design_example.elf"  ./src/platform/platform.o  ./src/asm_add.o ./src/asm_func.o ./src/hw.o ./src/inner_loop.o ./src/inner_loop2.o ./src/inner_loop3.o ./src/interface.o ./src/main.o ./src/sw.o ./src/testvector.o   -Wl,--start-group,-lxil,-lgcc,-lc,--end-group
Finished building target: rsa_design_example.elf
 
Invoking: ARM v7 Print Size
arm-none-eabi-size rsa_design_example.elf  |tee "rsa_design_example.elf.size"
   text	   data	    bss	    dec	    hex	filename
  84180	   5800	  23612	 113592	  1bbb8	rsa_design_example.elf
Finished building: rsa_design_example.elf.size
 
make[1]: Leaving directory `/users/start2015/r0575928/Desktop/ddplatforms_2017/package/rsa-project/src/sdk/rsa_design_example/Debug'
23:50:01 **** Incremental Build of configuration Debug for project rsa_design_example ****
make pre-build main-build 
make[1]: Entering directory `/users/start2015/r0575928/Desktop/ddplatforms_2017/package/rsa-project/src/sdk/rsa_design_example/Debug'
a9-linaro-pre-build-step
 
make[1]: Nothing to be done for `main-build'.
make[1]: Leaving directory `/users/start2015/r0575928/Desktop/ddplatforms_2017/package/rsa-project/src/sdk/rsa_design_example/Debug'
23:53:25 **** Auto Build of configuration Debug for project rsa_design_example ****
make pre-build main-build 
make[1]: Entering directory `/users/start2015/r0575928/Desktop/ddplatforms_2017/package/rsa-project/src/sdk/rsa_design_example/Debug'
a9-linaro-pre-build-step
 
Building file: ../src/hw.c
Invoking: ARM v7 gcc compiler
arm-none-eabi-gcc -Wall -O0 -g3 -c -fmessage-length=0 -MT"src/hw.o" -mcpu=cortex-a9 -mfpu=vfpv3 -mfloat-abi=hard -I../../rsa_design_example_bsp/ps7_cortexa9_0/include -MMD -MP -MF"src/hw.d" -MT"src/hw.o" -o "src/hw.o" "../src/hw.c"
../src/hw.c: In function 'hw_mod_exp':
../src/hw.c:85:68: warning: passing argument 4 of 'hw_montgomery_multiply' from incompatible pointer type
  hw_montgomery_multiply(A, (unsigned int *)One, (unsigned int *)n, res, 16);
                                                                    ^
In file included from ../src/hw.c:1:0:
../src/hw.h:10:6: note: expected 'unsigned int *' but argument is of type 'uint32_t *'
 void hw_montgomery_multiply(unsigned int *a, unsigned int  *b, unsigned int  *n, unsigned int  *res, unsigned int  size);
      ^
Finished building: ../src/hw.c
 
Building target: rsa_design_example.elf
Invoking: ARM v7 gcc linker
arm-none-eabi-gcc -mcpu=cortex-a9 -mfpu=vfpv3 -mfloat-abi=hard -Wl,-build-id=none -specs=Xilinx.spec -Wl,-T -Wl,../src/lscript.ld -L../../rsa_design_example_bsp/ps7_cortexa9_0/lib -o "rsa_design_example.elf"  ./src/platform/platform.o  ./src/asm_add.o ./src/asm_func.o ./src/hw.o ./src/inner_loop.o ./src/inner_loop2.o ./src/inner_loop3.o ./src/interface.o ./src/main.o ./src/sw.o ./src/testvector.o   -Wl,--start-group,-lxil,-lgcc,-lc,--end-group
Finished building target: rsa_design_example.elf
 
Invoking: ARM v7 Print Size
arm-none-eabi-size rsa_design_example.elf  |tee "rsa_design_example.elf.size"
   text	   data	    bss	    dec	    hex	filename
  84180	   5800	  23612	 113592	  1bbb8	rsa_design_example.elf
Finished building: rsa_design_example.elf.size
 
make[1]: Leaving directory `/users/start2015/r0575928/Desktop/ddplatforms_2017/package/rsa-project/src/sdk/rsa_design_example/Debug'
23:53:46 **** Incremental Build of configuration Debug for project rsa_design_example ****
make pre-build main-build 
make[1]: Entering directory `/users/start2015/r0575928/Desktop/ddplatforms_2017/package/rsa-project/src/sdk/rsa_design_example/Debug'
a9-linaro-pre-build-step
 
make[1]: Nothing to be done for `main-build'.
make[1]: Leaving directory `/users/start2015/r0575928/Desktop/ddplatforms_2017/package/rsa-project/src/sdk/rsa_design_example/Debug'
23:54:00 **** Incremental Build of configuration Debug for project rsa_design_example ****
make pre-build main-build 
make[1]: Entering directory `/users/start2015/r0575928/Desktop/ddplatforms_2017/package/rsa-project/src/sdk/rsa_design_example/Debug'
a9-linaro-pre-build-step
 
make[1]: Nothing to be done for `main-build'.
make[1]: Leaving directory `/users/start2015/r0575928/Desktop/ddplatforms_2017/package/rsa-project/src/sdk/rsa_design_example/Debug'
23:54:46 **** Incremental Build of configuration Debug for project rsa_design_example ****
make pre-build main-build 
make[1]: Entering directory `/users/start2015/r0575928/Desktop/ddplatforms_2017/package/rsa-project/src/sdk/rsa_design_example/Debug'
a9-linaro-pre-build-step
 
make[1]: Nothing to be done for `main-build'.
make[1]: Leaving directory `/users/start2015/r0575928/Desktop/ddplatforms_2017/package/rsa-project/src/sdk/rsa_design_example/Debug'
23:59:35 **** Auto Build of configuration Debug for project rsa_design_example ****
make pre-build main-build 
make[1]: Entering directory `/users/start2015/r0575928/Desktop/ddplatforms_2017/package/rsa-project/src/sdk/rsa_design_example/Debug'
a9-linaro-pre-build-step
 
Building file: ../src/hw.c
Invoking: ARM v7 gcc compiler
arm-none-eabi-gcc -Wall -O0 -g3 -c -fmessage-length=0 -MT"src/hw.o" -mcpu=cortex-a9 -mfpu=vfpv3 -mfloat-abi=hard -I../../rsa_design_example_bsp/ps7_cortexa9_0/include -MMD -MP -MF"src/hw.d" -MT"src/hw.o" -o "src/hw.o" "../src/hw.c"
../src/hw.c: In function 'hw_mod_exp':
../src/hw.c:88:68: warning: passing argument 4 of 'hw_montgomery_multiply' from incompatible pointer type
  hw_montgomery_multiply(A, (unsigned int *)One, (unsigned int *)n, res, 16);
                                                                    ^
In file included from ../src/hw.c:1:0:
../src/hw.h:10:6: note: expected 'unsigned int *' but argument is of type 'uint32_t *'
 void hw_montgomery_multiply(unsigned int *a, unsigned int  *b, unsigned int  *n, unsigned int  *res, unsigned int  size);
      ^
../src/hw.c:51:11: warning: variable 'debug_exp' set but not used [-Wunused-but-set-variable]
  uint32_t debug_exp[16];
           ^
Finished building: ../src/hw.c
 
Building target: rsa_design_example.elf
Invoking: ARM v7 gcc linker
arm-none-eabi-gcc -mcpu=cortex-a9 -mfpu=vfpv3 -mfloat-abi=hard -Wl,-build-id=none -specs=Xilinx.spec -Wl,-T -Wl,../src/lscript.ld -L../../rsa_design_example_bsp/ps7_cortexa9_0/lib -o "rsa_design_example.elf"  ./src/platform/platform.o  ./src/asm_add.o ./src/asm_func.o ./src/hw.o ./src/inner_loop.o ./src/inner_loop2.o ./src/inner_loop3.o ./src/interface.o ./src/main.o ./src/sw.o ./src/testvector.o   -Wl,--start-group,-lxil,-lgcc,-lc,--end-group
Finished building target: rsa_design_example.elf
 
Invoking: ARM v7 Print Size
arm-none-eabi-size rsa_design_example.elf  |tee "rsa_design_example.elf.size"
   text	   data	    bss	    dec	    hex	filename
  84244	   5800	  23612	 113656	  1bbf8	rsa_design_example.elf
Finished building: rsa_design_example.elf.size
 
make[1]: Leaving directory `/users/start2015/r0575928/Desktop/ddplatforms_2017/package/rsa-project/src/sdk/rsa_design_example/Debug'
00:00:02 **** Incremental Build of configuration Debug for project rsa_design_example ****
make pre-build main-build 
make[1]: Entering directory `/users/start2015/r0575928/Desktop/ddplatforms_2017/package/rsa-project/src/sdk/rsa_design_example/Debug'
a9-linaro-pre-build-step
 
make[1]: Nothing to be done for `main-build'.
make[1]: Leaving directory `/users/start2015/r0575928/Desktop/ddplatforms_2017/package/rsa-project/src/sdk/rsa_design_example/Debug'
00:05:33 **** Incremental Build of configuration Debug for project rsa_design_example ****
make pre-build main-build 
make[1]: Entering directory `/users/start2015/r0575928/Desktop/ddplatforms_2017/package/rsa-project/src/sdk/rsa_design_example/Debug'
a9-linaro-pre-build-step
 
make[1]: Nothing to be done for `main-build'.
make[1]: Leaving directory `/users/start2015/r0575928/Desktop/ddplatforms_2017/package/rsa-project/src/sdk/rsa_design_example/Debug'
00:18:55 **** Incremental Build of configuration Debug for project rsa_design_example ****
make pre-build main-build 
make[1]: Entering directory `/users/start2015/r0575928/Desktop/ddplatforms_2017/package/rsa-project/src/sdk/rsa_design_example/Debug'
a9-linaro-pre-build-step
 
make[1]: Nothing to be done for `main-build'.
make[1]: Leaving directory `/users/start2015/r0575928/Desktop/ddplatforms_2017/package/rsa-project/src/sdk/rsa_design_example/Debug'
00:29:24 **** Auto Build of configuration Debug for project rsa_design_example ****
make pre-build main-build 
make[1]: Entering directory `/users/start2015/r0575928/Desktop/ddplatforms_2017/package/rsa-project/src/sdk/rsa_design_example/Debug'
a9-linaro-pre-build-step
 
Building file: ../src/main.c
Invoking: ARM v7 gcc compiler
arm-none-eabi-gcc -Wall -O0 -g3 -c -fmessage-length=0 -MT"src/main.o" -mcpu=cortex-a9 -mfpu=vfpv3 -mfloat-abi=hard -I../../rsa_design_example_bsp/ps7_cortexa9_0/include -MMD -MP -MF"src/main.d" -MT"src/main.o" -o "src/main.o" "../src/main.c"
../src/main.c: In function 'main':
../src/main.c:134:5: warning: format '%u' expects argument of type 'unsigned int', but argument 2 has type 'uint32_t' [-Wformat=]
     STOP_TIMING
     ^
../src/main.c:134:5: warning: format '%u' expects argument of type 'unsigned int', but argument 2 has type 'uint32_t' [-Wformat=]
../src/main.c:145:15: warning: unused variable 'src' [-Wunused-variable]
  unsigned int src[DMA_TRANSFER_NUMBER_OF_WORDS]={
               ^
../src/main.c:105:9: warning: unused variable 'i' [-Wunused-variable]
     int i;
         ^
Finished building: ../src/main.c
 
Building target: rsa_design_example.elf
Invoking: ARM v7 gcc linker
arm-none-eabi-gcc -mcpu=cortex-a9 -mfpu=vfpv3 -mfloat-abi=hard -Wl,-build-id=none -specs=Xilinx.spec -Wl,-T -Wl,../src/lscript.ld -L../../rsa_design_example_bsp/ps7_cortexa9_0/lib -o "rsa_design_example.elf"  ./src/platform/platform.o  ./src/asm_add.o ./src/asm_func.o ./src/hw.o ./src/inner_loop.o ./src/inner_loop2.o ./src/inner_loop3.o ./src/interface.o ./src/main.o ./src/sw.o ./src/testvector.o   -Wl,--start-group,-lxil,-lgcc,-lc,--end-group
Finished building target: rsa_design_example.elf
 
Invoking: ARM v7 Print Size
arm-none-eabi-size rsa_design_example.elf  |tee "rsa_design_example.elf.size"
   text	   data	    bss	    dec	    hex	filename
  84244	   5800	  23612	 113656	  1bbf8	rsa_design_example.elf
Finished building: rsa_design_example.elf.size
 
make[1]: Leaving directory `/users/start2015/r0575928/Desktop/ddplatforms_2017/package/rsa-project/src/sdk/rsa_design_example/Debug'
00:30:07 **** Auto Build of configuration Debug for project rsa_design_example ****
make pre-build main-build 
make[1]: Entering directory `/users/start2015/r0575928/Desktop/ddplatforms_2017/package/rsa-project/src/sdk/rsa_design_example/Debug'
a9-linaro-pre-build-step
 
Building file: ../src/main.c
Invoking: ARM v7 gcc compiler
arm-none-eabi-gcc -Wall -O0 -g3 -c -fmessage-length=0 -MT"src/main.o" -mcpu=cortex-a9 -mfpu=vfpv3 -mfloat-abi=hard -I../../rsa_design_example_bsp/ps7_cortexa9_0/include -MMD -MP -MF"src/main.d" -MT"src/main.o" -o "src/main.o" "../src/main.c"
../src/main.c: In function 'main':
../src/main.c:134:5: warning: format '%u' expects argument of type 'unsigned int', but argument 2 has type 'uint32_t' [-Wformat=]
     STOP_TIMING
     ^
../src/main.c:134:5: warning: format '%u' expects argument of type 'unsigned int', but argument 2 has type 'uint32_t' [-Wformat=]
../src/main.c:145:15: warning: unused variable 'src' [-Wunused-variable]
  unsigned int src[DMA_TRANSFER_NUMBER_OF_WORDS]={
               ^
../src/main.c:105:9: warning: unused variable 'i' [-Wunused-variable]
     int i;
         ^
Finished building: ../src/main.c
 
Building target: rsa_design_example.elf
Invoking: ARM v7 gcc linker
arm-none-eabi-gcc -mcpu=cortex-a9 -mfpu=vfpv3 -mfloat-abi=hard -Wl,-build-id=none -specs=Xilinx.spec -Wl,-T -Wl,../src/lscript.ld -L../../rsa_design_example_bsp/ps7_cortexa9_0/lib -o "rsa_design_example.elf"  ./src/platform/platform.o  ./src/asm_add.o ./src/asm_func.o ./src/hw.o ./src/inner_loop.o ./src/inner_loop2.o ./src/inner_loop3.o ./src/interface.o ./src/main.o ./src/sw.o ./src/testvector.o   -Wl,--start-group,-lxil,-lgcc,-lc,--end-group
Finished building target: rsa_design_example.elf
 
Invoking: ARM v7 Print Size
arm-none-eabi-size rsa_design_example.elf  |tee "rsa_design_example.elf.size"
   text	   data	    bss	    dec	    hex	filename
  84244	   5800	  23612	 113656	  1bbf8	rsa_design_example.elf
Finished building: rsa_design_example.elf.size
 
make[1]: Leaving directory `/users/start2015/r0575928/Desktop/ddplatforms_2017/package/rsa-project/src/sdk/rsa_design_example/Debug'
00:31:57 **** Auto Build of configuration Debug for project rsa_design_example ****
make pre-build main-build 
make[1]: Entering directory `/users/start2015/r0575928/Desktop/ddplatforms_2017/package/rsa-project/src/sdk/rsa_design_example/Debug'
a9-linaro-pre-build-step
 
Building file: ../src/main.c
Invoking: ARM v7 gcc compiler
arm-none-eabi-gcc -Wall -O0 -g3 -c -fmessage-length=0 -MT"src/main.o" -mcpu=cortex-a9 -mfpu=vfpv3 -mfloat-abi=hard -I../../rsa_design_example_bsp/ps7_cortexa9_0/include -MMD -MP -MF"src/main.d" -MT"src/main.o" -o "src/main.o" "../src/main.c"
../src/main.c: In function 'main':
../src/main.c:134:5: warning: format '%u' expects argument of type 'unsigned int', but argument 2 has type 'uint32_t' [-Wformat=]
     STOP_TIMING
     ^
../src/main.c:134:5: warning: format '%u' expects argument of type 'unsigned int', but argument 2 has type 'uint32_t' [-Wformat=]
../src/main.c:145:15: warning: unused variable 'src' [-Wunused-variable]
  unsigned int src[DMA_TRANSFER_NUMBER_OF_WORDS]={
               ^
../src/main.c:105:9: warning: unused variable 'i' [-Wunused-variable]
     int i;
         ^
Finished building: ../src/main.c
 
Building target: rsa_design_example.elf
Invoking: ARM v7 gcc linker
arm-none-eabi-gcc -mcpu=cortex-a9 -mfpu=vfpv3 -mfloat-abi=hard -Wl,-build-id=none -specs=Xilinx.spec -Wl,-T -Wl,../src/lscript.ld -L../../rsa_design_example_bsp/ps7_cortexa9_0/lib -o "rsa_design_example.elf"  ./src/platform/platform.o  ./src/asm_add.o ./src/asm_func.o ./src/hw.o ./src/inner_loop.o ./src/inner_loop2.o ./src/inner_loop3.o ./src/interface.o ./src/main.o ./src/sw.o ./src/testvector.o   -Wl,--start-group,-lxil,-lgcc,-lc,--end-group
Finished building target: rsa_design_example.elf
 
Invoking: ARM v7 Print Size
arm-none-eabi-size rsa_design_example.elf  |tee "rsa_design_example.elf.size"
   text	   data	    bss	    dec	    hex	filename
  84308	   5800	  23612	 113720	  1bc38	rsa_design_example.elf
Finished building: rsa_design_example.elf.size
 
make[1]: Leaving directory `/users/start2015/r0575928/Desktop/ddplatforms_2017/package/rsa-project/src/sdk/rsa_design_example/Debug'
00:32:06 **** Incremental Build of configuration Debug for project rsa_design_example ****
make pre-build main-build 
make[1]: Entering directory `/users/start2015/r0575928/Desktop/ddplatforms_2017/package/rsa-project/src/sdk/rsa_design_example/Debug'
a9-linaro-pre-build-step
 
make[1]: Nothing to be done for `main-build'.
make[1]: Leaving directory `/users/start2015/r0575928/Desktop/ddplatforms_2017/package/rsa-project/src/sdk/rsa_design_example/Debug'
00:34:37 **** Incremental Build of configuration Debug for project rsa_design_example ****
make pre-build main-build 
make[1]: Entering directory `/users/start2015/r0575928/Desktop/ddplatforms_2017/package/rsa-project/src/sdk/rsa_design_example/Debug'
a9-linaro-pre-build-step
 
make[1]: Nothing to be done for `main-build'.
make[1]: Leaving directory `/users/start2015/r0575928/Desktop/ddplatforms_2017/package/rsa-project/src/sdk/rsa_design_example/Debug'
00:34:57 **** Auto Build of configuration Debug for project rsa_design_example ****
make pre-build main-build 
make[1]: Entering directory `/users/start2015/r0575928/Desktop/ddplatforms_2017/package/rsa-project/src/sdk/rsa_design_example/Debug'
a9-linaro-pre-build-step
 
Building file: ../src/main.c
Invoking: ARM v7 gcc compiler
arm-none-eabi-gcc -Wall -O0 -g3 -c -fmessage-length=0 -MT"src/main.o" -mcpu=cortex-a9 -mfpu=vfpv3 -mfloat-abi=hard -I../../rsa_design_example_bsp/ps7_cortexa9_0/include -MMD -MP -MF"src/main.d" -MT"src/main.o" -o "src/main.o" "../src/main.c"
../src/main.c: In function 'main':
../src/main.c:134:5: warning: format '%u' expects argument of type 'unsigned int', but argument 2 has type 'uint32_t' [-Wformat=]
     STOP_TIMING
     ^
../src/main.c:134:5: warning: format '%u' expects argument of type 'unsigned int', but argument 2 has type 'uint32_t' [-Wformat=]
../src/main.c:145:15: warning: unused variable 'src' [-Wunused-variable]
  unsigned int src[DMA_TRANSFER_NUMBER_OF_WORDS]={
               ^
../src/main.c:105:9: warning: unused variable 'i' [-Wunused-variable]
     int i;
         ^
Finished building: ../src/main.c
 
Building target: rsa_design_example.elf
Invoking: ARM v7 gcc linker
arm-none-eabi-gcc -mcpu=cortex-a9 -mfpu=vfpv3 -mfloat-abi=hard -Wl,-build-id=none -specs=Xilinx.spec -Wl,-T -Wl,../src/lscript.ld -L../../rsa_design_example_bsp/ps7_cortexa9_0/lib -o "rsa_design_example.elf"  ./src/platform/platform.o  ./src/asm_add.o ./src/asm_func.o ./src/hw.o ./src/inner_loop.o ./src/inner_loop2.o ./src/inner_loop3.o ./src/interface.o ./src/main.o ./src/sw.o ./src/testvector.o   -Wl,--start-group,-lxil,-lgcc,-lc,--end-group
Finished building target: rsa_design_example.elf
 
Invoking: ARM v7 Print Size
arm-none-eabi-size rsa_design_example.elf  |tee "rsa_design_example.elf.size"
   text	   data	    bss	    dec	    hex	filename
  84308	   5800	  23612	 113720	  1bc38	rsa_design_example.elf
Finished building: rsa_design_example.elf.size
 
make[1]: Leaving directory `/users/start2015/r0575928/Desktop/ddplatforms_2017/package/rsa-project/src/sdk/rsa_design_example/Debug'
00:34:59 **** Incremental Build of configuration Debug for project rsa_design_example ****
make pre-build main-build 
make[1]: Entering directory `/users/start2015/r0575928/Desktop/ddplatforms_2017/package/rsa-project/src/sdk/rsa_design_example/Debug'
a9-linaro-pre-build-step
 
make[1]: Nothing to be done for `main-build'.
make[1]: Leaving directory `/users/start2015/r0575928/Desktop/ddplatforms_2017/package/rsa-project/src/sdk/rsa_design_example/Debug'
00:37:10 **** Incremental Build of configuration Debug for project rsa_design_example ****
make pre-build main-build 
make[1]: Entering directory `/users/start2015/r0575928/Desktop/ddplatforms_2017/package/rsa-project/src/sdk/rsa_design_example/Debug'
a9-linaro-pre-build-step
 
make[1]: Nothing to be done for `main-build'.
make[1]: Leaving directory `/users/start2015/r0575928/Desktop/ddplatforms_2017/package/rsa-project/src/sdk/rsa_design_example/Debug'
00:37:32 **** Auto Build of configuration Debug for project rsa_design_example ****
make pre-build main-build 
make[1]: Entering directory `/users/start2015/r0575928/Desktop/ddplatforms_2017/package/rsa-project/src/sdk/rsa_design_example/Debug'
a9-linaro-pre-build-step
 
Building file: ../src/main.c
Invoking: ARM v7 gcc compiler
arm-none-eabi-gcc -Wall -O0 -g3 -c -fmessage-length=0 -MT"src/main.o" -mcpu=cortex-a9 -mfpu=vfpv3 -mfloat-abi=hard -I../../rsa_design_example_bsp/ps7_cortexa9_0/include -MMD -MP -MF"src/main.d" -MT"src/main.o" -o "src/main.o" "../src/main.c"
../src/main.c: In function 'main':
../src/main.c:134:5: warning: format '%u' expects argument of type 'unsigned int', but argument 2 has type 'uint32_t' [-Wformat=]
     STOP_TIMING
     ^
../src/main.c:134:5: warning: format '%u' expects argument of type 'unsigned int', but argument 2 has type 'uint32_t' [-Wformat=]
../src/main.c:145:15: warning: unused variable 'src' [-Wunused-variable]
  unsigned int src[DMA_TRANSFER_NUMBER_OF_WORDS]={
               ^
../src/main.c:105:9: warning: unused variable 'i' [-Wunused-variable]
     int i;
         ^
Finished building: ../src/main.c
 
Building target: rsa_design_example.elf
Invoking: ARM v7 gcc linker
arm-none-eabi-gcc -mcpu=cortex-a9 -mfpu=vfpv3 -mfloat-abi=hard -Wl,-build-id=none -specs=Xilinx.spec -Wl,-T -Wl,../src/lscript.ld -L../../rsa_design_example_bsp/ps7_cortexa9_0/lib -o "rsa_design_example.elf"  ./src/platform/platform.o  ./src/asm_add.o ./src/asm_func.o ./src/hw.o ./src/inner_loop.o ./src/inner_loop2.o ./src/inner_loop3.o ./src/interface.o ./src/main.o ./src/sw.o ./src/testvector.o   -Wl,--start-group,-lxil,-lgcc,-lc,--end-group
Finished building target: rsa_design_example.elf
 
Invoking: ARM v7 Print Size
arm-none-eabi-size rsa_design_example.elf  |tee "rsa_design_example.elf.size"
   text	   data	    bss	    dec	    hex	filename
  84308	   5800	  23612	 113720	  1bc38	rsa_design_example.elf
Finished building: rsa_design_example.elf.size
 
make[1]: Leaving directory `/users/start2015/r0575928/Desktop/ddplatforms_2017/package/rsa-project/src/sdk/rsa_design_example/Debug'
00:37:36 **** Incremental Build of configuration Debug for project rsa_design_example ****
make pre-build main-build 
make[1]: Entering directory `/users/start2015/r0575928/Desktop/ddplatforms_2017/package/rsa-project/src/sdk/rsa_design_example/Debug'
a9-linaro-pre-build-step
 
make[1]: Nothing to be done for `main-build'.
make[1]: Leaving directory `/users/start2015/r0575928/Desktop/ddplatforms_2017/package/rsa-project/src/sdk/rsa_design_example/Debug'
00:39:59 **** Auto Build of configuration Debug for project rsa_design_example ****
make pre-build main-build 
make[1]: Entering directory `/users/start2015/r0575928/Desktop/ddplatforms_2017/package/rsa-project/src/sdk/rsa_design_example/Debug'
a9-linaro-pre-build-step
 
Building file: ../src/hw.c
Invoking: ARM v7 gcc compiler
arm-none-eabi-gcc -Wall -O0 -g3 -c -fmessage-length=0 -MT"src/hw.o" -mcpu=cortex-a9 -mfpu=vfpv3 -mfloat-abi=hard -I../../rsa_design_example_bsp/ps7_cortexa9_0/include -MMD -MP -MF"src/hw.d" -MT"src/hw.o" -o "src/hw.o" "../src/hw.c"
../src/hw.c: In function 'hw_mod_exp':
../src/hw.c:77:20: warning: initialization makes integer from pointer without a cast
   unsigned int nn= (unsigned int *)n;
                    ^
../src/hw.c:78:32: warning: passing argument 3 of 'hw_montgomery_multiply' makes pointer from integer without a cast
   hw_montgomery_multiply(A, A, nn, A, 16);
                                ^
In file included from ../src/hw.c:1:0:
../src/hw.h:10:6: note: expected 'unsigned int *' but argument is of type 'unsigned int'
 void hw_montgomery_multiply(unsigned int *a, unsigned int  *b, unsigned int  *n, unsigned int  *res, unsigned int  size);
      ^
../src/hw.c:89:68: warning: passing argument 4 of 'hw_montgomery_multiply' from incompatible pointer type
  hw_montgomery_multiply(A, (unsigned int *)One, (unsigned int *)n, res, 16);
                                                                    ^
In file included from ../src/hw.c:1:0:
../src/hw.h:10:6: note: expected 'unsigned int *' but argument is of type 'uint32_t *'
 void hw_montgomery_multiply(unsigned int *a, unsigned int  *b, unsigned int  *n, unsigned int  *res, unsigned int  size);
      ^
../src/hw.c:51:11: warning: variable 'debug_exp' set but not used [-Wunused-but-set-variable]
  uint32_t debug_exp[16];
           ^
Finished building: ../src/hw.c
 
Building target: rsa_design_example.elf
Invoking: ARM v7 gcc linker
arm-none-eabi-gcc -mcpu=cortex-a9 -mfpu=vfpv3 -mfloat-abi=hard -Wl,-build-id=none -specs=Xilinx.spec -Wl,-T -Wl,../src/lscript.ld -L../../rsa_design_example_bsp/ps7_cortexa9_0/lib -o "rsa_design_example.elf"  ./src/platform/platform.o  ./src/asm_add.o ./src/asm_func.o ./src/hw.o ./src/inner_loop.o ./src/inner_loop2.o ./src/inner_loop3.o ./src/interface.o ./src/main.o ./src/sw.o ./src/testvector.o   -Wl,--start-group,-lxil,-lgcc,-lc,--end-group
Finished building target: rsa_design_example.elf
 
Invoking: ARM v7 Print Size
arm-none-eabi-size rsa_design_example.elf  |tee "rsa_design_example.elf.size"
   text	   data	    bss	    dec	    hex	filename
  84308	   5800	  23612	 113720	  1bc38	rsa_design_example.elf
Finished building: rsa_design_example.elf.size
 
make[1]: Leaving directory `/users/start2015/r0575928/Desktop/ddplatforms_2017/package/rsa-project/src/sdk/rsa_design_example/Debug'
00:40:13 **** Auto Build of configuration Debug for project rsa_design_example ****
make pre-build main-build 
make[1]: Entering directory `/users/start2015/r0575928/Desktop/ddplatforms_2017/package/rsa-project/src/sdk/rsa_design_example/Debug'
a9-linaro-pre-build-step
 
Building file: ../src/hw.c
Invoking: ARM v7 gcc compiler
arm-none-eabi-gcc -Wall -O0 -g3 -c -fmessage-length=0 -MT"src/hw.o" -mcpu=cortex-a9 -mfpu=vfpv3 -mfloat-abi=hard -I../../rsa_design_example_bsp/ps7_cortexa9_0/include -MMD -MP -MF"src/hw.d" -MT"src/hw.o" -o "src/hw.o" "../src/hw.c"
../src/hw.c: In function 'hw_mod_exp':
../src/hw.c:89:68: warning: passing argument 4 of 'hw_montgomery_multiply' from incompatible pointer type
  hw_montgomery_multiply(A, (unsigned int *)One, (unsigned int *)n, res, 16);
                                                                    ^
In file included from ../src/hw.c:1:0:
../src/hw.h:10:6: note: expected 'unsigned int *' but argument is of type 'uint32_t *'
 void hw_montgomery_multiply(unsigned int *a, unsigned int  *b, unsigned int  *n, unsigned int  *res, unsigned int  size);
      ^
../src/hw.c:51:11: warning: variable 'debug_exp' set but not used [-Wunused-but-set-variable]
  uint32_t debug_exp[16];
           ^
Finished building: ../src/hw.c
 
Building target: rsa_design_example.elf
Invoking: ARM v7 gcc linker
arm-none-eabi-gcc -mcpu=cortex-a9 -mfpu=vfpv3 -mfloat-abi=hard -Wl,-build-id=none -specs=Xilinx.spec -Wl,-T -Wl,../src/lscript.ld -L../../rsa_design_example_bsp/ps7_cortexa9_0/lib -o "rsa_design_example.elf"  ./src/platform/platform.o  ./src/asm_add.o ./src/asm_func.o ./src/hw.o ./src/inner_loop.o ./src/inner_loop2.o ./src/inner_loop3.o ./src/interface.o ./src/main.o ./src/sw.o ./src/testvector.o   -Wl,--start-group,-lxil,-lgcc,-lc,--end-group
Finished building target: rsa_design_example.elf
 
Invoking: ARM v7 Print Size
arm-none-eabi-size rsa_design_example.elf  |tee "rsa_design_example.elf.size"
   text	   data	    bss	    dec	    hex	filename
  84308	   5800	  23612	 113720	  1bc38	rsa_design_example.elf
Finished building: rsa_design_example.elf.size
 
make[1]: Leaving directory `/users/start2015/r0575928/Desktop/ddplatforms_2017/package/rsa-project/src/sdk/rsa_design_example/Debug'
00:40:21 **** Incremental Build of configuration Debug for project rsa_design_example ****
make pre-build main-build 
make[1]: Entering directory `/users/start2015/r0575928/Desktop/ddplatforms_2017/package/rsa-project/src/sdk/rsa_design_example/Debug'
a9-linaro-pre-build-step
 
make[1]: Nothing to be done for `main-build'.
make[1]: Leaving directory `/users/start2015/r0575928/Desktop/ddplatforms_2017/package/rsa-project/src/sdk/rsa_design_example/Debug'
00:49:11 **** Auto Build of configuration Debug for project rsa_design_example ****
make pre-build main-build 
make[1]: Entering directory `/users/start2015/r0575928/Desktop/ddplatforms_2017/package/rsa-project/src/sdk/rsa_design_example/Debug'
a9-linaro-pre-build-step
 
Building file: ../src/hw.c
Invoking: ARM v7 gcc compiler
arm-none-eabi-gcc -Wall -O0 -g3 -c -fmessage-length=0 -MT"src/hw.o" -mcpu=cortex-a9 -mfpu=vfpv3 -mfloat-abi=hard -I../../rsa_design_example_bsp/ps7_cortexa9_0/include -MMD -MP -MF"src/hw.d" -MT"src/hw.o" -o "src/hw.o" "../src/hw.c"
../src/hw.c: In function 'hw_mod_exp':
../src/hw.c:91:68: warning: passing argument 4 of 'hw_montgomery_multiply' from incompatible pointer type
  hw_montgomery_multiply(A, (unsigned int *)One, (unsigned int *)n, res, 16);
                                                                    ^
In file included from ../src/hw.c:1:0:
../src/hw.h:10:6: note: expected 'unsigned int *' but argument is of type 'uint32_t *'
 void hw_montgomery_multiply(unsigned int *a, unsigned int  *b, unsigned int  *n, unsigned int  *res, unsigned int  size);
      ^
../src/hw.c:51:11: warning: variable 'debug_exp' set but not used [-Wunused-but-set-variable]
  uint32_t debug_exp[16];
           ^
Finished building: ../src/hw.c
 
Building target: rsa_design_example.elf
Invoking: ARM v7 gcc linker
arm-none-eabi-gcc -mcpu=cortex-a9 -mfpu=vfpv3 -mfloat-abi=hard -Wl,-build-id=none -specs=Xilinx.spec -Wl,-T -Wl,../src/lscript.ld -L../../rsa_design_example_bsp/ps7_cortexa9_0/lib -o "rsa_design_example.elf"  ./src/platform/platform.o  ./src/asm_add.o ./src/asm_func.o ./src/hw.o ./src/inner_loop.o ./src/inner_loop2.o ./src/inner_loop3.o ./src/interface.o ./src/main.o ./src/sw.o ./src/testvector.o   -Wl,--start-group,-lxil,-lgcc,-lc,--end-group
Finished building target: rsa_design_example.elf
 
Invoking: ARM v7 Print Size
arm-none-eabi-size rsa_design_example.elf  |tee "rsa_design_example.elf.size"
   text	   data	    bss	    dec	    hex	filename
  84308	   5800	  23612	 113720	  1bc38	rsa_design_example.elf
Finished building: rsa_design_example.elf.size
 
make[1]: Leaving directory `/users/start2015/r0575928/Desktop/ddplatforms_2017/package/rsa-project/src/sdk/rsa_design_example/Debug'
00:50:08 **** Incremental Build of configuration Debug for project rsa_design_example ****
make pre-build main-build 
make[1]: Entering directory `/users/start2015/r0575928/Desktop/ddplatforms_2017/package/rsa-project/src/sdk/rsa_design_example/Debug'
a9-linaro-pre-build-step
 
make[1]: Nothing to be done for `main-build'.
make[1]: Leaving directory `/users/start2015/r0575928/Desktop/ddplatforms_2017/package/rsa-project/src/sdk/rsa_design_example/Debug'
00:51:34 **** Incremental Build of configuration Debug for project rsa_design_example ****
make pre-build main-build 
make[1]: Entering directory `/users/start2015/r0575928/Desktop/ddplatforms_2017/package/rsa-project/src/sdk/rsa_design_example/Debug'
a9-linaro-pre-build-step
 
make[1]: Nothing to be done for `main-build'.
make[1]: Leaving directory `/users/start2015/r0575928/Desktop/ddplatforms_2017/package/rsa-project/src/sdk/rsa_design_example/Debug'
00:52:37 **** Auto Build of configuration Debug for project rsa_design_example ****
make pre-build main-build 
make[1]: Entering directory `/users/start2015/r0575928/Desktop/ddplatforms_2017/package/rsa-project/src/sdk/rsa_design_example/Debug'
a9-linaro-pre-build-step
 
Building file: ../src/hw.c
Invoking: ARM v7 gcc compiler
arm-none-eabi-gcc -Wall -O0 -g3 -c -fmessage-length=0 -MT"src/hw.o" -mcpu=cortex-a9 -mfpu=vfpv3 -mfloat-abi=hard -I../../rsa_design_example_bsp/ps7_cortexa9_0/include -MMD -MP -MF"src/hw.d" -MT"src/hw.o" -o "src/hw.o" "../src/hw.c"
../src/hw.c: In function 'hw_mod_exp':
../src/hw.c:89:68: warning: passing argument 4 of 'hw_montgomery_multiply' from incompatible pointer type
  hw_montgomery_multiply(A, (unsigned int *)One, (unsigned int *)n, res, 16);
                                                                    ^
In file included from ../src/hw.c:1:0:
../src/hw.h:10:6: note: expected 'unsigned int *' but argument is of type 'uint32_t *'
 void hw_montgomery_multiply(unsigned int *a, unsigned int  *b, unsigned int  *n, unsigned int  *res, unsigned int  size);
      ^
../src/hw.c:51:11: warning: variable 'debug_exp' set but not used [-Wunused-but-set-variable]
  uint32_t debug_exp[16];
           ^
Finished building: ../src/hw.c
 
Building target: rsa_design_example.elf
Invoking: ARM v7 gcc linker
arm-none-eabi-gcc -mcpu=cortex-a9 -mfpu=vfpv3 -mfloat-abi=hard -Wl,-build-id=none -specs=Xilinx.spec -Wl,-T -Wl,../src/lscript.ld -L../../rsa_design_example_bsp/ps7_cortexa9_0/lib -o "rsa_design_example.elf"  ./src/platform/platform.o  ./src/asm_add.o ./src/asm_func.o ./src/hw.o ./src/inner_loop.o ./src/inner_loop2.o ./src/inner_loop3.o ./src/interface.o ./src/main.o ./src/sw.o ./src/testvector.o   -Wl,--start-group,-lxil,-lgcc,-lc,--end-group
Finished building target: rsa_design_example.elf
 
Invoking: ARM v7 Print Size
arm-none-eabi-size rsa_design_example.elf  |tee "rsa_design_example.elf.size"
   text	   data	    bss	    dec	    hex	filename
  84308	   5800	  23612	 113720	  1bc38	rsa_design_example.elf
Finished building: rsa_design_example.elf.size
 
make[1]: Leaving directory `/users/start2015/r0575928/Desktop/ddplatforms_2017/package/rsa-project/src/sdk/rsa_design_example/Debug'
00:52:45 **** Incremental Build of configuration Debug for project rsa_design_example ****
make pre-build main-build 
make[1]: Entering directory `/users/start2015/r0575928/Desktop/ddplatforms_2017/package/rsa-project/src/sdk/rsa_design_example/Debug'
a9-linaro-pre-build-step
 
make[1]: Nothing to be done for `main-build'.
make[1]: Leaving directory `/users/start2015/r0575928/Desktop/ddplatforms_2017/package/rsa-project/src/sdk/rsa_design_example/Debug'
00:54:09 **** Incremental Build of configuration Debug for project rsa_design_example ****
make pre-build main-build 
make[1]: Entering directory `/users/start2015/r0575928/Desktop/ddplatforms_2017/package/rsa-project/src/sdk/rsa_design_example/Debug'
a9-linaro-pre-build-step
 
make[1]: Nothing to be done for `main-build'.
make[1]: Leaving directory `/users/start2015/r0575928/Desktop/ddplatforms_2017/package/rsa-project/src/sdk/rsa_design_example/Debug'
00:58:19 **** Auto Build of configuration Debug for project rsa_design_example ****
make pre-build main-build 
make[1]: Entering directory `/users/start2015/r0575928/Desktop/ddplatforms_2017/package/rsa-project/src/sdk/rsa_design_example/Debug'
a9-linaro-pre-build-step
 
Building file: ../src/hw.c
Invoking: ARM v7 gcc compiler
arm-none-eabi-gcc -Wall -O0 -g3 -c -fmessage-length=0 -MT"src/hw.o" -mcpu=cortex-a9 -mfpu=vfpv3 -mfloat-abi=hard -I../../rsa_design_example_bsp/ps7_cortexa9_0/include -MMD -MP -MF"src/hw.d" -MT"src/hw.o" -o "src/hw.o" "../src/hw.c"
../src/hw.c: In function 'hw_mod_exp':
../src/hw.c:89:68: warning: passing argument 4 of 'hw_montgomery_multiply' from incompatible pointer type
  hw_montgomery_multiply(A, (unsigned int *)One, (unsigned int *)n, res, 16);
                                                                    ^
In file included from ../src/hw.c:1:0:
../src/hw.h:10:6: note: expected 'unsigned int *' but argument is of type 'uint32_t *'
 void hw_montgomery_multiply(unsigned int *a, unsigned int  *b, unsigned int  *n, unsigned int  *res, unsigned int  size);
      ^
../src/hw.c:51:11: warning: variable 'debug_exp' set but not used [-Wunused-but-set-variable]
  uint32_t debug_exp[16];
           ^
Finished building: ../src/hw.c
 
Building target: rsa_design_example.elf
Invoking: ARM v7 gcc linker
arm-none-eabi-gcc -mcpu=cortex-a9 -mfpu=vfpv3 -mfloat-abi=hard -Wl,-build-id=none -specs=Xilinx.spec -Wl,-T -Wl,../src/lscript.ld -L../../rsa_design_example_bsp/ps7_cortexa9_0/lib -o "rsa_design_example.elf"  ./src/platform/platform.o  ./src/asm_add.o ./src/asm_func.o ./src/hw.o ./src/inner_loop.o ./src/inner_loop2.o ./src/inner_loop3.o ./src/interface.o ./src/main.o ./src/sw.o ./src/testvector.o   -Wl,--start-group,-lxil,-lgcc,-lc,--end-group
Finished building target: rsa_design_example.elf
 
Invoking: ARM v7 Print Size
arm-none-eabi-size rsa_design_example.elf  |tee "rsa_design_example.elf.size"
   text	   data	    bss	    dec	    hex	filename
  84308	   5800	  23612	 113720	  1bc38	rsa_design_example.elf
Finished building: rsa_design_example.elf.size
 
make[1]: Leaving directory `/users/start2015/r0575928/Desktop/ddplatforms_2017/package/rsa-project/src/sdk/rsa_design_example/Debug'
00:58:23 **** Incremental Build of configuration Debug for project rsa_design_example ****
make pre-build main-build 
make[1]: Entering directory `/users/start2015/r0575928/Desktop/ddplatforms_2017/package/rsa-project/src/sdk/rsa_design_example/Debug'
a9-linaro-pre-build-step
 
make[1]: Nothing to be done for `main-build'.
make[1]: Leaving directory `/users/start2015/r0575928/Desktop/ddplatforms_2017/package/rsa-project/src/sdk/rsa_design_example/Debug'
00:59:05 **** Incremental Build of configuration Debug for project rsa_design_example ****
make pre-build main-build 
make[1]: Entering directory `/users/start2015/r0575928/Desktop/ddplatforms_2017/package/rsa-project/src/sdk/rsa_design_example/Debug'
a9-linaro-pre-build-step
 
make[1]: Nothing to be done for `main-build'.
make[1]: Leaving directory `/users/start2015/r0575928/Desktop/ddplatforms_2017/package/rsa-project/src/sdk/rsa_design_example/Debug'
00:59:34 **** Incremental Build of configuration Debug for project rsa_design_example ****
make pre-build main-build 
make[1]: Entering directory `/users/start2015/r0575928/Desktop/ddplatforms_2017/package/rsa-project/src/sdk/rsa_design_example/Debug'
a9-linaro-pre-build-step
 
make[1]: Nothing to be done for `main-build'.
make[1]: Leaving directory `/users/start2015/r0575928/Desktop/ddplatforms_2017/package/rsa-project/src/sdk/rsa_design_example/Debug'
01:00:14 **** Auto Build of configuration Debug for project rsa_design_example ****
make pre-build main-build 
make[1]: Entering directory `/users/start2015/r0575928/Desktop/ddplatforms_2017/package/rsa-project/src/sdk/rsa_design_example/Debug'
a9-linaro-pre-build-step
 
Building file: ../src/hw.c
Invoking: ARM v7 gcc compiler
arm-none-eabi-gcc -Wall -O0 -g3 -c -fmessage-length=0 -MT"src/hw.o" -mcpu=cortex-a9 -mfpu=vfpv3 -mfloat-abi=hard -I../../rsa_design_example_bsp/ps7_cortexa9_0/include -MMD -MP -MF"src/hw.d" -MT"src/hw.o" -o "src/hw.o" "../src/hw.c"
../src/hw.c: In function 'hw_mod_exp':
../src/hw.c:88:68: warning: passing argument 4 of 'hw_montgomery_multiply' from incompatible pointer type
  hw_montgomery_multiply(A, (unsigned int *)One, (unsigned int *)n, res, 16);
                                                                    ^
In file included from ../src/hw.c:1:0:
../src/hw.h:10:6: note: expected 'unsigned int *' but argument is of type 'uint32_t *'
 void hw_montgomery_multiply(unsigned int *a, unsigned int  *b, unsigned int  *n, unsigned int  *res, unsigned int  size);
      ^
../src/hw.c:51:11: warning: variable 'debug_exp' set but not used [-Wunused-but-set-variable]
  uint32_t debug_exp[16];
           ^
Finished building: ../src/hw.c
 
Building target: rsa_design_example.elf
Invoking: ARM v7 gcc linker
arm-none-eabi-gcc -mcpu=cortex-a9 -mfpu=vfpv3 -mfloat-abi=hard -Wl,-build-id=none -specs=Xilinx.spec -Wl,-T -Wl,../src/lscript.ld -L../../rsa_design_example_bsp/ps7_cortexa9_0/lib -o "rsa_design_example.elf"  ./src/platform/platform.o  ./src/asm_add.o ./src/asm_func.o ./src/hw.o ./src/inner_loop.o ./src/inner_loop2.o ./src/inner_loop3.o ./src/interface.o ./src/main.o ./src/sw.o ./src/testvector.o   -Wl,--start-group,-lxil,-lgcc,-lc,--end-group
Finished building target: rsa_design_example.elf
 
Invoking: ARM v7 Print Size
arm-none-eabi-size rsa_design_example.elf  |tee "rsa_design_example.elf.size"
   text	   data	    bss	    dec	    hex	filename
  84308	   5800	  23612	 113720	  1bc38	rsa_design_example.elf
Finished building: rsa_design_example.elf.size
 
make[1]: Leaving directory `/users/start2015/r0575928/Desktop/ddplatforms_2017/package/rsa-project/src/sdk/rsa_design_example/Debug'
01:01:36 **** Auto Build of configuration Debug for project rsa_design_example ****
make pre-build main-build 
make[1]: Entering directory `/users/start2015/r0575928/Desktop/ddplatforms_2017/package/rsa-project/src/sdk/rsa_design_example/Debug'
a9-linaro-pre-build-step
 
Building file: ../src/hw.c
Invoking: ARM v7 gcc compiler
arm-none-eabi-gcc -Wall -O0 -g3 -c -fmessage-length=0 -MT"src/hw.o" -mcpu=cortex-a9 -mfpu=vfpv3 -mfloat-abi=hard -I../../rsa_design_example_bsp/ps7_cortexa9_0/include -MMD -MP -MF"src/hw.d" -MT"src/hw.o" -o "src/hw.o" "../src/hw.c"
../src/hw.c: In function 'hw_mod_exp':
../src/hw.c:78:51: warning: passing argument 4 of 'hw_montgomery_multiply' from incompatible pointer type
   hw_montgomery_multiply(A, A, (unsigned int *)n, atest, 16);
                                                   ^
In file included from ../src/hw.c:1:0:
../src/hw.h:10:6: note: expected 'unsigned int *' but argument is of type 'uint32_t *'
 void hw_montgomery_multiply(unsigned int *a, unsigned int  *b, unsigned int  *n, unsigned int  *res, unsigned int  size);
      ^
../src/hw.c:91:68: warning: passing argument 4 of 'hw_montgomery_multiply' from incompatible pointer type
  hw_montgomery_multiply(A, (unsigned int *)One, (unsigned int *)n, res, 16);
                                                                    ^
In file included from ../src/hw.c:1:0:
../src/hw.h:10:6: note: expected 'unsigned int *' but argument is of type 'uint32_t *'
 void hw_montgomery_multiply(unsigned int *a, unsigned int  *b, unsigned int  *n, unsigned int  *res, unsigned int  size);
      ^
../src/hw.c:51:11: warning: variable 'debug_exp' set but not used [-Wunused-but-set-variable]
  uint32_t debug_exp[16];
           ^
Finished building: ../src/hw.c
 
Building target: rsa_design_example.elf
Invoking: ARM v7 gcc linker
arm-none-eabi-gcc -mcpu=cortex-a9 -mfpu=vfpv3 -mfloat-abi=hard -Wl,-build-id=none -specs=Xilinx.spec -Wl,-T -Wl,../src/lscript.ld -L../../rsa_design_example_bsp/ps7_cortexa9_0/lib -o "rsa_design_example.elf"  ./src/platform/platform.o  ./src/asm_add.o ./src/asm_func.o ./src/hw.o ./src/inner_loop.o ./src/inner_loop2.o ./src/inner_loop3.o ./src/interface.o ./src/main.o ./src/sw.o ./src/testvector.o   -Wl,--start-group,-lxil,-lgcc,-lc,--end-group
Finished building target: rsa_design_example.elf
 
Invoking: ARM v7 Print Size
arm-none-eabi-size rsa_design_example.elf  |tee "rsa_design_example.elf.size"
   text	   data	    bss	    dec	    hex	filename
  84372	   5800	  23612	 113784	  1bc78	rsa_design_example.elf
Finished building: rsa_design_example.elf.size
 
make[1]: Leaving directory `/users/start2015/r0575928/Desktop/ddplatforms_2017/package/rsa-project/src/sdk/rsa_design_example/Debug'
01:02:00 **** Auto Build of configuration Debug for project rsa_design_example ****
make pre-build main-build 
make[1]: Entering directory `/users/start2015/r0575928/Desktop/ddplatforms_2017/package/rsa-project/src/sdk/rsa_design_example/Debug'
a9-linaro-pre-build-step
 
Building file: ../src/hw.c
Invoking: ARM v7 gcc compiler
arm-none-eabi-gcc -Wall -O0 -g3 -c -fmessage-length=0 -MT"src/hw.o" -mcpu=cortex-a9 -mfpu=vfpv3 -mfloat-abi=hard -I../../rsa_design_example_bsp/ps7_cortexa9_0/include -MMD -MP -MF"src/hw.d" -MT"src/hw.o" -o "src/hw.o" "../src/hw.c"
../src/hw.c: In function 'hw_mod_exp':
../src/hw.c:91:68: warning: passing argument 4 of 'hw_montgomery_multiply' from incompatible pointer type
  hw_montgomery_multiply(A, (unsigned int *)One, (unsigned int *)n, res, 16);
                                                                    ^
In file included from ../src/hw.c:1:0:
../src/hw.h:10:6: note: expected 'unsigned int *' but argument is of type 'uint32_t *'
 void hw_montgomery_multiply(unsigned int *a, unsigned int  *b, unsigned int  *n, unsigned int  *res, unsigned int  size);
      ^
../src/hw.c:51:11: warning: variable 'debug_exp' set but not used [-Wunused-but-set-variable]
  uint32_t debug_exp[16];
           ^
Finished building: ../src/hw.c
 
Building target: rsa_design_example.elf
Invoking: ARM v7 gcc linker
arm-none-eabi-gcc -mcpu=cortex-a9 -mfpu=vfpv3 -mfloat-abi=hard -Wl,-build-id=none -specs=Xilinx.spec -Wl,-T -Wl,../src/lscript.ld -L../../rsa_design_example_bsp/ps7_cortexa9_0/lib -o "rsa_design_example.elf"  ./src/platform/platform.o  ./src/asm_add.o ./src/asm_func.o ./src/hw.o ./src/inner_loop.o ./src/inner_loop2.o ./src/inner_loop3.o ./src/interface.o ./src/main.o ./src/sw.o ./src/testvector.o   -Wl,--start-group,-lxil,-lgcc,-lc,--end-group
Finished building target: rsa_design_example.elf
 
Invoking: ARM v7 Print Size
arm-none-eabi-size rsa_design_example.elf  |tee "rsa_design_example.elf.size"
   text	   data	    bss	    dec	    hex	filename
  84372	   5800	  23612	 113784	  1bc78	rsa_design_example.elf
Finished building: rsa_design_example.elf.size
 
make[1]: Leaving directory `/users/start2015/r0575928/Desktop/ddplatforms_2017/package/rsa-project/src/sdk/rsa_design_example/Debug'
01:02:10 **** Incremental Build of configuration Debug for project rsa_design_example ****
make pre-build main-build 
make[1]: Entering directory `/users/start2015/r0575928/Desktop/ddplatforms_2017/package/rsa-project/src/sdk/rsa_design_example/Debug'
a9-linaro-pre-build-step
 
make[1]: Nothing to be done for `main-build'.
make[1]: Leaving directory `/users/start2015/r0575928/Desktop/ddplatforms_2017/package/rsa-project/src/sdk/rsa_design_example/Debug'
01:16:52 **** Auto Build of configuration Debug for project rsa_design_example ****
make pre-build main-build 
make[1]: Entering directory `/users/start2015/r0575928/Desktop/ddplatforms_2017/package/rsa-project/src/sdk/rsa_design_example/Debug'
a9-linaro-pre-build-step
 
Building file: ../src/main.c
Invoking: ARM v7 gcc compiler
arm-none-eabi-gcc -Wall -O0 -g3 -c -fmessage-length=0 -MT"src/main.o" -mcpu=cortex-a9 -mfpu=vfpv3 -mfloat-abi=hard -I../../rsa_design_example_bsp/ps7_cortexa9_0/include -MMD -MP -MF"src/main.d" -MT"src/main.o" -o "src/main.o" "../src/main.c"
../src/main.c: In function 'main':
../src/main.c:134:5: warning: format '%u' expects argument of type 'unsigned int', but argument 2 has type 'uint32_t' [-Wformat=]
     STOP_TIMING
     ^
../src/main.c:134:5: warning: format '%u' expects argument of type 'unsigned int', but argument 2 has type 'uint32_t' [-Wformat=]
../src/main.c:145:15: warning: unused variable 'src' [-Wunused-variable]
  unsigned int src[DMA_TRANSFER_NUMBER_OF_WORDS]={
               ^
../src/main.c:105:9: warning: unused variable 'i' [-Wunused-variable]
     int i;
         ^
Finished building: ../src/main.c
 
Building target: rsa_design_example.elf
Invoking: ARM v7 gcc linker
arm-none-eabi-gcc -mcpu=cortex-a9 -mfpu=vfpv3 -mfloat-abi=hard -Wl,-build-id=none -specs=Xilinx.spec -Wl,-T -Wl,../src/lscript.ld -L../../rsa_design_example_bsp/ps7_cortexa9_0/lib -o "rsa_design_example.elf"  ./src/platform/platform.o  ./src/asm_add.o ./src/asm_func.o ./src/hw.o ./src/inner_loop.o ./src/inner_loop2.o ./src/inner_loop3.o ./src/interface.o ./src/main.o ./src/sw.o ./src/testvector.o   -Wl,--start-group,-lxil,-lgcc,-lc,--end-group
Finished building target: rsa_design_example.elf
 
Invoking: ARM v7 Print Size
arm-none-eabi-size rsa_design_example.elf  |tee "rsa_design_example.elf.size"
   text	   data	    bss	    dec	    hex	filename
  84372	   5800	  23612	 113784	  1bc78	rsa_design_example.elf
Finished building: rsa_design_example.elf.size
 
make[1]: Leaving directory `/users/start2015/r0575928/Desktop/ddplatforms_2017/package/rsa-project/src/sdk/rsa_design_example/Debug'
01:18:28 **** Auto Build of configuration Debug for project rsa_design_example ****
make pre-build main-build 
make[1]: Entering directory `/users/start2015/r0575928/Desktop/ddplatforms_2017/package/rsa-project/src/sdk/rsa_design_example/Debug'
a9-linaro-pre-build-step
 
Building file: ../src/main.c
Invoking: ARM v7 gcc compiler
arm-none-eabi-gcc -Wall -O0 -g3 -c -fmessage-length=0 -MT"src/main.o" -mcpu=cortex-a9 -mfpu=vfpv3 -mfloat-abi=hard -I../../rsa_design_example_bsp/ps7_cortexa9_0/include -MMD -MP -MF"src/main.d" -MT"src/main.o" -o "src/main.o" "../src/main.c"
../src/main.c: In function 'main':
../src/main.c:134:5: warning: format '%u' expects argument of type 'unsigned int', but argument 2 has type 'uint32_t' [-Wformat=]
     STOP_TIMING
     ^
../src/main.c:134:5: warning: format '%u' expects argument of type 'unsigned int', but argument 2 has type 'uint32_t' [-Wformat=]
../src/main.c:145:15: warning: unused variable 'src' [-Wunused-variable]
  unsigned int src[DMA_TRANSFER_NUMBER_OF_WORDS]={
               ^
../src/main.c:105:9: warning: unused variable 'i' [-Wunused-variable]
     int i;
         ^
../src/main.c: At top level:
../src/main.c:260:1: error: expected identifier or '(' before '}' token
 }
 ^
make[1]: *** [src/main.o] Error 1
make[1]: Leaving directory `/users/start2015/r0575928/Desktop/ddplatforms_2017/package/rsa-project/src/sdk/rsa_design_example/Debug'
01:18:43 **** Auto Build of configuration Debug for project rsa_design_example ****
make pre-build main-build 
make[1]: Entering directory `/users/start2015/r0575928/Desktop/ddplatforms_2017/package/rsa-project/src/sdk/rsa_design_example/Debug'
a9-linaro-pre-build-step
 
Building file: ../src/main.c
Invoking: ARM v7 gcc compiler
arm-none-eabi-gcc -Wall -O0 -g3 -c -fmessage-length=0 -MT"src/main.o" -mcpu=cortex-a9 -mfpu=vfpv3 -mfloat-abi=hard -I../../rsa_design_example_bsp/ps7_cortexa9_0/include -MMD -MP -MF"src/main.d" -MT"src/main.o" -o "src/main.o" "../src/main.c"
../src/main.c: In function 'main':
../src/main.c:134:5: warning: format '%u' expects argument of type 'unsigned int', but argument 2 has type 'uint32_t' [-Wformat=]
     STOP_TIMING
     ^
../src/main.c:134:5: warning: format '%u' expects argument of type 'unsigned int', but argument 2 has type 'uint32_t' [-Wformat=]
../src/main.c:145:15: warning: unused variable 'src' [-Wunused-variable]
  unsigned int src[DMA_TRANSFER_NUMBER_OF_WORDS]={
               ^
../src/main.c:105:9: warning: unused variable 'i' [-Wunused-variable]
     int i;
         ^
Finished building: ../src/main.c
 
Building target: rsa_design_example.elf
Invoking: ARM v7 gcc linker
arm-none-eabi-gcc -mcpu=cortex-a9 -mfpu=vfpv3 -mfloat-abi=hard -Wl,-build-id=none -specs=Xilinx.spec -Wl,-T -Wl,../src/lscript.ld -L../../rsa_design_example_bsp/ps7_cortexa9_0/lib -o "rsa_design_example.elf"  ./src/platform/platform.o  ./src/asm_add.o ./src/asm_func.o ./src/hw.o ./src/inner_loop.o ./src/inner_loop2.o ./src/inner_loop3.o ./src/interface.o ./src/main.o ./src/sw.o ./src/testvector.o   -Wl,--start-group,-lxil,-lgcc,-lc,--end-group
Finished building target: rsa_design_example.elf
 
Invoking: ARM v7 Print Size
arm-none-eabi-size rsa_design_example.elf  |tee "rsa_design_example.elf.size"
   text	   data	    bss	    dec	    hex	filename
  84436	   5800	  23612	 113848	  1bcb8	rsa_design_example.elf
Finished building: rsa_design_example.elf.size
 
make[1]: Leaving directory `/users/start2015/r0575928/Desktop/ddplatforms_2017/package/rsa-project/src/sdk/rsa_design_example/Debug'
01:18:57 **** Auto Build of configuration Debug for project rsa_design_example ****
make pre-build main-build 
make[1]: Entering directory `/users/start2015/r0575928/Desktop/ddplatforms_2017/package/rsa-project/src/sdk/rsa_design_example/Debug'
a9-linaro-pre-build-step
 
Building file: ../src/main.c
Invoking: ARM v7 gcc compiler
arm-none-eabi-gcc -Wall -O0 -g3 -c -fmessage-length=0 -MT"src/main.o" -mcpu=cortex-a9 -mfpu=vfpv3 -mfloat-abi=hard -I../../rsa_design_example_bsp/ps7_cortexa9_0/include -MMD -MP -MF"src/main.d" -MT"src/main.o" -o "src/main.o" "../src/main.c"
../src/main.c: In function 'main':
../src/main.c:134:5: warning: format '%u' expects argument of type 'unsigned int', but argument 2 has type 'uint32_t' [-Wformat=]
     STOP_TIMING
     ^
../src/main.c:134:5: warning: format '%u' expects argument of type 'unsigned int', but argument 2 has type 'uint32_t' [-Wformat=]
../src/main.c:145:15: warning: unused variable 'src' [-Wunused-variable]
  unsigned int src[DMA_TRANSFER_NUMBER_OF_WORDS]={
               ^
../src/main.c:105:9: warning: unused variable 'i' [-Wunused-variable]
     int i;
         ^
Finished building: ../src/main.c
 
Building target: rsa_design_example.elf
Invoking: ARM v7 gcc linker
arm-none-eabi-gcc -mcpu=cortex-a9 -mfpu=vfpv3 -mfloat-abi=hard -Wl,-build-id=none -specs=Xilinx.spec -Wl,-T -Wl,../src/lscript.ld -L../../rsa_design_example_bsp/ps7_cortexa9_0/lib -o "rsa_design_example.elf"  ./src/platform/platform.o  ./src/asm_add.o ./src/asm_func.o ./src/hw.o ./src/inner_loop.o ./src/inner_loop2.o ./src/inner_loop3.o ./src/interface.o ./src/main.o ./src/sw.o ./src/testvector.o   -Wl,--start-group,-lxil,-lgcc,-lc,--end-group
Finished building target: rsa_design_example.elf
 
Invoking: ARM v7 Print Size
arm-none-eabi-size rsa_design_example.elf  |tee "rsa_design_example.elf.size"
   text	   data	    bss	    dec	    hex	filename
  84436	   5800	  23612	 113848	  1bcb8	rsa_design_example.elf
Finished building: rsa_design_example.elf.size
 
make[1]: Leaving directory `/users/start2015/r0575928/Desktop/ddplatforms_2017/package/rsa-project/src/sdk/rsa_design_example/Debug'
01:19:05 **** Incremental Build of configuration Debug for project rsa_design_example ****
make pre-build main-build 
make[1]: Entering directory `/users/start2015/r0575928/Desktop/ddplatforms_2017/package/rsa-project/src/sdk/rsa_design_example/Debug'
a9-linaro-pre-build-step
 
make[1]: Nothing to be done for `main-build'.
make[1]: Leaving directory `/users/start2015/r0575928/Desktop/ddplatforms_2017/package/rsa-project/src/sdk/rsa_design_example/Debug'
01:21:27 **** Auto Build of configuration Debug for project rsa_design_example ****
make pre-build main-build 
make[1]: Entering directory `/users/start2015/r0575928/Desktop/ddplatforms_2017/package/rsa-project/src/sdk/rsa_design_example/Debug'
a9-linaro-pre-build-step
 
Building file: ../src/main.c
Invoking: ARM v7 gcc compiler
arm-none-eabi-gcc -Wall -O0 -g3 -c -fmessage-length=0 -MT"src/main.o" -mcpu=cortex-a9 -mfpu=vfpv3 -mfloat-abi=hard -I../../rsa_design_example_bsp/ps7_cortexa9_0/include -MMD -MP -MF"src/main.d" -MT"src/main.o" -o "src/main.o" "../src/main.c"
../src/main.c: In function 'main':
../src/main.c:134:5: warning: format '%u' expects argument of type 'unsigned int', but argument 2 has type 'uint32_t' [-Wformat=]
     STOP_TIMING
     ^
../src/main.c:134:5: warning: format '%u' expects argument of type 'unsigned int', but argument 2 has type 'uint32_t' [-Wformat=]
../src/main.c:145:15: warning: unused variable 'src' [-Wunused-variable]
  unsigned int src[DMA_TRANSFER_NUMBER_OF_WORDS]={
               ^
../src/main.c:105:9: warning: unused variable 'i' [-Wunused-variable]
     int i;
         ^
Finished building: ../src/main.c
 
Building target: rsa_design_example.elf
Invoking: ARM v7 gcc linker
arm-none-eabi-gcc -mcpu=cortex-a9 -mfpu=vfpv3 -mfloat-abi=hard -Wl,-build-id=none -specs=Xilinx.spec -Wl,-T -Wl,../src/lscript.ld -L../../rsa_design_example_bsp/ps7_cortexa9_0/lib -o "rsa_design_example.elf"  ./src/platform/platform.o  ./src/asm_add.o ./src/asm_func.o ./src/hw.o ./src/inner_loop.o ./src/inner_loop2.o ./src/inner_loop3.o ./src/interface.o ./src/main.o ./src/sw.o ./src/testvector.o   -Wl,--start-group,-lxil,-lgcc,-lc,--end-group
Finished building target: rsa_design_example.elf
 
Invoking: ARM v7 Print Size
arm-none-eabi-size rsa_design_example.elf  |tee "rsa_design_example.elf.size"
   text	   data	    bss	    dec	    hex	filename
  84308	   5800	  23612	 113720	  1bc38	rsa_design_example.elf
Finished building: rsa_design_example.elf.size
 
make[1]: Leaving directory `/users/start2015/r0575928/Desktop/ddplatforms_2017/package/rsa-project/src/sdk/rsa_design_example/Debug'
01:22:04 **** Auto Build of configuration Debug for project rsa_design_example ****
make pre-build main-build 
make[1]: Entering directory `/users/start2015/r0575928/Desktop/ddplatforms_2017/package/rsa-project/src/sdk/rsa_design_example/Debug'
a9-linaro-pre-build-step
 
Building file: ../src/main.c
Invoking: ARM v7 gcc compiler
arm-none-eabi-gcc -Wall -O0 -g3 -c -fmessage-length=0 -MT"src/main.o" -mcpu=cortex-a9 -mfpu=vfpv3 -mfloat-abi=hard -I../../rsa_design_example_bsp/ps7_cortexa9_0/include -MMD -MP -MF"src/main.d" -MT"src/main.o" -o "src/main.o" "../src/main.c"
../src/main.c: In function 'main':
../src/main.c:134:5: warning: format '%u' expects argument of type 'unsigned int', but argument 2 has type 'uint32_t' [-Wformat=]
     STOP_TIMING
     ^
../src/main.c:134:5: warning: format '%u' expects argument of type 'unsigned int', but argument 2 has type 'uint32_t' [-Wformat=]
../src/main.c:145:15: warning: unused variable 'src' [-Wunused-variable]
  unsigned int src[DMA_TRANSFER_NUMBER_OF_WORDS]={
               ^
../src/main.c:105:9: warning: unused variable 'i' [-Wunused-variable]
     int i;
         ^
Finished building: ../src/main.c
 
Building target: rsa_design_example.elf
Invoking: ARM v7 gcc linker
arm-none-eabi-gcc -mcpu=cortex-a9 -mfpu=vfpv3 -mfloat-abi=hard -Wl,-build-id=none -specs=Xilinx.spec -Wl,-T -Wl,../src/lscript.ld -L../../rsa_design_example_bsp/ps7_cortexa9_0/lib -o "rsa_design_example.elf"  ./src/platform/platform.o  ./src/asm_add.o ./src/asm_func.o ./src/hw.o ./src/inner_loop.o ./src/inner_loop2.o ./src/inner_loop3.o ./src/interface.o ./src/main.o ./src/sw.o ./src/testvector.o   -Wl,--start-group,-lxil,-lgcc,-lc,--end-group
Finished building target: rsa_design_example.elf
 
Invoking: ARM v7 Print Size
arm-none-eabi-size rsa_design_example.elf  |tee "rsa_design_example.elf.size"
   text	   data	    bss	    dec	    hex	filename
  84308	   5800	  23612	 113720	  1bc38	rsa_design_example.elf
Finished building: rsa_design_example.elf.size
 
make[1]: Leaving directory `/users/start2015/r0575928/Desktop/ddplatforms_2017/package/rsa-project/src/sdk/rsa_design_example/Debug'
01:22:08 **** Incremental Build of configuration Debug for project rsa_design_example ****
make pre-build main-build 
make[1]: Entering directory `/users/start2015/r0575928/Desktop/ddplatforms_2017/package/rsa-project/src/sdk/rsa_design_example/Debug'
a9-linaro-pre-build-step
 
make[1]: Nothing to be done for `main-build'.
make[1]: Leaving directory `/users/start2015/r0575928/Desktop/ddplatforms_2017/package/rsa-project/src/sdk/rsa_design_example/Debug'
01:29:11 **** Incremental Build of configuration Debug for project rsa_design_example ****
make pre-build main-build 
make[1]: Entering directory `/users/start2015/r0575928/Desktop/ddplatforms_2017/package/rsa-project/src/sdk/rsa_design_example/Debug'
a9-linaro-pre-build-step
 
make[1]: Nothing to be done for `main-build'.
make[1]: Leaving directory `/users/start2015/r0575928/Desktop/ddplatforms_2017/package/rsa-project/src/sdk/rsa_design_example/Debug'
01:52:00 **** Incremental Build of configuration Debug for project rsa_design_example ****
make pre-build main-build 
make[1]: Entering directory `/users/start2015/r0575928/Desktop/ddplatforms_2017/package/rsa-project/src/sdk/rsa_design_example/Debug'
a9-linaro-pre-build-step
 
make[1]: Nothing to be done for `main-build'.
make[1]: Leaving directory `/users/start2015/r0575928/Desktop/ddplatforms_2017/package/rsa-project/src/sdk/rsa_design_example/Debug'
03:21:17 **** Auto Build of configuration Debug for project rsa_design_example ****
make pre-build main-build 
make[1]: Entering directory `/users/start2015/r0575928/Desktop/ddplatforms_2017/package/rsa-project/src/sdk/rsa_design_example/Debug'
a9-linaro-pre-build-step
 
Building file: ../src/main.c
Invoking: ARM v7 gcc compiler
arm-none-eabi-gcc -Wall -O0 -g3 -c -fmessage-length=0 -MT"src/main.o" -mcpu=cortex-a9 -mfpu=vfpv3 -mfloat-abi=hard -I../../rsa_design_example_bsp/ps7_cortexa9_0/include -MMD -MP -MF"src/main.d" -MT"src/main.o" -o "src/main.o" "../src/main.c"
../src/main.c: In function 'main':
../src/main.c:134:5: warning: format '%u' expects argument of type 'unsigned int', but argument 2 has type 'uint32_t' [-Wformat=]
make[1]: Leaving directory `/users/start2015/r0575928/Desktop/ddplatforms_2017/package/rsa-project/src/sdk/rsa_design_example/Debug'
     STOP_TIMING
     ^
../src/main.c:134:5: warning: format '%u' expects argument of type 'unsigned int', but argument 2 has type 'uint32_t' [-Wformat=]
../src/main.c:145:15: warning: unused variable 'src' [-Wunused-variable]
  unsigned int src[DMA_TRANSFER_NUMBER_OF_WORDS]={
               ^
../src/main.c:105:9: warning: unused variable 'i' [-Wunused-variable]
     int i;
         ^
../src/main.c: In function 'test_mp_add':
../src/main.c:226:9: error: 'a32' undeclared (first use in this function)
  mp_add(a32, b32, result, 32);
         ^
../src/main.c:226:9: note: each undeclared identifier is reported only once for each function it appears in
../src/main.c:226:14: error: 'b32' undeclared (first use in this function)
  mp_add(a32, b32, result, 32);
              ^
../src/main.c: In function 'test_mp_sub':
../src/main.c:230:9: error: 'a32' undeclared (first use in this function)
  mp_sub(a32, b32, result, 32);
         ^
../src/main.c:230:14: error: 'b32' undeclared (first use in this function)
  mp_sub(a32, b32, result, 32);
              ^
../src/main.c: In function 'test_mod_add':
../src/main.c:234:10: error: 'a32' undeclared (first use in this function)
  mod_add(a32, b32, N32, result, 32);
          ^
../src/main.c:234:15: error: 'b32' undeclared (first use in this function)
  mod_add(a32, b32, N32, result, 32);
               ^
../src/main.c:234:20: error: 'N32' undeclared (first use in this function)
  mod_add(a32, b32, N32, result, 32);
                    ^
../src/main.c: In function 'test_mont_mult':
../src/main.c:239:22: error: 'a' undeclared (first use in this function)
  montgomery_multiply(a, b, n, n0, result, 32);
                      ^
../src/main.c:239:25: error: 'b' undeclared (first use in this function)
  montgomery_multiply(a, b, n, n0, result, 32);
                         ^
../src/main.c:239:28: error: 'n' undeclared (first use in this function)
  montgomery_multiply(a, b, n, n0, result, 32);
                            ^
../src/main.c:239:31: error: 'n0' undeclared (first use in this function)
  montgomery_multiply(a, b, n, n0, result, 32);
                               ^
../src/main.c: In function 'test_hw_mont_mult':
../src/main.c:254:41: error: 'B16' undeclared (first use in this function)
  hw_montgomery_multiply((unsigned int*) B16, (unsigned int*) B16, (unsigned int*) M16, (unsigned int*) result, 16);
                                         ^
../src/main.c:254:83: error: 'M16' undeclared (first use in this function)
  hw_montgomery_multiply((unsigned int*) B16, (unsigned int*) B16, (unsigned int*) M16, (unsigned int*) result, 16);
                                                                                   ^
../src/main.c: In function 'test_hw_mont_exp':
../src/main.c:258:13: error: 'Ct_p' undeclared (first use in this function)
  hw_mod_exp(Ct_p,d_p, d_p_len, p, Rp, R2p, result);
             ^
../src/main.c: In function 'test_hw_mont_decrypt':
../src/main.c:267:16: error: 'Ciphertext' undeclared (first use in this function)
  reduce_cipher(Ciphertext, Cp, Cq);
                ^
make[1]: *** [src/main.o] Error 1
03:22:59 **** Auto Build of configuration Debug for project rsa_design_example ****
make pre-build main-build 
make[1]: Entering directory `/users/start2015/r0575928/Desktop/ddplatforms_2017/package/rsa-project/src/sdk/rsa_design_example/Debug'
a9-linaro-pre-build-step
 
Building file: ../src/main.c
Invoking: ARM v7 gcc compiler
arm-none-eabi-gcc -Wall -O0 -g3 -c -fmessage-length=0 -MT"src/main.o" -mcpu=cortex-a9 -mfpu=vfpv3 -mfloat-abi=hard -I../../rsa_design_example_bsp/ps7_cortexa9_0/include -MMD -MP -MF"src/main.d" -MT"src/main.o" -o "src/main.o" "../src/main.c"
../src/main.c: In function 'main':
../src/main.c:135:5: warning: format '%u' expects argument of type 'unsigned int', but argument 2 has type 'uint32_t' [-Wformat=]
     STOP_TIMING
     ^
../src/main.c:135:5: warning: format '%u' expects argument of type 'unsigned int', but argument 2 has type 'uint32_t' [-Wformat=]
../src/main.c:146:15: warning: unused variable 'src' [-Wunused-variable]
make[1]: Leaving directory `/users/start2015/r0575928/Desktop/ddplatforms_2017/package/rsa-project/src/sdk/rsa_design_example/Debug'
  unsigned int src[DMA_TRANSFER_NUMBER_OF_WORDS]={
               ^
../src/main.c:105:9: warning: unused variable 'i' [-Wunused-variable]
     int i;
         ^
../src/main.c: In function 'test_hw_mont_mult':
../src/main.c:255:41: error: 'B16' undeclared (first use in this function)
  hw_montgomery_multiply((unsigned int*) B16, (unsigned int*) B16, (unsigned int*) M16, (unsigned int*) result, 16);
                                         ^
../src/main.c:255:41: note: each undeclared identifier is reported only once for each function it appears in
../src/main.c:255:83: error: 'M16' undeclared (first use in this function)
  hw_montgomery_multiply((unsigned int*) B16, (unsigned int*) B16, (unsigned int*) M16, (unsigned int*) result, 16);
                                                                                   ^
../src/main.c: In function 'test_hw_mont_exp':
../src/main.c:259:13: error: 'Ct_p' undeclared (first use in this function)
  hw_mod_exp(Ct_p,d_p, d_p_len, p, Rp, R2p, result);
             ^
../src/main.c: In function 'test_hw_mont_decrypt':
../src/main.c:268:16: error: 'Ciphertext' undeclared (first use in this function)
  reduce_cipher(Ciphertext, Cp, Cq);
                ^
make[1]: *** [src/main.o] Error 1
03:23:53 **** Auto Build of configuration Debug for project rsa_design_example ****
make pre-build main-build 
make[1]: Entering directory `/users/start2015/r0575928/Desktop/ddplatforms_2017/package/rsa-project/src/sdk/rsa_design_example/Debug'
a9-linaro-pre-build-step
 
Building file: ../src/main.c
Invoking: ARM v7 gcc compiler
arm-none-eabi-gcc -Wall -O0 -g3 -c -fmessage-length=0 -MT"src/main.o" -mcpu=cortex-a9 -mfpu=vfpv3 -mfloat-abi=hard -I../../rsa_design_example_bsp/ps7_cortexa9_0/include -MMD -MP -MF"src/main.d" -MT"src/main.o" -o "src/main.o" "../src/main.c"
../src/main.c: In function 'main':
../src/main.c:135:5: warning: format '%u' expects argument of type 'unsigned int', but argument 2 has type 'uint32_t' [-Wformat=]
     STOP_TIMING
     ^
../src/main.c:135:5: warning: format '%u' expects argument of type 'unsigned int', but argument 2 has type 'uint32_t' [-Wformat=]
../src/main.c:146:15: warning: unused variable 'src' [-Wunused-variable]
  unsigned int src[DMA_TRANSFER_NUMBER_OF_WORDS]={
               ^
../src/main.c:105:9: warning: unused variable 'i' [-Wunused-variable]
     int i;
         ^
../src/main.c: In function 'test_hw_mont_mult':
../src/main.c:255:41: error: 'B16' undeclared (first use in this function)
  hw_montgomery_multiply((unsigned int*) B16, (unsigned int*) B16, (unsigned int*) M16, (unsigned int*) result, 16);
                                         ^
../src/main.c:255:41: note: each undeclared identifier is reported only once for each function it appears in
../src/main.c:255:83: error: 'M16' undeclared (first use in this function)
  hw_montgomery_multiply((unsigned int*) B16, (unsigned int*) B16, (unsigned int*) M16, (unsigned int*) result, 16);
                                                                                   ^
../src/main.c: In function 'test_hw_mont_exp':
../src/main.c:259:13: error: 'Ct_p' undeclared (first use in this function)
  hw_mod_exp(Ct_p,d_p, d_p_len, p, Rp, R2p, result);
             ^
../src/main.c: In function 'test_hw_mont_decrypt':
../src/main.c:268:16: warning: passing argument 1 of 'reduce_cipher' from incompatible pointer type
  reduce_cipher(result, Cp, Cq);
                ^
In file included from ../src/main.c:12:0:
../src/hw.h:14:6: note: expected 'unsigned int *' but argument is of type 'uint32_t *'
 void reduce_cipher(unsigned int *cipher, unsigned int *Cp, unsigned int *Cq);
      ^
make[1]: *** [src/main.o] Error 1
make[1]: Leaving directory `/users/start2015/r0575928/Desktop/ddplatforms_2017/package/rsa-project/src/sdk/rsa_design_example/Debug'
03:24:19 **** Auto Build of configuration Debug for project rsa_design_example ****
make pre-build main-build 
make[1]: Entering directory `/users/start2015/r0575928/Desktop/ddplatforms_2017/package/rsa-project/src/sdk/rsa_design_example/Debug'
a9-linaro-pre-build-step
 
Building file: ../src/main.c
Invoking: ARM v7 gcc compiler
arm-none-eabi-gcc -Wall -O0 -g3 -c -fmessage-length=0 -MT"src/main.o" -mcpu=cortex-a9 -mfpu=vfpv3 -mfloat-abi=hard -I../../rsa_design_example_bsp/ps7_cortexa9_0/include -MMD -MP -MF"src/main.d" -MT"src/main.o" -o "src/main.o" "../src/main.c"
../src/main.c: In function 'main':
../src/main.c:135:5: warning: format '%u' expects argument of type 'unsigned int', but argument 2 has type 'uint32_t' [-Wformat=]
     STOP_TIMING
     ^
../src/main.c:135:5: warning: format '%u' expects argument of type 'unsigned int', but argument 2 has type 'uint32_t' [-Wformat=]
../src/main.c:146:15: warning: unused variable 'src' [-Wunused-variable]
  unsigned int src[DMA_TRANSFER_NUMBER_OF_WORDS]={
               ^
../src/main.c:105:9: warning: unused variable 'i' [-Wunused-variable]
     int i;
         ^
../src/main.c: In function 'test_hw_mont_mult':
../src/main.c:255:41: error: 'B16' undeclared (first use in this function)
  hw_montgomery_multiply((unsigned int*) B16, (unsigned int*) B16, (unsigned int*) M16, (unsigned int*) result, 16);
                                         ^
../src/main.c:255:41: note: each undeclared identifier is reported only once for each function it appears in
../src/main.c:255:83: error: 'M16' undeclared (first use in this function)
make[1]: Leaving directory `/users/start2015/r0575928/Desktop/ddplatforms_2017/package/rsa-project/src/sdk/rsa_design_example/Debug'
  hw_montgomery_multiply((unsigned int*) B16, (unsigned int*) B16, (unsigned int*) M16, (unsigned int*) result, 16);
                                                                                   ^
../src/main.c: In function 'test_hw_mont_exp':
../src/main.c:259:13: error: 'Ct_p' undeclared (first use in this function)
  hw_mod_exp(Ct_p,d_p, d_p_len, p, Rp, R2p, result);
             ^
make[1]: *** [src/main.o] Error 1
03:24:32 **** Auto Build of configuration Debug for project rsa_design_example ****
make pre-build main-build 
make[1]: Entering directory `/users/start2015/r0575928/Desktop/ddplatforms_2017/package/rsa-project/src/sdk/rsa_design_example/Debug'
a9-linaro-pre-build-step
 
Building file: ../src/main.c
Invoking: ARM v7 gcc compiler
arm-none-eabi-gcc -Wall -O0 -g3 -c -fmessage-length=0 -MT"src/main.o" -mcpu=cortex-a9 -mfpu=vfpv3 -mfloat-abi=hard -I../../rsa_design_example_bsp/ps7_cortexa9_0/include -MMD -MP -MF"src/main.d" -MT"src/main.o" -o "src/main.o" "../src/main.c"
../src/main.c: In function 'main':
../src/main.c:135:5: warning: format '%u' expects argument of type 'unsigned int', but argument 2 has type 'uint32_t' [-Wformat=]
     STOP_TIMING
     ^
../src/main.c:135:5: warning: format '%u' expects argument of type 'unsigned int', but argument 2 has type 'uint32_t' [-Wformat=]
../src/main.c:146:15: warning: unused variable 'src' [-Wunused-variable]
  unsigned int src[DMA_TRANSFER_NUMBER_OF_WORDS]={
               ^
../src/main.c:105:9: warning: unused variable 'i' [-Wunused-variable]
     int i;
         ^
Finished building: ../src/main.c
 
Building target: rsa_design_example.elf
Invoking: ARM v7 gcc linker
arm-none-eabi-gcc -mcpu=cortex-a9 -mfpu=vfpv3 -mfloat-abi=hard -Wl,-build-id=none -specs=Xilinx.spec -Wl,-T -Wl,../src/lscript.ld -L../../rsa_design_example_bsp/ps7_cortexa9_0/lib -o "rsa_design_example.elf"  ./src/platform/platform.o  ./src/asm_add.o ./src/asm_func.o ./src/hw.o ./src/inner_loop.o ./src/inner_loop2.o ./src/inner_loop3.o ./src/interface.o ./src/main.o ./src/sw.o ./src/testvector.o   -Wl,--start-group,-lxil,-lgcc,-lc,--end-group
./src/main.o: In function `main':
/users/start2015/r0575928/Desktop/ddplatforms_2017/package/rsa-project/src/sdk/rsa_design_example/Debug/../src/main.c:129: undefined reference to `test_hw_mont_exp'
make[1]: Leaving directory `/users/start2015/r0575928/Desktop/ddplatforms_2017/package/rsa-project/src/sdk/rsa_design_example/Debug'
collect2: error: ld returned 1 exit status
make[1]: *** [rsa_design_example.elf] Error 1
03:25:07 **** Incremental Build of configuration Debug for project rsa_design_example ****
make pre-build main-build 
make[1]: Entering directory `/users/start2015/r0575928/Desktop/ddplatforms_2017/package/rsa-project/src/sdk/rsa_design_example/Debug'
a9-linaro-pre-build-step
 
Building target: rsa_design_example.elf
Invoking: ARM v7 gcc linker
arm-none-eabi-gcc -mcpu=cortex-a9 -mfpu=vfpv3 -mfloat-abi=hard -Wl,-build-id=none -specs=Xilinx.spec -Wl,-T -Wl,../src/lscript.ld -L../../rsa_design_example_bsp/ps7_cortexa9_0/lib -o "rsa_design_example.elf"  ./src/platform/platform.o  ./src/asm_add.o ./src/asm_func.o ./src/hw.o ./src/inner_loop.o ./src/inner_loop2.o ./src/inner_loop3.o ./src/interface.o ./src/main.o ./src/sw.o ./src/testvector.o   -Wl,--start-group,-lxil,-lgcc,-lc,--end-group
./src/main.o: In function `main':
/users/start2015/r0575928/Desktop/ddplatforms_2017/package/rsa-project/src/sdk/rsa_design_example/Debug/../src/main.c:129: undefined reference to `test_hw_mont_exp'
make[1]: Leaving directory `/users/start2015/r0575928/Desktop/ddplatforms_2017/package/rsa-project/src/sdk/rsa_design_example/Debug'
collect2: error: ld returned 1 exit status
make[1]: *** [rsa_design_example.elf] Error 1
03:26:00 **** Auto Build of configuration Debug for project rsa_design_example ****
make pre-build main-build 
make[1]: Entering directory `/users/start2015/r0575928/Desktop/ddplatforms_2017/package/rsa-project/src/sdk/rsa_design_example/Debug'
a9-linaro-pre-build-step
 
Building file: ../src/main.c
Invoking: ARM v7 gcc compiler
arm-none-eabi-gcc -Wall -O0 -g3 -c -fmessage-length=0 -MT"src/main.o" -mcpu=cortex-a9 -mfpu=vfpv3 -mfloat-abi=hard -I../../rsa_design_example_bsp/ps7_cortexa9_0/include -MMD -MP -MF"src/main.d" -MT"src/main.o" -o "src/main.o" "../src/main.c"
../src/main.c: In function 'main':
../src/main.c:135:5: warning: format '%u' expects argument of type 'unsigned int', but argument 2 has type 'uint32_t' [-Wformat=]
     STOP_TIMING
     ^
../src/main.c:135:5: warning: format '%u' expects argument of type 'unsigned int', but argument 2 has type 'uint32_t' [-Wformat=]
../src/main.c:146:15: warning: unused variable 'src' [-Wunused-variable]
  unsigned int src[DMA_TRANSFER_NUMBER_OF_WORDS]={
               ^
../src/main.c:105:9: warning: unused variable 'i' [-Wunused-variable]
     int i;
         ^
Finished building: ../src/main.c
 
Building target: rsa_design_example.elf
Invoking: ARM v7 gcc linker
arm-none-eabi-gcc -mcpu=cortex-a9 -mfpu=vfpv3 -mfloat-abi=hard -Wl,-build-id=none -specs=Xilinx.spec -Wl,-T -Wl,../src/lscript.ld -L../../rsa_design_example_bsp/ps7_cortexa9_0/lib -o "rsa_design_example.elf"  ./src/platform/platform.o  ./src/asm_add.o ./src/asm_func.o ./src/hw.o ./src/inner_loop.o ./src/inner_loop2.o ./src/inner_loop3.o ./src/interface.o ./src/main.o ./src/sw.o ./src/testvector.o   -Wl,--start-group,-lxil,-lgcc,-lc,--end-group
Finished building target: rsa_design_example.elf
 
Invoking: ARM v7 Print Size
arm-none-eabi-size rsa_design_example.elf  |tee "rsa_design_example.elf.size"
   text	   data	    bss	    dec	    hex	filename
  83924	   4264	  23484	 111672	  1b438	rsa_design_example.elf
Finished building: rsa_design_example.elf.size
 
make[1]: Leaving directory `/users/start2015/r0575928/Desktop/ddplatforms_2017/package/rsa-project/src/sdk/rsa_design_example/Debug'
03:26:03 **** Incremental Build of configuration Debug for project rsa_design_example ****
make pre-build main-build 
make[1]: Entering directory `/users/start2015/r0575928/Desktop/ddplatforms_2017/package/rsa-project/src/sdk/rsa_design_example/Debug'
a9-linaro-pre-build-step
 
make[1]: Nothing to be done for `main-build'.
make[1]: Leaving directory `/users/start2015/r0575928/Desktop/ddplatforms_2017/package/rsa-project/src/sdk/rsa_design_example/Debug'
14:15:09 **** Incremental Build of configuration Debug for project rsa_design_example ****
make pre-build main-build 
make[1]: Entering directory `/users/start2015/r0575928/Desktop/ddplatforms_2017/package/rsa-project/src/sdk/rsa_design_example/Debug'
a9-linaro-pre-build-step
 
Building file: ../src/testvector.c
Invoking: ARM v7 gcc compiler
arm-none-eabi-gcc -Wall -O0 -g3 -c -fmessage-length=0 -MT"src/testvector.o" -mcpu=cortex-a9 -mfpu=vfpv3 -mfloat-abi=hard -I../../rsa_design_example_bsp/ps7_cortexa9_0/include -MMD -MP -MF"src/testvector.d" -MT"src/testvector.o" -o "src/testvector.o" "../src/testvector.c"
Finished building: ../src/testvector.c
 
Building target: rsa_design_example.elf
Invoking: ARM v7 gcc linker
arm-none-eabi-gcc -mcpu=cortex-a9 -mfpu=vfpv3 -mfloat-abi=hard -Wl,-build-id=none -specs=Xilinx.spec -Wl,-T -Wl,../src/lscript.ld -L../../rsa_design_example_bsp/ps7_cortexa9_0/lib -o "rsa_design_example.elf"  ./src/platform/platform.o  ./src/asm_add.o ./src/asm_func.o ./src/hw.o ./src/inner_loop.o ./src/inner_loop2.o ./src/inner_loop3.o ./src/interface.o ./src/main.o ./src/sw.o ./src/testvector.o   -Wl,--start-group,-lxil,-lgcc,-lc,--end-group
Finished building target: rsa_design_example.elf
 
Invoking: ARM v7 Print Size
arm-none-eabi-size rsa_design_example.elf  |tee "rsa_design_example.elf.size"
   text	   data	    bss	    dec	    hex	filename
  83924	   4264	  23484	 111672	  1b438	rsa_design_example.elf
Finished building: rsa_design_example.elf.size
 
make[1]: Leaving directory `/users/start2015/r0575928/Desktop/ddplatforms_2017/package/rsa-project/src/sdk/rsa_design_example/Debug'
14:33:11 **** Incremental Build of configuration Debug for project rsa_design_example ****
make pre-build main-build 
make[1]: Entering directory `/users/start2015/r0575928/Desktop/ddplatforms_2017/package/rsa-project/src/sdk/rsa_design_example/Debug'
a9-linaro-pre-build-step
 
make[1]: Nothing to be done for `main-build'.
make[1]: Leaving directory `/users/start2015/r0575928/Desktop/ddplatforms_2017/package/rsa-project/src/sdk/rsa_design_example/Debug'
15:18:33 **** Incremental Build of configuration Debug for project rsa_design_example ****
make pre-build main-build 
make[1]: Entering directory `/users/start2015/r0575928/Desktop/ddplatforms_2017/package/rsa-project/src/sdk/rsa_design_example/Debug'
a9-linaro-pre-build-step
 
make[1]: Nothing to be done for `main-build'.
make[1]: Leaving directory `/users/start2015/r0575928/Desktop/ddplatforms_2017/package/rsa-project/src/sdk/rsa_design_example/Debug'
