# JRE version: Java(TM) SE Runtime Environment (8.0_66-b17) (build 1.8.0_66-b17)
# Java VM: Java HotSpot(TM) 64-Bit Server VM (25.66-b17 mixed mode linux-amd64 compressed oops)
Heap:
 PSYoungGen      total 31232K, used 19679K [0x00000000f5580000, 0x00000000f7500000, 0x0000000100000000)
  eden space 30208K, 63% used [0x00000000f5580000,0x00000000f6847c10,0x00000000f7300000)
  from space 1024K, 43% used [0x00000000f7300000,0x00000000f7370000,0x00000000f7400000)
  to   space 1024K, 0% used [0x00000000f7400000,0x00000000f7400000,0x00000000f7500000)
 ParOldGen       total 112640K, used 62882K [0x00000000e0000000, 0x00000000e6e00000, 0x00000000f5580000)
  object space 112640K, 55% used [0x00000000e0000000,0x00000000e3d68850,0x00000000e6e00000)
 Metaspace       used 100375K, capacity 107674K, committed 107928K, reserved 1142784K
  class space    used 11698K, capacity 14155K, committed 14240K, reserved 1048576K
GC Heap History (10 events):
Event: 4517.261 GC heap before
{Heap before GC invocations=315 (full 48):
 PSYoungGen      total 31744K, used 30528K [0x00000000f5580000, 0x00000000f7600000, 0x0000000100000000)
  eden space 30208K, 100% used [0x00000000f5580000,0x00000000f7300000,0x00000000f7300000)
  from space 1536K, 20% used [0x00000000f7480000,0x00000000f74d0000,0x00000000f7600000)
  to   space 1536K, 0% used [0x00000000f7300000,0x00000000f7300000,0x00000000f7480000)
 ParOldGen       total 112640K, used 62882K [0x00000000e0000000, 0x00000000e6e00000, 0x00000000f5580000)
  object space 112640K, 55% used [0x00000000e0000000,0x00000000e3d68850,0x00000000e6e00000)
 Metaspace       used 100347K, capacity 107674K, committed 107928K, reserved 1142784K
  class space    used 11697K, capacity 14155K, committed 14240K, reserved 1048576K
Event: 4517.263 GC heap after
Heap after GC invocations=315 (full 48):
 PSYoungGen      total 31744K, used 352K [0x00000000f5580000, 0x00000000f7600000, 0x0000000100000000)
  eden space 30208K, 0% used [0x00000000f5580000,0x00000000f5580000,0x00000000f7300000)
  from space 1536K, 22% used [0x00000000f7300000,0x00000000f7358000,0x00000000f7480000)
  to   space 1536K, 0% used [0x00000000f7480000,0x00000000f7480000,0x00000000f7600000)
 ParOldGen       total 112640K, used 62882K [0x00000000e0000000, 0x00000000e6e00000, 0x00000000f5580000)
  object space 112640K, 55% used [0x00000000e0000000,0x00000000e3d68850,0x00000000e6e00000)
 Metaspace       used 100347K, capacity 107674K, committed 107928K, reserved 1142784K
  class space    used 11697K, capacity 14155K, committed 14240K, reserved 1048576K
}
Event: 4522.418 GC heap before
{Heap before GC invocations=316 (full 48):
 PSYoungGen      total 31744K, used 30560K [0x00000000f5580000, 0x00000000f7600000, 0x0000000100000000)
  eden space 30208K, 100% used [0x00000000f5580000,0x00000000f7300000,0x00000000f7300000)
  from space 1536K, 22% used [0x00000000f7300000,0x00000000f7358000,0x00000000f7480000)
  to   space 1536K, 0% used [0x00000000f7480000,0x00000000f7480000,0x00000000f7600000)
 ParOldGen       total 112640K, used 62882K [0x00000000e0000000, 0x00000000e6e00000, 0x00000000f5580000)
  object space 112640K, 55% used [0x00000000e0000000,0x00000000e3d68850,0x00000000e6e00000)
 Metaspace       used 100347K, capacity 107674K, committed 107928K, reserved 1142784K
  class space    used 11697K, capacity 14155K, committed 14240K, reserved 1048576K
Event: 4522.421 GC heap after
Heap after GC invocations=316 (full 48):
 PSYoungGen      total 30720K, used 320K [0x00000000f5580000, 0x00000000f7500000, 0x0000000100000000)
  eden space 30208K, 0% used [0x00000000f5580000,0x00000000f5580000,0x00000000f7300000)
  from space 512K, 62% used [0x00000000f7480000,0x00000000f74d0000,0x00000000f7500000)
  to   space 1024K, 0% used [0x00000000f7300000,0x00000000f7300000,0x00000000f7400000)
 ParOldGen       total 112640K, used 62882K [0x00000000e0000000, 0x00000000e6e00000, 0x00000000f5580000)
  object space 112640K, 55% used [0x00000000e0000000,0x00000000e3d68850,0x00000000e6e00000)
 Metaspace       used 100347K, capacity 107674K, committed 107928K, reserved 1142784K
  class space    used 11697K, capacity 14155K, committed 14240K, reserved 1048576K
}
Event: 4527.678 GC heap before
{Heap before GC invocations=317 (full 48):
 PSYoungGen      total 30720K, used 30528K [0x00000000f5580000, 0x00000000f7500000, 0x0000000100000000)
  eden space 30208K, 100% used [0x00000000f5580000,0x00000000f7300000,0x00000000f7300000)
  from space 512K, 62% used [0x00000000f7480000,0x00000000f74d0000,0x00000000f7500000)
  to   space 1024K, 0% used [0x00000000f7300000,0x00000000f7300000,0x00000000f7400000)
 ParOldGen       total 112640K, used 62882K [0x00000000e0000000, 0x00000000e6e00000, 0x00000000f5580000)
  object space 112640K, 55% used [0x00000000e0000000,0x00000000e3d68850,0x00000000e6e00000)
 Metaspace       used 100347K, capacity 107674K, committed 107928K, reserved 1142784K
  class space    used 11697K, capacity 14155K, committed 14240K, reserved 1048576K
Event: 4527.681 GC heap after
Heap after GC invocations=317 (full 48):
 PSYoungGen      total 31232K, used 352K [0x00000000f5580000, 0x00000000f7500000, 0x0000000100000000)
  eden space 30208K, 0% used [0x00000000f5580000,0x00000000f5580000,0x00000000f7300000)
  from space 1024K, 34% used [0x00000000f7300000,0x00000000f7358000,0x00000000f7400000)
  to   space 1024K, 0% used [0x00000000f7400000,0x00000000f7400000,0x00000000f7500000)
 ParOldGen       total 112640K, used 62882K [0x00000000e0000000, 0x00000000e6e00000, 0x00000000f5580000)
  object space 112640K, 55% used [0x00000000e0000000,0x00000000e3d68850,0x00000000e6e00000)
 Metaspace       used 100347K, capacity 107674K, committed 107928K, reserved 1142784K
  class space    used 11697K, capacity 14155K, committed 14240K, reserved 1048576K
}
Event: 4533.027 GC heap before
{Heap before GC invocations=318 (full 48):
 PSYoungGen      total 31232K, used 30560K [0x00000000f5580000, 0x00000000f7500000, 0x0000000100000000)
  eden space 30208K, 100% used [0x00000000f5580000,0x00000000f7300000,0x00000000f7300000)
  from space 1024K, 34% used [0x00000000f7300000,0x00000000f7358000,0x00000000f7400000)
  to   space 1024K, 0% used [0x00000000f7400000,0x00000000f7400000,0x00000000f7500000)
 ParOldGen       total 112640K, used 62882K [0x00000000e0000000, 0x00000000e6e00000, 0x00000000f5580000)
  object space 112640K, 55% used [0x00000000e0000000,0x00000000e3d68850,0x00000000e6e00000)
 Metaspace       used 100372K, capacity 107674K, committed 107928K, reserved 1142784K
  class space    used 11698K, capacity 14155K, committed 14240K, reserved 1048576K
Event: 4533.029 GC heap after
Heap after GC invocations=318 (full 48):
 PSYoungGen      total 31232K, used 416K [0x00000000f5580000, 0x00000000f7500000, 0x0000000100000000)
  eden space 30208K, 0% used [0x00000000f5580000,0x00000000f5580000,0x00000000f7300000)
  from space 1024K, 40% used [0x00000000f7400000,0x00000000f7468000,0x00000000f7500000)
  to   space 1024K, 0% used [0x00000000f7300000,0x00000000f7300000,0x00000000f7400000)
 ParOldGen       total 112640K, used 62882K [0x00000000e0000000, 0x00000000e6e00000, 0x00000000f5580000)
  object space 112640K, 55% used [0x00000000e0000000,0x00000000e3d68850,0x00000000e6e00000)
 Metaspace       used 100372K, capacity 107674K, committed 107928K, reserved 1142784K
  class space    used 11698K, capacity 14155K, committed 14240K, reserved 1048576K
}
Event: 4538.288 GC heap before
{Heap before GC invocations=319 (full 48):
 PSYoungGen      total 31232K, used 30624K [0x00000000f5580000, 0x00000000f7500000, 0x0000000100000000)
  eden space 30208K, 100% used [0x00000000f5580000,0x00000000f7300000,0x00000000f7300000)
  from space 1024K, 40% used [0x00000000f7400000,0x00000000f7468000,0x00000000f7500000)
  to   space 1024K, 0% used [0x00000000f7300000,0x00000000f7300000,0x00000000f7400000)
 ParOldGen       total 112640K, used 62882K [0x00000000e0000000, 0x00000000e6e00000, 0x00000000f5580000)
  object space 112640K, 55% used [0x00000000e0000000,0x00000000e3d68850,0x00000000e6e00000)
 Metaspace       used 100372K, capacity 107674K, committed 107928K, reserved 1142784K
  class space    used 11698K, capacity 14155K, committed 14240K, reserved 1048576K
Event: 4538.292 GC heap after
Heap after GC invocations=319 (full 48):
 PSYoungGen      total 31232K, used 448K [0x00000000f5580000, 0x00000000f7500000, 0x0000000100000000)
  eden space 30208K, 0% used [0x00000000f5580000,0x00000000f5580000,0x00000000f7300000)
  from space 1024K, 43% used [0x00000000f7300000,0x00000000f7370000,0x00000000f7400000)
  to   space 1024K, 0% used [0x00000000f7400000,0x00000000f7400000,0x00000000f7500000)
 ParOldGen       total 112640K, used 62882K [0x00000000e0000000, 0x00000000e6e00000, 0x00000000f5580000)
  object space 112640K, 55% used [0x00000000e0000000,0x00000000e3d68850,0x00000000e6e00000)
 Metaspace       used 100372K, capacity 107674K, committed 107928K, reserved 1142784K
  class space    used 11698K, capacity 14155K, committed 14240K, reserved 1048576K
}

